[2019-03-09T20:46:34,690][INFO ][o.e.n.Node               ] [] initializing ...
[2019-03-09T20:46:34,819][INFO ][o.e.e.NodeEnvironment    ] [KeetUvx] using [1] data paths, mounts [[/ (/dev/disk1)]], net usable_space [25gb], net total_space [464.7gb], types [hfs]
[2019-03-09T20:46:34,820][INFO ][o.e.e.NodeEnvironment    ] [KeetUvx] heap size [990.7mb], compressed ordinary object pointers [true]
[2019-03-09T20:46:34,823][INFO ][o.e.n.Node               ] node name [KeetUvx] derived from node ID [KeetUvxFRi6QZl44iXtS9A]; set [node.name] to override
[2019-03-09T20:46:34,823][INFO ][o.e.n.Node               ] version[6.2.4], pid[41194], build[ccec39f/2018-04-12T20:37:28.497551Z], OS[Mac OS X/10.12.6/x86_64], JVM["Oracle Corporation"/Java HotSpot(TM) 64-Bit Server VM/10.0.1/10.0.1+10]
[2019-03-09T20:46:34,823][INFO ][o.e.n.Node               ] JVM arguments [-Xms1g, -Xmx1g, -XX:+UseConcMarkSweepGC, -XX:CMSInitiatingOccupancyFraction=75, -XX:+UseCMSInitiatingOccupancyOnly, -XX:+AlwaysPreTouch, -Xss1m, -Djava.awt.headless=true, -Dfile.encoding=UTF-8, -Djna.nosys=true, -XX:-OmitStackTraceInFastThrow, -Dio.netty.noUnsafe=true, -Dio.netty.noKeySetOptimization=true, -Dio.netty.recycler.maxCapacityPerThread=0, -Dlog4j.shutdownHookEnabled=false, -Dlog4j2.disable.jmx=true, -Djava.io.tmpdir=/var/folders/wr/kktx6bm16jj_qrr05rvw0byr0000gn/T/elasticsearch.ToohXuV2, -XX:+HeapDumpOnOutOfMemoryError, -Xlog:gc*,gc+age=trace,safepoint:file=logs/gc.log:utctime,pid,tags:filecount=32,filesize=64m, -Djava.locale.providers=COMPAT, -Des.path.home=/Users/walid.daboubi/LEA/Tornado3/tornado_data/elasticsearch-6.2.4, -Des.path.conf=/Users/walid.daboubi/LEA/Tornado3/tornado_data/elasticsearch-6.2.4/config]
[2019-03-09T20:46:35,936][INFO ][o.e.p.PluginsService     ] [KeetUvx] loaded module [aggs-matrix-stats]
[2019-03-09T20:46:35,936][INFO ][o.e.p.PluginsService     ] [KeetUvx] loaded module [analysis-common]
[2019-03-09T20:46:35,936][INFO ][o.e.p.PluginsService     ] [KeetUvx] loaded module [ingest-common]
[2019-03-09T20:46:35,936][INFO ][o.e.p.PluginsService     ] [KeetUvx] loaded module [lang-expression]
[2019-03-09T20:46:35,936][INFO ][o.e.p.PluginsService     ] [KeetUvx] loaded module [lang-mustache]
[2019-03-09T20:46:35,936][INFO ][o.e.p.PluginsService     ] [KeetUvx] loaded module [lang-painless]
[2019-03-09T20:46:35,937][INFO ][o.e.p.PluginsService     ] [KeetUvx] loaded module [mapper-extras]
[2019-03-09T20:46:35,937][INFO ][o.e.p.PluginsService     ] [KeetUvx] loaded module [parent-join]
[2019-03-09T20:46:35,937][INFO ][o.e.p.PluginsService     ] [KeetUvx] loaded module [percolator]
[2019-03-09T20:46:35,937][INFO ][o.e.p.PluginsService     ] [KeetUvx] loaded module [rank-eval]
[2019-03-09T20:46:35,937][INFO ][o.e.p.PluginsService     ] [KeetUvx] loaded module [reindex]
[2019-03-09T20:46:35,937][INFO ][o.e.p.PluginsService     ] [KeetUvx] loaded module [repository-url]
[2019-03-09T20:46:35,937][INFO ][o.e.p.PluginsService     ] [KeetUvx] loaded module [transport-netty4]
[2019-03-09T20:46:35,937][INFO ][o.e.p.PluginsService     ] [KeetUvx] loaded module [tribe]
[2019-03-09T20:46:35,938][INFO ][o.e.p.PluginsService     ] [KeetUvx] no plugins loaded
[2019-03-09T20:46:41,494][INFO ][o.e.d.DiscoveryModule    ] [KeetUvx] using discovery type [zen]
[2019-03-09T20:46:43,270][INFO ][o.e.n.Node               ] initialized
[2019-03-09T20:46:43,270][INFO ][o.e.n.Node               ] [KeetUvx] starting ...
[2019-03-09T20:46:48,807][INFO ][o.e.t.TransportService   ] [KeetUvx] publish_address {127.0.0.1:9300}, bound_addresses {[::1]:9300}, {127.0.0.1:9300}
[2019-03-09T20:46:51,934][INFO ][o.e.c.s.MasterService    ] [KeetUvx] zen-disco-elected-as-master ([0] nodes joined), reason: new_master {KeetUvx}{KeetUvxFRi6QZl44iXtS9A}{TIC9JS_sT4Kp2gHvGzY16A}{127.0.0.1}{127.0.0.1:9300}
[2019-03-09T20:46:51,941][INFO ][o.e.c.s.ClusterApplierService] [KeetUvx] new_master {KeetUvx}{KeetUvxFRi6QZl44iXtS9A}{TIC9JS_sT4Kp2gHvGzY16A}{127.0.0.1}{127.0.0.1:9300}, reason: apply cluster state (from master [master {KeetUvx}{KeetUvxFRi6QZl44iXtS9A}{TIC9JS_sT4Kp2gHvGzY16A}{127.0.0.1}{127.0.0.1:9300} committed version [1] source [zen-disco-elected-as-master ([0] nodes joined)]])
[2019-03-09T20:46:51,980][INFO ][o.e.h.n.Netty4HttpServerTransport] [KeetUvx] publish_address {127.0.0.1:9200}, bound_addresses {[::1]:9200}, {127.0.0.1:9200}
[2019-03-09T20:46:51,980][INFO ][o.e.n.Node               ] [KeetUvx] started
[2019-03-09T20:46:52,019][INFO ][o.e.g.GatewayService     ] [KeetUvx] recovered [0] indices into cluster_state
[2019-03-09T20:47:12,553][INFO ][o.e.n.Node               ] [KeetUvx] stopping ...
[2019-03-09T20:47:12,569][INFO ][o.e.n.Node               ] [KeetUvx] stopped
[2019-03-09T20:47:12,570][INFO ][o.e.n.Node               ] [KeetUvx] closing ...
[2019-03-09T20:47:12,582][INFO ][o.e.n.Node               ] [KeetUvx] closed
[2019-03-09T20:51:46,721][ERROR][o.e.b.Bootstrap          ] Exception
java.lang.IllegalStateException: plugins directory [/Users/walid.daboubi/LEA/Tornado4/tornado_data/elasticsearch-6.2.4/plugins] not found
	at org.elasticsearch.bootstrap.Spawner.spawnNativePluginControllers(Spawner.java:67) ~[elasticsearch-6.2.4.jar:6.2.4]
	at org.elasticsearch.bootstrap.Bootstrap.setup(Bootstrap.java:167) ~[elasticsearch-6.2.4.jar:6.2.4]
	at org.elasticsearch.bootstrap.Bootstrap.init(Bootstrap.java:323) [elasticsearch-6.2.4.jar:6.2.4]
	at org.elasticsearch.bootstrap.Elasticsearch.init(Elasticsearch.java:121) [elasticsearch-6.2.4.jar:6.2.4]
	at org.elasticsearch.bootstrap.Elasticsearch.execute(Elasticsearch.java:112) [elasticsearch-6.2.4.jar:6.2.4]
	at org.elasticsearch.cli.EnvironmentAwareCommand.execute(EnvironmentAwareCommand.java:86) [elasticsearch-6.2.4.jar:6.2.4]
	at org.elasticsearch.cli.Command.mainWithoutErrorHandling(Command.java:124) [elasticsearch-cli-6.2.4.jar:6.2.4]
	at org.elasticsearch.cli.Command.main(Command.java:90) [elasticsearch-cli-6.2.4.jar:6.2.4]
	at org.elasticsearch.bootstrap.Elasticsearch.main(Elasticsearch.java:92) [elasticsearch-6.2.4.jar:6.2.4]
	at org.elasticsearch.bootstrap.Elasticsearch.main(Elasticsearch.java:85) [elasticsearch-6.2.4.jar:6.2.4]
[2019-03-09T20:51:46,729][WARN ][o.e.b.ElasticsearchUncaughtExceptionHandler] [] uncaught exception in thread [main]
org.elasticsearch.bootstrap.StartupException: java.lang.IllegalStateException: plugins directory [/Users/walid.daboubi/LEA/Tornado4/tornado_data/elasticsearch-6.2.4/plugins] not found
	at org.elasticsearch.bootstrap.Elasticsearch.init(Elasticsearch.java:125) ~[elasticsearch-6.2.4.jar:6.2.4]
	at org.elasticsearch.bootstrap.Elasticsearch.execute(Elasticsearch.java:112) ~[elasticsearch-6.2.4.jar:6.2.4]
	at org.elasticsearch.cli.EnvironmentAwareCommand.execute(EnvironmentAwareCommand.java:86) ~[elasticsearch-6.2.4.jar:6.2.4]
	at org.elasticsearch.cli.Command.mainWithoutErrorHandling(Command.java:124) ~[elasticsearch-cli-6.2.4.jar:6.2.4]
	at org.elasticsearch.cli.Command.main(Command.java:90) ~[elasticsearch-cli-6.2.4.jar:6.2.4]
	at org.elasticsearch.bootstrap.Elasticsearch.main(Elasticsearch.java:92) ~[elasticsearch-6.2.4.jar:6.2.4]
	at org.elasticsearch.bootstrap.Elasticsearch.main(Elasticsearch.java:85) ~[elasticsearch-6.2.4.jar:6.2.4]
Caused by: java.lang.IllegalStateException: plugins directory [/Users/walid.daboubi/LEA/Tornado4/tornado_data/elasticsearch-6.2.4/plugins] not found
	at org.elasticsearch.bootstrap.Spawner.spawnNativePluginControllers(Spawner.java:67) ~[elasticsearch-6.2.4.jar:6.2.4]
	at org.elasticsearch.bootstrap.Bootstrap.setup(Bootstrap.java:167) ~[elasticsearch-6.2.4.jar:6.2.4]
	at org.elasticsearch.bootstrap.Bootstrap.init(Bootstrap.java:323) ~[elasticsearch-6.2.4.jar:6.2.4]
	at org.elasticsearch.bootstrap.Elasticsearch.init(Elasticsearch.java:121) ~[elasticsearch-6.2.4.jar:6.2.4]
	... 6 more
[2019-03-09T20:52:27,547][ERROR][o.e.b.Bootstrap          ] Exception
java.lang.IllegalStateException: plugins directory [/Users/walid.daboubi/LEA/Tornado4/tornado_data/elasticsearch-6.2.4/plugins] not found
	at org.elasticsearch.bootstrap.Spawner.spawnNativePluginControllers(Spawner.java:67) ~[elasticsearch-6.2.4.jar:6.2.4]
	at org.elasticsearch.bootstrap.Bootstrap.setup(Bootstrap.java:167) ~[elasticsearch-6.2.4.jar:6.2.4]
	at org.elasticsearch.bootstrap.Bootstrap.init(Bootstrap.java:323) [elasticsearch-6.2.4.jar:6.2.4]
	at org.elasticsearch.bootstrap.Elasticsearch.init(Elasticsearch.java:121) [elasticsearch-6.2.4.jar:6.2.4]
	at org.elasticsearch.bootstrap.Elasticsearch.execute(Elasticsearch.java:112) [elasticsearch-6.2.4.jar:6.2.4]
	at org.elasticsearch.cli.EnvironmentAwareCommand.execute(EnvironmentAwareCommand.java:86) [elasticsearch-6.2.4.jar:6.2.4]
	at org.elasticsearch.cli.Command.mainWithoutErrorHandling(Command.java:124) [elasticsearch-cli-6.2.4.jar:6.2.4]
	at org.elasticsearch.cli.Command.main(Command.java:90) [elasticsearch-cli-6.2.4.jar:6.2.4]
	at org.elasticsearch.bootstrap.Elasticsearch.main(Elasticsearch.java:92) [elasticsearch-6.2.4.jar:6.2.4]
	at org.elasticsearch.bootstrap.Elasticsearch.main(Elasticsearch.java:85) [elasticsearch-6.2.4.jar:6.2.4]
[2019-03-09T20:52:27,555][WARN ][o.e.b.ElasticsearchUncaughtExceptionHandler] [] uncaught exception in thread [main]
org.elasticsearch.bootstrap.StartupException: java.lang.IllegalStateException: plugins directory [/Users/walid.daboubi/LEA/Tornado4/tornado_data/elasticsearch-6.2.4/plugins] not found
	at org.elasticsearch.bootstrap.Elasticsearch.init(Elasticsearch.java:125) ~[elasticsearch-6.2.4.jar:6.2.4]
	at org.elasticsearch.bootstrap.Elasticsearch.execute(Elasticsearch.java:112) ~[elasticsearch-6.2.4.jar:6.2.4]
	at org.elasticsearch.cli.EnvironmentAwareCommand.execute(EnvironmentAwareCommand.java:86) ~[elasticsearch-6.2.4.jar:6.2.4]
	at org.elasticsearch.cli.Command.mainWithoutErrorHandling(Command.java:124) ~[elasticsearch-cli-6.2.4.jar:6.2.4]
	at org.elasticsearch.cli.Command.main(Command.java:90) ~[elasticsearch-cli-6.2.4.jar:6.2.4]
	at org.elasticsearch.bootstrap.Elasticsearch.main(Elasticsearch.java:92) ~[elasticsearch-6.2.4.jar:6.2.4]
	at org.elasticsearch.bootstrap.Elasticsearch.main(Elasticsearch.java:85) ~[elasticsearch-6.2.4.jar:6.2.4]
Caused by: java.lang.IllegalStateException: plugins directory [/Users/walid.daboubi/LEA/Tornado4/tornado_data/elasticsearch-6.2.4/plugins] not found
	at org.elasticsearch.bootstrap.Spawner.spawnNativePluginControllers(Spawner.java:67) ~[elasticsearch-6.2.4.jar:6.2.4]
	at org.elasticsearch.bootstrap.Bootstrap.setup(Bootstrap.java:167) ~[elasticsearch-6.2.4.jar:6.2.4]
	at org.elasticsearch.bootstrap.Bootstrap.init(Bootstrap.java:323) ~[elasticsearch-6.2.4.jar:6.2.4]
	at org.elasticsearch.bootstrap.Elasticsearch.init(Elasticsearch.java:121) ~[elasticsearch-6.2.4.jar:6.2.4]
	... 6 more
[2019-03-09T20:53:02,573][ERROR][o.e.b.Bootstrap          ] Exception
java.lang.IllegalStateException: plugins directory [/Users/walid.daboubi/LEA/Tornado4/tornado_data/elasticsearch-6.2.4/plugins] not found
	at org.elasticsearch.bootstrap.Spawner.spawnNativePluginControllers(Spawner.java:67) ~[elasticsearch-6.2.4.jar:6.2.4]
	at org.elasticsearch.bootstrap.Bootstrap.setup(Bootstrap.java:167) ~[elasticsearch-6.2.4.jar:6.2.4]
	at org.elasticsearch.bootstrap.Bootstrap.init(Bootstrap.java:323) [elasticsearch-6.2.4.jar:6.2.4]
	at org.elasticsearch.bootstrap.Elasticsearch.init(Elasticsearch.java:121) [elasticsearch-6.2.4.jar:6.2.4]
	at org.elasticsearch.bootstrap.Elasticsearch.execute(Elasticsearch.java:112) [elasticsearch-6.2.4.jar:6.2.4]
	at org.elasticsearch.cli.EnvironmentAwareCommand.execute(EnvironmentAwareCommand.java:86) [elasticsearch-6.2.4.jar:6.2.4]
	at org.elasticsearch.cli.Command.mainWithoutErrorHandling(Command.java:124) [elasticsearch-cli-6.2.4.jar:6.2.4]
	at org.elasticsearch.cli.Command.main(Command.java:90) [elasticsearch-cli-6.2.4.jar:6.2.4]
	at org.elasticsearch.bootstrap.Elasticsearch.main(Elasticsearch.java:92) [elasticsearch-6.2.4.jar:6.2.4]
	at org.elasticsearch.bootstrap.Elasticsearch.main(Elasticsearch.java:85) [elasticsearch-6.2.4.jar:6.2.4]
[2019-03-09T20:53:02,583][WARN ][o.e.b.ElasticsearchUncaughtExceptionHandler] [] uncaught exception in thread [main]
org.elasticsearch.bootstrap.StartupException: java.lang.IllegalStateException: plugins directory [/Users/walid.daboubi/LEA/Tornado4/tornado_data/elasticsearch-6.2.4/plugins] not found
	at org.elasticsearch.bootstrap.Elasticsearch.init(Elasticsearch.java:125) ~[elasticsearch-6.2.4.jar:6.2.4]
	at org.elasticsearch.bootstrap.Elasticsearch.execute(Elasticsearch.java:112) ~[elasticsearch-6.2.4.jar:6.2.4]
	at org.elasticsearch.cli.EnvironmentAwareCommand.execute(EnvironmentAwareCommand.java:86) ~[elasticsearch-6.2.4.jar:6.2.4]
	at org.elasticsearch.cli.Command.mainWithoutErrorHandling(Command.java:124) ~[elasticsearch-cli-6.2.4.jar:6.2.4]
	at org.elasticsearch.cli.Command.main(Command.java:90) ~[elasticsearch-cli-6.2.4.jar:6.2.4]
	at org.elasticsearch.bootstrap.Elasticsearch.main(Elasticsearch.java:92) ~[elasticsearch-6.2.4.jar:6.2.4]
	at org.elasticsearch.bootstrap.Elasticsearch.main(Elasticsearch.java:85) ~[elasticsearch-6.2.4.jar:6.2.4]
Caused by: java.lang.IllegalStateException: plugins directory [/Users/walid.daboubi/LEA/Tornado4/tornado_data/elasticsearch-6.2.4/plugins] not found
	at org.elasticsearch.bootstrap.Spawner.spawnNativePluginControllers(Spawner.java:67) ~[elasticsearch-6.2.4.jar:6.2.4]
	at org.elasticsearch.bootstrap.Bootstrap.setup(Bootstrap.java:167) ~[elasticsearch-6.2.4.jar:6.2.4]
	at org.elasticsearch.bootstrap.Bootstrap.init(Bootstrap.java:323) ~[elasticsearch-6.2.4.jar:6.2.4]
	at org.elasticsearch.bootstrap.Elasticsearch.init(Elasticsearch.java:121) ~[elasticsearch-6.2.4.jar:6.2.4]
	... 6 more
[2019-03-09T20:53:42,099][ERROR][o.e.b.Bootstrap          ] Exception
java.lang.IllegalStateException: plugins directory [/Users/walid.daboubi/LEA/Tornado4/tornado_data/elasticsearch-6.2.4/plugins] not found
	at org.elasticsearch.bootstrap.Spawner.spawnNativePluginControllers(Spawner.java:67) ~[elasticsearch-6.2.4.jar:6.2.4]
	at org.elasticsearch.bootstrap.Bootstrap.setup(Bootstrap.java:167) ~[elasticsearch-6.2.4.jar:6.2.4]
	at org.elasticsearch.bootstrap.Bootstrap.init(Bootstrap.java:323) [elasticsearch-6.2.4.jar:6.2.4]
	at org.elasticsearch.bootstrap.Elasticsearch.init(Elasticsearch.java:121) [elasticsearch-6.2.4.jar:6.2.4]
	at org.elasticsearch.bootstrap.Elasticsearch.execute(Elasticsearch.java:112) [elasticsearch-6.2.4.jar:6.2.4]
	at org.elasticsearch.cli.EnvironmentAwareCommand.execute(EnvironmentAwareCommand.java:86) [elasticsearch-6.2.4.jar:6.2.4]
	at org.elasticsearch.cli.Command.mainWithoutErrorHandling(Command.java:124) [elasticsearch-cli-6.2.4.jar:6.2.4]
	at org.elasticsearch.cli.Command.main(Command.java:90) [elasticsearch-cli-6.2.4.jar:6.2.4]
	at org.elasticsearch.bootstrap.Elasticsearch.main(Elasticsearch.java:92) [elasticsearch-6.2.4.jar:6.2.4]
	at org.elasticsearch.bootstrap.Elasticsearch.main(Elasticsearch.java:85) [elasticsearch-6.2.4.jar:6.2.4]
[2019-03-09T20:53:42,107][WARN ][o.e.b.ElasticsearchUncaughtExceptionHandler] [] uncaught exception in thread [main]
org.elasticsearch.bootstrap.StartupException: java.lang.IllegalStateException: plugins directory [/Users/walid.daboubi/LEA/Tornado4/tornado_data/elasticsearch-6.2.4/plugins] not found
	at org.elasticsearch.bootstrap.Elasticsearch.init(Elasticsearch.java:125) ~[elasticsearch-6.2.4.jar:6.2.4]
	at org.elasticsearch.bootstrap.Elasticsearch.execute(Elasticsearch.java:112) ~[elasticsearch-6.2.4.jar:6.2.4]
	at org.elasticsearch.cli.EnvironmentAwareCommand.execute(EnvironmentAwareCommand.java:86) ~[elasticsearch-6.2.4.jar:6.2.4]
	at org.elasticsearch.cli.Command.mainWithoutErrorHandling(Command.java:124) ~[elasticsearch-cli-6.2.4.jar:6.2.4]
	at org.elasticsearch.cli.Command.main(Command.java:90) ~[elasticsearch-cli-6.2.4.jar:6.2.4]
	at org.elasticsearch.bootstrap.Elasticsearch.main(Elasticsearch.java:92) ~[elasticsearch-6.2.4.jar:6.2.4]
	at org.elasticsearch.bootstrap.Elasticsearch.main(Elasticsearch.java:85) ~[elasticsearch-6.2.4.jar:6.2.4]
Caused by: java.lang.IllegalStateException: plugins directory [/Users/walid.daboubi/LEA/Tornado4/tornado_data/elasticsearch-6.2.4/plugins] not found
	at org.elasticsearch.bootstrap.Spawner.spawnNativePluginControllers(Spawner.java:67) ~[elasticsearch-6.2.4.jar:6.2.4]
	at org.elasticsearch.bootstrap.Bootstrap.setup(Bootstrap.java:167) ~[elasticsearch-6.2.4.jar:6.2.4]
	at org.elasticsearch.bootstrap.Bootstrap.init(Bootstrap.java:323) ~[elasticsearch-6.2.4.jar:6.2.4]
	at org.elasticsearch.bootstrap.Elasticsearch.init(Elasticsearch.java:121) ~[elasticsearch-6.2.4.jar:6.2.4]
	... 6 more
[2019-03-09T20:55:36,909][ERROR][o.e.b.Bootstrap          ] Exception
java.lang.IllegalStateException: plugins directory [/Users/walid.daboubi/LEA/Tornado4/tornado_data/elasticsearch-6.2.4/plugins] not found
	at org.elasticsearch.bootstrap.Spawner.spawnNativePluginControllers(Spawner.java:67) ~[elasticsearch-6.2.4.jar:6.2.4]
	at org.elasticsearch.bootstrap.Bootstrap.setup(Bootstrap.java:167) ~[elasticsearch-6.2.4.jar:6.2.4]
	at org.elasticsearch.bootstrap.Bootstrap.init(Bootstrap.java:323) [elasticsearch-6.2.4.jar:6.2.4]
	at org.elasticsearch.bootstrap.Elasticsearch.init(Elasticsearch.java:121) [elasticsearch-6.2.4.jar:6.2.4]
	at org.elasticsearch.bootstrap.Elasticsearch.execute(Elasticsearch.java:112) [elasticsearch-6.2.4.jar:6.2.4]
	at org.elasticsearch.cli.EnvironmentAwareCommand.execute(EnvironmentAwareCommand.java:86) [elasticsearch-6.2.4.jar:6.2.4]
	at org.elasticsearch.cli.Command.mainWithoutErrorHandling(Command.java:124) [elasticsearch-cli-6.2.4.jar:6.2.4]
	at org.elasticsearch.cli.Command.main(Command.java:90) [elasticsearch-cli-6.2.4.jar:6.2.4]
	at org.elasticsearch.bootstrap.Elasticsearch.main(Elasticsearch.java:92) [elasticsearch-6.2.4.jar:6.2.4]
	at org.elasticsearch.bootstrap.Elasticsearch.main(Elasticsearch.java:85) [elasticsearch-6.2.4.jar:6.2.4]
[2019-03-09T20:55:36,915][WARN ][o.e.b.ElasticsearchUncaughtExceptionHandler] [] uncaught exception in thread [main]
org.elasticsearch.bootstrap.StartupException: java.lang.IllegalStateException: plugins directory [/Users/walid.daboubi/LEA/Tornado4/tornado_data/elasticsearch-6.2.4/plugins] not found
	at org.elasticsearch.bootstrap.Elasticsearch.init(Elasticsearch.java:125) ~[elasticsearch-6.2.4.jar:6.2.4]
	at org.elasticsearch.bootstrap.Elasticsearch.execute(Elasticsearch.java:112) ~[elasticsearch-6.2.4.jar:6.2.4]
	at org.elasticsearch.cli.EnvironmentAwareCommand.execute(EnvironmentAwareCommand.java:86) ~[elasticsearch-6.2.4.jar:6.2.4]
	at org.elasticsearch.cli.Command.mainWithoutErrorHandling(Command.java:124) ~[elasticsearch-cli-6.2.4.jar:6.2.4]
	at org.elasticsearch.cli.Command.main(Command.java:90) ~[elasticsearch-cli-6.2.4.jar:6.2.4]
	at org.elasticsearch.bootstrap.Elasticsearch.main(Elasticsearch.java:92) ~[elasticsearch-6.2.4.jar:6.2.4]
	at org.elasticsearch.bootstrap.Elasticsearch.main(Elasticsearch.java:85) ~[elasticsearch-6.2.4.jar:6.2.4]
Caused by: java.lang.IllegalStateException: plugins directory [/Users/walid.daboubi/LEA/Tornado4/tornado_data/elasticsearch-6.2.4/plugins] not found
	at org.elasticsearch.bootstrap.Spawner.spawnNativePluginControllers(Spawner.java:67) ~[elasticsearch-6.2.4.jar:6.2.4]
	at org.elasticsearch.bootstrap.Bootstrap.setup(Bootstrap.java:167) ~[elasticsearch-6.2.4.jar:6.2.4]
	at org.elasticsearch.bootstrap.Bootstrap.init(Bootstrap.java:323) ~[elasticsearch-6.2.4.jar:6.2.4]
	at org.elasticsearch.bootstrap.Elasticsearch.init(Elasticsearch.java:121) ~[elasticsearch-6.2.4.jar:6.2.4]
	... 6 more
[2019-03-09T20:56:09,219][INFO ][o.e.n.Node               ] [] initializing ...
[2019-03-09T20:56:09,343][INFO ][o.e.e.NodeEnvironment    ] [KeetUvx] using [1] data paths, mounts [[/ (/dev/disk1)]], net usable_space [23.2gb], net total_space [464.7gb], types [hfs]
[2019-03-09T20:56:09,343][INFO ][o.e.e.NodeEnvironment    ] [KeetUvx] heap size [990.7mb], compressed ordinary object pointers [true]
[2019-03-09T20:56:09,345][INFO ][o.e.n.Node               ] node name [KeetUvx] derived from node ID [KeetUvxFRi6QZl44iXtS9A]; set [node.name] to override
[2019-03-09T20:56:09,346][INFO ][o.e.n.Node               ] version[6.2.4], pid[42849], build[ccec39f/2018-04-12T20:37:28.497551Z], OS[Mac OS X/10.12.6/x86_64], JVM["Oracle Corporation"/Java HotSpot(TM) 64-Bit Server VM/10.0.1/10.0.1+10]
[2019-03-09T20:56:09,346][INFO ][o.e.n.Node               ] JVM arguments [-Xms1g, -Xmx1g, -XX:+UseConcMarkSweepGC, -XX:CMSInitiatingOccupancyFraction=75, -XX:+UseCMSInitiatingOccupancyOnly, -XX:+AlwaysPreTouch, -Xss1m, -Djava.awt.headless=true, -Dfile.encoding=UTF-8, -Djna.nosys=true, -XX:-OmitStackTraceInFastThrow, -Dio.netty.noUnsafe=true, -Dio.netty.noKeySetOptimization=true, -Dio.netty.recycler.maxCapacityPerThread=0, -Dlog4j.shutdownHookEnabled=false, -Dlog4j2.disable.jmx=true, -Djava.io.tmpdir=/var/folders/wr/kktx6bm16jj_qrr05rvw0byr0000gn/T/elasticsearch.J1ymRQdq, -XX:+HeapDumpOnOutOfMemoryError, -Xlog:gc*,gc+age=trace,safepoint:file=logs/gc.log:utctime,pid,tags:filecount=32,filesize=64m, -Djava.locale.providers=COMPAT, -Des.path.home=/Users/walid.daboubi/LEA/Tornado4/tornado_data/elasticsearch-6.2.4, -Des.path.conf=/Users/walid.daboubi/LEA/Tornado4/tornado_data/elasticsearch-6.2.4/config]
[2019-03-09T20:56:10,483][INFO ][o.e.p.PluginsService     ] [KeetUvx] loaded module [aggs-matrix-stats]
[2019-03-09T20:56:10,483][INFO ][o.e.p.PluginsService     ] [KeetUvx] loaded module [analysis-common]
[2019-03-09T20:56:10,484][INFO ][o.e.p.PluginsService     ] [KeetUvx] loaded module [ingest-common]
[2019-03-09T20:56:10,484][INFO ][o.e.p.PluginsService     ] [KeetUvx] loaded module [lang-expression]
[2019-03-09T20:56:10,484][INFO ][o.e.p.PluginsService     ] [KeetUvx] loaded module [lang-mustache]
[2019-03-09T20:56:10,485][INFO ][o.e.p.PluginsService     ] [KeetUvx] loaded module [lang-painless]
[2019-03-09T20:56:10,485][INFO ][o.e.p.PluginsService     ] [KeetUvx] loaded module [mapper-extras]
[2019-03-09T20:56:10,485][INFO ][o.e.p.PluginsService     ] [KeetUvx] loaded module [parent-join]
[2019-03-09T20:56:10,485][INFO ][o.e.p.PluginsService     ] [KeetUvx] loaded module [percolator]
[2019-03-09T20:56:10,485][INFO ][o.e.p.PluginsService     ] [KeetUvx] loaded module [rank-eval]
[2019-03-09T20:56:10,486][INFO ][o.e.p.PluginsService     ] [KeetUvx] loaded module [reindex]
[2019-03-09T20:56:10,486][INFO ][o.e.p.PluginsService     ] [KeetUvx] loaded module [repository-url]
[2019-03-09T20:56:10,486][INFO ][o.e.p.PluginsService     ] [KeetUvx] loaded module [transport-netty4]
[2019-03-09T20:56:10,486][INFO ][o.e.p.PluginsService     ] [KeetUvx] loaded module [tribe]
[2019-03-09T20:56:10,487][INFO ][o.e.p.PluginsService     ] [KeetUvx] no plugins loaded
[2019-03-09T20:56:12,681][INFO ][o.e.d.DiscoveryModule    ] [KeetUvx] using discovery type [zen]
[2019-03-09T20:56:13,106][INFO ][o.e.n.Node               ] initialized
[2019-03-09T20:56:13,107][INFO ][o.e.n.Node               ] [KeetUvx] starting ...
[2019-03-09T20:56:13,260][INFO ][o.e.t.TransportService   ] [KeetUvx] publish_address {127.0.0.1:9300}, bound_addresses {[::1]:9300}, {127.0.0.1:9300}
[2019-03-09T20:56:16,307][INFO ][o.e.c.s.MasterService    ] [KeetUvx] zen-disco-elected-as-master ([0] nodes joined), reason: new_master {KeetUvx}{KeetUvxFRi6QZl44iXtS9A}{ot5l-vqnQbq-53aNdRHEGQ}{127.0.0.1}{127.0.0.1:9300}
[2019-03-09T20:56:16,310][INFO ][o.e.c.s.ClusterApplierService] [KeetUvx] new_master {KeetUvx}{KeetUvxFRi6QZl44iXtS9A}{ot5l-vqnQbq-53aNdRHEGQ}{127.0.0.1}{127.0.0.1:9300}, reason: apply cluster state (from master [master {KeetUvx}{KeetUvxFRi6QZl44iXtS9A}{ot5l-vqnQbq-53aNdRHEGQ}{127.0.0.1}{127.0.0.1:9300} committed version [1] source [zen-disco-elected-as-master ([0] nodes joined)]])
[2019-03-09T20:56:16,326][INFO ][o.e.h.n.Netty4HttpServerTransport] [KeetUvx] publish_address {127.0.0.1:9200}, bound_addresses {[::1]:9200}, {127.0.0.1:9200}
[2019-03-09T20:56:16,326][INFO ][o.e.n.Node               ] [KeetUvx] started
[2019-03-09T20:56:16,363][INFO ][o.e.g.GatewayService     ] [KeetUvx] recovered [0] indices into cluster_state
[2019-03-09T20:56:18,699][INFO ][o.e.n.Node               ] [KeetUvx] stopping ...
[2019-03-09T20:56:18,716][INFO ][o.e.n.Node               ] [KeetUvx] stopped
[2019-03-09T20:56:18,716][INFO ][o.e.n.Node               ] [KeetUvx] closing ...
[2019-03-09T20:56:18,724][INFO ][o.e.n.Node               ] [KeetUvx] closed
