[2018-05-01T11:41:27,468][WARN ][o.e.d.c.ParseField       ] Deprecated field [all_fields] used, replaced by [Set [fields] to `*` instead]
[2018-05-01T11:41:27,504][WARN ][o.e.d.c.ParseField       ] Deprecated field [all_fields] used, replaced by [Set [fields] to `*` instead]
[2018-05-01T11:41:27,537][WARN ][o.e.d.c.ParseField       ] Deprecated field [inline] used, expected [source] instead
[2018-05-01T11:41:27,537][WARN ][o.e.d.c.ParseField       ] Deprecated field [inline] used, expected [source] instead
[2018-05-01T14:04:23,106][WARN ][o.e.d.i.m.UidFieldMapper ] Fielddata access on the _uid field is deprecated, use _id instead
[2018-05-01T14:04:36,413][WARN ][o.e.d.i.m.UidFieldMapper ] Fielddata access on the _uid field is deprecated, use _id instead
[2018-05-01T14:04:38,954][WARN ][o.e.d.a.a.i.t.p.PutIndexTemplateRequest] Deprecated field [template] used, replaced by [index_patterns]
[2018-05-01T14:04:40,339][WARN ][o.e.d.a.a.i.t.p.PutIndexTemplateRequest] Deprecated field [template] used, replaced by [index_patterns]
[2018-05-01T14:04:40,406][WARN ][o.e.d.i.m.UidFieldMapper ] Fielddata access on the _uid field is deprecated, use _id instead
[2018-05-01T14:04:40,406][WARN ][o.e.d.i.m.UidFieldMapper ] Fielddata access on the _uid field is deprecated, use _id instead
[2018-05-01T14:04:40,422][WARN ][o.e.d.a.a.i.t.p.PutIndexTemplateRequest] Deprecated field [template] used, replaced by [index_patterns]
[2018-05-01T14:04:40,458][WARN ][o.e.d.a.a.i.t.p.PutIndexTemplateRequest] Deprecated field [template] used, replaced by [index_patterns]
[2018-05-01T14:04:41,152][WARN ][o.e.d.a.a.i.t.p.PutIndexTemplateRequest] Deprecated field [template] used, replaced by [index_patterns]
[2018-05-01T14:06:46,909][WARN ][o.e.d.c.ParseField       ] Deprecated field [all_fields] used, replaced by [Set [fields] to `*` instead]
[2018-05-01T14:06:46,917][WARN ][o.e.d.c.ParseField       ] Deprecated field [all_fields] used, replaced by [Set [fields] to `*` instead]
[2018-05-01T14:06:46,946][WARN ][o.e.d.c.ParseField       ] Deprecated field [inline] used, expected [source] instead
[2018-05-01T14:06:46,946][WARN ][o.e.d.c.ParseField       ] Deprecated field [inline] used, expected [source] instead
[2018-05-01T14:07:14,211][WARN ][o.e.d.a.a.i.t.p.PutIndexTemplateRequest] Deprecated field [template] used, replaced by [index_patterns]
[2018-05-01T14:08:39,328][WARN ][o.e.d.c.ParseField       ] Deprecated field [all_fields] used, replaced by [Set [fields] to `*` instead]
[2018-05-01T14:08:39,338][WARN ][o.e.d.c.ParseField       ] Deprecated field [inline] used, expected [source] instead
[2018-05-01T14:08:39,379][WARN ][o.e.d.c.ParseField       ] Deprecated field [all_fields] used, replaced by [Set [fields] to `*` instead]
[2018-05-01T14:08:39,386][WARN ][o.e.d.c.ParseField       ] Deprecated field [inline] used, expected [source] instead
[2018-05-01T14:18:33,537][WARN ][o.e.d.c.ParseField       ] Deprecated field [all_fields] used, replaced by [Set [fields] to `*` instead]
[2018-05-01T14:18:33,551][WARN ][o.e.d.c.ParseField       ] Deprecated field [inline] used, expected [source] instead
[2018-05-01T14:18:33,558][WARN ][o.e.d.c.ParseField       ] Deprecated field [all_fields] used, replaced by [Set [fields] to `*` instead]
[2018-05-01T14:18:33,584][WARN ][o.e.d.c.ParseField       ] Deprecated field [inline] used, expected [source] instead
[2018-05-01T15:10:20,491][WARN ][o.e.d.c.ParseField       ] Deprecated field [all_fields] used, replaced by [Set [fields] to `*` instead]
[2018-05-01T15:10:20,499][WARN ][o.e.d.c.ParseField       ] Deprecated field [inline] used, expected [source] instead
[2018-05-01T15:10:20,547][WARN ][o.e.d.c.ParseField       ] Deprecated field [all_fields] used, replaced by [Set [fields] to `*` instead]
[2018-05-01T15:10:20,556][WARN ][o.e.d.c.ParseField       ] Deprecated field [inline] used, expected [source] instead
[2018-05-01T15:19:38,331][WARN ][o.e.d.a.a.i.t.p.PutIndexTemplateRequest] Deprecated field [template] used, replaced by [index_patterns]
[2018-05-01T15:19:48,062][WARN ][o.e.d.a.a.i.t.p.PutIndexTemplateRequest] Deprecated field [template] used, replaced by [index_patterns]
[2018-05-01T15:20:03,298][WARN ][o.e.d.a.a.i.t.p.PutIndexTemplateRequest] Deprecated field [template] used, replaced by [index_patterns]
[2018-05-01T15:20:03,880][WARN ][o.e.d.a.a.i.t.p.PutIndexTemplateRequest] Deprecated field [template] used, replaced by [index_patterns]
[2018-05-01T15:46:05,030][WARN ][o.e.d.i.m.UidFieldMapper ] Fielddata access on the _uid field is deprecated, use _id instead
[2018-05-01T15:46:05,030][WARN ][o.e.d.i.m.UidFieldMapper ] Fielddata access on the _uid field is deprecated, use _id instead
[2018-05-01T15:46:05,073][WARN ][o.e.d.a.a.i.t.p.PutIndexTemplateRequest] Deprecated field [template] used, replaced by [index_patterns]
[2018-05-01T16:03:33,791][WARN ][o.e.d.c.ParseField       ] Deprecated field [all_fields] used, replaced by [Set [fields] to `*` instead]
[2018-05-01T16:03:33,801][WARN ][o.e.d.c.ParseField       ] Deprecated field [inline] used, expected [source] instead
[2018-05-01T16:03:33,805][WARN ][o.e.d.c.ParseField       ] Deprecated field [all_fields] used, replaced by [Set [fields] to `*` instead]
[2018-05-01T16:03:33,833][WARN ][o.e.d.c.ParseField       ] Deprecated field [inline] used, expected [source] instead
[2018-05-01T16:03:37,603][WARN ][o.e.d.c.ParseField       ] Deprecated field [all_fields] used, replaced by [Set [fields] to `*` instead]
[2018-05-01T16:03:37,609][WARN ][o.e.d.c.ParseField       ] Deprecated field [inline] used, expected [source] instead
[2018-05-01T16:03:38,831][WARN ][o.e.d.c.ParseField       ] Deprecated field [all_fields] used, replaced by [Set [fields] to `*` instead]
[2018-05-01T16:03:38,834][WARN ][o.e.d.c.ParseField       ] Deprecated field [inline] used, expected [source] instead
[2018-05-01T16:03:39,759][WARN ][o.e.d.c.ParseField       ] Deprecated field [all_fields] used, replaced by [Set [fields] to `*` instead]
[2018-05-01T16:03:39,762][WARN ][o.e.d.c.ParseField       ] Deprecated field [inline] used, expected [source] instead
[2018-05-01T16:03:40,672][WARN ][o.e.d.c.ParseField       ] Deprecated field [all_fields] used, replaced by [Set [fields] to `*` instead]
[2018-05-01T16:03:40,678][WARN ][o.e.d.c.ParseField       ] Deprecated field [inline] used, expected [source] instead
[2018-05-01T16:04:47,529][WARN ][o.e.d.i.m.UidFieldMapper ] Fielddata access on the _uid field is deprecated, use _id instead
[2018-05-01T16:04:47,529][WARN ][o.e.d.i.m.UidFieldMapper ] Fielddata access on the _uid field is deprecated, use _id instead
[2018-05-01T16:05:45,068][WARN ][o.e.d.i.m.UidFieldMapper ] Fielddata access on the _uid field is deprecated, use _id instead
[2018-05-01T16:05:45,068][WARN ][o.e.d.i.m.UidFieldMapper ] Fielddata access on the _uid field is deprecated, use _id instead
[2018-05-01T16:12:53,026][WARN ][o.e.d.c.ParseField       ] Deprecated field [all_fields] used, replaced by [Set [fields] to `*` instead]
[2018-05-01T16:12:53,031][WARN ][o.e.d.c.ParseField       ] Deprecated field [inline] used, expected [source] instead
[2018-05-01T16:12:53,056][WARN ][o.e.d.c.ParseField       ] Deprecated field [all_fields] used, replaced by [Set [fields] to `*` instead]
[2018-05-01T16:12:53,063][WARN ][o.e.d.c.ParseField       ] Deprecated field [inline] used, expected [source] instead
[2018-05-01T16:40:43,379][WARN ][o.e.d.a.a.i.t.p.PutIndexTemplateRequest] Deprecated field [template] used, replaced by [index_patterns]
[2018-05-01T16:43:27,027][WARN ][o.e.d.i.m.UidFieldMapper ] Fielddata access on the _uid field is deprecated, use _id instead
[2018-05-01T16:43:27,028][WARN ][o.e.d.i.m.UidFieldMapper ] Fielddata access on the _uid field is deprecated, use _id instead
[2018-05-01T16:43:27,064][WARN ][o.e.d.a.a.i.t.p.PutIndexTemplateRequest] Deprecated field [template] used, replaced by [index_patterns]
[2018-05-01T16:45:48,466][WARN ][o.e.d.i.m.UidFieldMapper ] Fielddata access on the _uid field is deprecated, use _id instead
[2018-05-01T16:45:48,467][WARN ][o.e.d.i.m.UidFieldMapper ] Fielddata access on the _uid field is deprecated, use _id instead
[2018-05-01T16:45:48,505][WARN ][o.e.d.a.a.i.t.p.PutIndexTemplateRequest] Deprecated field [template] used, replaced by [index_patterns]
[2018-05-01T17:06:04,697][WARN ][o.e.d.i.m.UidFieldMapper ] Fielddata access on the _uid field is deprecated, use _id instead
[2018-05-01T17:06:04,697][WARN ][o.e.d.i.m.UidFieldMapper ] Fielddata access on the _uid field is deprecated, use _id instead
[2018-05-01T17:06:04,742][WARN ][o.e.d.a.a.i.t.p.PutIndexTemplateRequest] Deprecated field [template] used, replaced by [index_patterns]
[2018-05-01T17:10:35,369][WARN ][o.e.d.i.m.UidFieldMapper ] Fielddata access on the _uid field is deprecated, use _id instead
[2018-05-01T17:10:35,369][WARN ][o.e.d.i.m.UidFieldMapper ] Fielddata access on the _uid field is deprecated, use _id instead
[2018-05-01T17:10:35,391][WARN ][o.e.d.a.a.i.t.p.PutIndexTemplateRequest] Deprecated field [template] used, replaced by [index_patterns]
[2018-05-01T17:11:35,254][WARN ][o.e.d.i.m.UidFieldMapper ] Fielddata access on the _uid field is deprecated, use _id instead
[2018-05-01T17:11:35,254][WARN ][o.e.d.i.m.UidFieldMapper ] Fielddata access on the _uid field is deprecated, use _id instead
[2018-05-01T17:11:35,286][WARN ][o.e.d.a.a.i.t.p.PutIndexTemplateRequest] Deprecated field [template] used, replaced by [index_patterns]
[2018-05-01T17:20:43,992][WARN ][o.e.d.i.m.UidFieldMapper ] Fielddata access on the _uid field is deprecated, use _id instead
[2018-05-01T17:20:47,336][WARN ][o.e.d.a.a.i.t.p.PutIndexTemplateRequest] Deprecated field [template] used, replaced by [index_patterns]
[2018-05-01T17:20:48,647][WARN ][o.e.d.i.m.UidFieldMapper ] Fielddata access on the _uid field is deprecated, use _id instead
[2018-05-01T17:20:48,647][WARN ][o.e.d.i.m.UidFieldMapper ] Fielddata access on the _uid field is deprecated, use _id instead
[2018-05-01T17:20:48,673][WARN ][o.e.d.a.a.i.t.p.PutIndexTemplateRequest] Deprecated field [template] used, replaced by [index_patterns]
[2018-05-01T17:20:48,696][WARN ][o.e.d.a.a.i.t.p.PutIndexTemplateRequest] Deprecated field [template] used, replaced by [index_patterns]
[2018-05-01T17:20:48,736][WARN ][o.e.d.a.a.i.t.p.PutIndexTemplateRequest] Deprecated field [template] used, replaced by [index_patterns]
[2018-05-01T17:20:49,509][WARN ][o.e.d.a.a.i.t.p.PutIndexTemplateRequest] Deprecated field [template] used, replaced by [index_patterns]
[2018-05-01T17:21:31,970][WARN ][o.e.d.a.a.i.t.p.PutIndexTemplateRequest] Deprecated field [template] used, replaced by [index_patterns]
[2018-05-01T17:21:32,137][WARN ][o.e.d.a.a.i.t.p.PutIndexTemplateRequest] Deprecated field [template] used, replaced by [index_patterns]
[2018-05-01T17:30:00,880][WARN ][o.e.d.i.m.UidFieldMapper ] Fielddata access on the _uid field is deprecated, use _id instead
[2018-05-01T17:30:00,880][WARN ][o.e.d.i.m.UidFieldMapper ] Fielddata access on the _uid field is deprecated, use _id instead
[2018-05-01T17:30:10,599][WARN ][o.e.d.a.a.i.t.p.PutIndexTemplateRequest] Deprecated field [template] used, replaced by [index_patterns]
[2018-05-01T17:30:11,769][WARN ][o.e.d.a.a.i.t.p.PutIndexTemplateRequest] Deprecated field [template] used, replaced by [index_patterns]
[2018-05-01T17:30:11,833][WARN ][o.e.d.i.m.UidFieldMapper ] Fielddata access on the _uid field is deprecated, use _id instead
[2018-05-01T17:30:11,833][WARN ][o.e.d.i.m.UidFieldMapper ] Fielddata access on the _uid field is deprecated, use _id instead
[2018-05-01T17:30:11,867][WARN ][o.e.d.a.a.i.t.p.PutIndexTemplateRequest] Deprecated field [template] used, replaced by [index_patterns]
[2018-05-01T17:32:38,813][WARN ][o.e.d.i.m.UidFieldMapper ] Fielddata access on the _uid field is deprecated, use _id instead
[2018-05-01T17:32:38,813][WARN ][o.e.d.i.m.UidFieldMapper ] Fielddata access on the _uid field is deprecated, use _id instead
[2018-05-01T17:32:38,813][WARN ][o.e.d.i.m.UidFieldMapper ] Fielddata access on the _uid field is deprecated, use _id instead
[2018-05-01T17:32:38,854][WARN ][o.e.d.a.a.i.t.p.PutIndexTemplateRequest] Deprecated field [template] used, replaced by [index_patterns]
[2018-05-01T17:37:23,312][WARN ][o.e.d.i.m.UidFieldMapper ] Fielddata access on the _uid field is deprecated, use _id instead
[2018-05-01T17:37:23,312][WARN ][o.e.d.i.m.UidFieldMapper ] Fielddata access on the _uid field is deprecated, use _id instead
[2018-05-01T17:37:23,312][WARN ][o.e.d.i.m.UidFieldMapper ] Fielddata access on the _uid field is deprecated, use _id instead
[2018-05-01T17:37:23,313][WARN ][o.e.d.i.m.UidFieldMapper ] Fielddata access on the _uid field is deprecated, use _id instead
[2018-05-01T17:37:23,332][WARN ][o.e.d.a.a.i.t.p.PutIndexTemplateRequest] Deprecated field [template] used, replaced by [index_patterns]
[2018-05-01T17:39:40,127][WARN ][o.e.d.i.m.UidFieldMapper ] Fielddata access on the _uid field is deprecated, use _id instead
[2018-05-01T17:39:40,127][WARN ][o.e.d.i.m.UidFieldMapper ] Fielddata access on the _uid field is deprecated, use _id instead
[2018-05-01T17:39:40,127][WARN ][o.e.d.i.m.UidFieldMapper ] Fielddata access on the _uid field is deprecated, use _id instead
[2018-05-01T17:39:40,127][WARN ][o.e.d.i.m.UidFieldMapper ] Fielddata access on the _uid field is deprecated, use _id instead
[2018-05-01T17:39:40,155][WARN ][o.e.d.a.a.i.t.p.PutIndexTemplateRequest] Deprecated field [template] used, replaced by [index_patterns]
[2018-05-01T17:42:18,472][WARN ][o.e.d.a.a.i.t.p.PutIndexTemplateRequest] Deprecated field [template] used, replaced by [index_patterns]
[2018-05-01T17:42:50,400][WARN ][o.e.d.a.a.i.t.p.PutIndexTemplateRequest] Deprecated field [template] used, replaced by [index_patterns]
[2018-05-01T17:43:54,372][WARN ][o.e.d.i.m.UidFieldMapper ] Fielddata access on the _uid field is deprecated, use _id instead
[2018-05-01T17:43:54,372][WARN ][o.e.d.i.m.UidFieldMapper ] Fielddata access on the _uid field is deprecated, use _id instead
[2018-05-01T17:43:54,372][WARN ][o.e.d.i.m.UidFieldMapper ] Fielddata access on the _uid field is deprecated, use _id instead
[2018-05-01T17:43:54,372][WARN ][o.e.d.i.m.UidFieldMapper ] Fielddata access on the _uid field is deprecated, use _id instead
[2018-05-01T17:43:54,391][WARN ][o.e.d.a.a.i.t.p.PutIndexTemplateRequest] Deprecated field [template] used, replaced by [index_patterns]
[2018-05-01T18:03:18,251][WARN ][o.e.d.c.ParseField       ] Deprecated field [all_fields] used, replaced by [Set [fields] to `*` instead]
[2018-05-01T18:03:18,282][WARN ][o.e.d.c.ParseField       ] Deprecated field [inline] used, expected [source] instead
[2018-05-01T18:04:43,899][WARN ][o.e.d.i.m.UidFieldMapper ] Fielddata access on the _uid field is deprecated, use _id instead
[2018-05-01T18:04:43,899][WARN ][o.e.d.i.m.UidFieldMapper ] Fielddata access on the _uid field is deprecated, use _id instead
[2018-05-01T18:04:43,899][WARN ][o.e.d.i.m.UidFieldMapper ] Fielddata access on the _uid field is deprecated, use _id instead
[2018-05-01T18:04:43,900][WARN ][o.e.d.i.m.UidFieldMapper ] Fielddata access on the _uid field is deprecated, use _id instead
[2018-05-01T18:04:43,925][WARN ][o.e.d.a.a.i.t.p.PutIndexTemplateRequest] Deprecated field [template] used, replaced by [index_patterns]
[2018-05-01T18:13:50,452][WARN ][o.e.d.i.m.UidFieldMapper ] Fielddata access on the _uid field is deprecated, use _id instead
[2018-05-01T18:13:50,452][WARN ][o.e.d.i.m.UidFieldMapper ] Fielddata access on the _uid field is deprecated, use _id instead
[2018-05-01T18:13:50,453][WARN ][o.e.d.i.m.UidFieldMapper ] Fielddata access on the _uid field is deprecated, use _id instead
[2018-05-01T18:13:50,452][WARN ][o.e.d.i.m.UidFieldMapper ] Fielddata access on the _uid field is deprecated, use _id instead
[2018-05-01T18:13:50,480][WARN ][o.e.d.a.a.i.t.p.PutIndexTemplateRequest] Deprecated field [template] used, replaced by [index_patterns]
[2018-05-01T18:21:36,088][WARN ][o.e.d.a.a.i.t.p.PutIndexTemplateRequest] Deprecated field [template] used, replaced by [index_patterns]
[2018-05-01T18:23:27,319][WARN ][o.e.d.i.m.UidFieldMapper ] Fielddata access on the _uid field is deprecated, use _id instead
[2018-05-01T18:23:27,319][WARN ][o.e.d.i.m.UidFieldMapper ] Fielddata access on the _uid field is deprecated, use _id instead
[2018-05-01T18:23:41,241][WARN ][o.e.d.i.m.UidFieldMapper ] Fielddata access on the _uid field is deprecated, use _id instead
[2018-05-01T18:23:41,241][WARN ][o.e.d.i.m.UidFieldMapper ] Fielddata access on the _uid field is deprecated, use _id instead
[2018-05-01T18:23:48,969][WARN ][o.e.d.a.a.i.t.p.PutIndexTemplateRequest] Deprecated field [template] used, replaced by [index_patterns]
[2018-05-01T18:23:49,948][WARN ][o.e.d.a.a.i.t.p.PutIndexTemplateRequest] Deprecated field [template] used, replaced by [index_patterns]
[2018-05-01T18:23:49,955][WARN ][o.e.d.i.m.UidFieldMapper ] Fielddata access on the _uid field is deprecated, use _id instead
[2018-05-01T18:23:49,956][WARN ][o.e.d.i.m.UidFieldMapper ] Fielddata access on the _uid field is deprecated, use _id instead
[2018-05-01T18:23:50,006][WARN ][o.e.d.a.a.i.t.p.PutIndexTemplateRequest] Deprecated field [template] used, replaced by [index_patterns]
[2018-05-01T18:23:50,009][WARN ][o.e.d.a.a.i.t.p.PutIndexTemplateRequest] Deprecated field [template] used, replaced by [index_patterns]
[2018-05-01T18:23:50,829][WARN ][o.e.d.a.a.i.t.p.PutIndexTemplateRequest] Deprecated field [template] used, replaced by [index_patterns]
[2018-05-01T18:25:14,674][WARN ][o.e.d.a.a.i.t.p.PutIndexTemplateRequest] Deprecated field [template] used, replaced by [index_patterns]
[2018-05-01T18:25:14,867][WARN ][o.e.d.a.a.i.t.p.PutIndexTemplateRequest] Deprecated field [template] used, replaced by [index_patterns]
[2018-05-01T18:25:38,977][WARN ][o.e.d.i.m.UidFieldMapper ] Fielddata access on the _uid field is deprecated, use _id instead
[2018-05-01T18:25:38,977][WARN ][o.e.d.i.m.UidFieldMapper ] Fielddata access on the _uid field is deprecated, use _id instead
[2018-05-01T18:25:38,984][WARN ][o.e.d.i.m.UidFieldMapper ] Fielddata access on the _uid field is deprecated, use _id instead
[2018-05-01T18:25:48,089][WARN ][o.e.d.a.a.i.t.p.PutIndexTemplateRequest] Deprecated field [template] used, replaced by [index_patterns]
[2018-05-01T18:25:48,394][WARN ][o.e.d.i.m.UidFieldMapper ] Fielddata access on the _uid field is deprecated, use _id instead
[2018-05-01T18:25:48,393][WARN ][o.e.d.i.m.UidFieldMapper ] Fielddata access on the _uid field is deprecated, use _id instead
[2018-05-01T18:25:48,394][WARN ][o.e.d.i.m.UidFieldMapper ] Fielddata access on the _uid field is deprecated, use _id instead
[2018-05-01T18:25:48,423][WARN ][o.e.d.a.a.i.t.p.PutIndexTemplateRequest] Deprecated field [template] used, replaced by [index_patterns]
[2018-05-01T18:25:48,453][WARN ][o.e.d.a.a.i.t.p.PutIndexTemplateRequest] Deprecated field [template] used, replaced by [index_patterns]
[2018-05-01T18:36:08,150][WARN ][o.e.d.i.m.UidFieldMapper ] Fielddata access on the _uid field is deprecated, use _id instead
[2018-05-01T18:36:08,150][WARN ][o.e.d.i.m.UidFieldMapper ] Fielddata access on the _uid field is deprecated, use _id instead
[2018-05-01T18:36:19,593][WARN ][o.e.d.a.a.i.t.p.PutIndexTemplateRequest] Deprecated field [template] used, replaced by [index_patterns]
[2018-05-01T18:36:20,957][WARN ][o.e.d.a.a.i.t.p.PutIndexTemplateRequest] Deprecated field [template] used, replaced by [index_patterns]
[2018-05-01T18:36:21,075][WARN ][o.e.d.a.a.i.t.p.PutIndexTemplateRequest] Deprecated field [template] used, replaced by [index_patterns]
[2018-05-01T18:36:21,109][WARN ][o.e.d.i.m.UidFieldMapper ] Fielddata access on the _uid field is deprecated, use _id instead
[2018-05-01T18:36:21,109][WARN ][o.e.d.i.m.UidFieldMapper ] Fielddata access on the _uid field is deprecated, use _id instead
[2018-05-01T18:36:21,111][WARN ][o.e.d.i.m.UidFieldMapper ] Fielddata access on the _uid field is deprecated, use _id instead
[2018-05-01T18:36:21,181][WARN ][o.e.d.a.a.i.t.p.PutIndexTemplateRequest] Deprecated field [template] used, replaced by [index_patterns]
[2018-05-01T18:36:21,841][WARN ][o.e.d.a.a.i.t.p.PutIndexTemplateRequest] Deprecated field [template] used, replaced by [index_patterns]
[2018-05-01T18:41:59,602][WARN ][o.e.d.a.a.i.t.p.PutIndexTemplateRequest] Deprecated field [template] used, replaced by [index_patterns]
[2018-05-01T18:48:13,596][WARN ][o.e.d.a.a.i.t.p.PutIndexTemplateRequest] Deprecated field [template] used, replaced by [index_patterns]
[2018-05-01T18:50:02,559][WARN ][o.e.d.a.a.i.t.p.PutIndexTemplateRequest] Deprecated field [template] used, replaced by [index_patterns]
[2018-05-01T18:57:18,834][WARN ][o.e.d.a.a.i.t.p.PutIndexTemplateRequest] Deprecated field [template] used, replaced by [index_patterns]
[2018-05-01T19:02:10,090][WARN ][o.e.d.a.a.i.t.p.PutIndexTemplateRequest] Deprecated field [template] used, replaced by [index_patterns]
[2018-05-01T19:02:41,371][WARN ][o.e.d.a.a.i.t.p.PutIndexTemplateRequest] Deprecated field [template] used, replaced by [index_patterns]
[2018-05-01T19:03:48,372][WARN ][o.e.d.a.a.i.t.p.PutIndexTemplateRequest] Deprecated field [template] used, replaced by [index_patterns]
[2018-05-02T09:45:27,196][WARN ][o.e.d.a.a.i.t.p.PutIndexTemplateRequest] Deprecated field [template] used, replaced by [index_patterns]
[2018-05-03T09:45:14,653][WARN ][o.e.d.a.a.i.t.p.PutIndexTemplateRequest] Deprecated field [template] used, replaced by [index_patterns]
[2018-05-03T09:45:44,630][WARN ][o.e.d.c.ParseField       ] Deprecated field [all_fields] used, replaced by [Set [fields] to `*` instead]
[2018-05-03T09:45:44,657][WARN ][o.e.d.c.ParseField       ] Deprecated field [all_fields] used, replaced by [Set [fields] to `*` instead]
[2018-05-03T09:45:44,690][WARN ][o.e.d.c.ParseField       ] Deprecated field [inline] used, expected [source] instead
[2018-05-03T09:45:44,690][WARN ][o.e.d.c.ParseField       ] Deprecated field [inline] used, expected [source] instead
[2018-05-03T09:55:21,365][WARN ][o.e.d.a.a.i.t.p.PutIndexTemplateRequest] Deprecated field [template] used, replaced by [index_patterns]
[2018-05-03T09:57:50,819][WARN ][o.e.d.a.a.i.t.p.PutIndexTemplateRequest] Deprecated field [template] used, replaced by [index_patterns]
[2018-05-03T09:58:24,609][WARN ][o.e.d.a.a.i.t.p.PutIndexTemplateRequest] Deprecated field [template] used, replaced by [index_patterns]
[2018-05-03T10:00:39,776][WARN ][o.e.d.s.a.InternalOrder$Parser] Deprecated aggregation order key [_term] used, replaced by [_key]
[2018-05-03T10:00:44,940][WARN ][o.e.d.s.a.InternalOrder$Parser] Deprecated aggregation order key [_term] used, replaced by [_key]
[2018-05-03T10:00:50,137][WARN ][o.e.d.s.a.InternalOrder$Parser] Deprecated aggregation order key [_term] used, replaced by [_key]
[2018-05-03T10:03:33,969][WARN ][o.e.d.s.a.InternalOrder$Parser] Deprecated aggregation order key [_term] used, replaced by [_key]
[2018-05-03T10:03:39,112][WARN ][o.e.d.s.a.InternalOrder$Parser] Deprecated aggregation order key [_term] used, replaced by [_key]
[2018-05-03T10:03:44,279][WARN ][o.e.d.s.a.InternalOrder$Parser] Deprecated aggregation order key [_term] used, replaced by [_key]
[2018-05-03T10:03:49,432][WARN ][o.e.d.s.a.InternalOrder$Parser] Deprecated aggregation order key [_term] used, replaced by [_key]
[2018-05-03T10:03:51,253][WARN ][o.e.d.s.a.InternalOrder$Parser] Deprecated aggregation order key [_term] used, replaced by [_key]
[2018-05-03T10:03:56,405][WARN ][o.e.d.s.a.InternalOrder$Parser] Deprecated aggregation order key [_term] used, replaced by [_key]
[2018-05-03T10:04:01,561][WARN ][o.e.d.s.a.InternalOrder$Parser] Deprecated aggregation order key [_term] used, replaced by [_key]
[2018-05-03T10:04:06,753][WARN ][o.e.d.s.a.InternalOrder$Parser] Deprecated aggregation order key [_term] used, replaced by [_key]
[2018-05-03T10:04:11,918][WARN ][o.e.d.s.a.InternalOrder$Parser] Deprecated aggregation order key [_term] used, replaced by [_key]
[2018-05-03T10:04:22,169][WARN ][o.e.d.s.a.InternalOrder$Parser] Deprecated aggregation order key [_term] used, replaced by [_key]
[2018-05-03T10:04:22,169][WARN ][o.e.d.s.a.InternalOrder$Parser] Deprecated aggregation order key [_term] used, replaced by [_key]
[2018-05-03T10:04:27,339][WARN ][o.e.d.s.a.InternalOrder$Parser] Deprecated aggregation order key [_term] used, replaced by [_key]
[2018-05-03T10:04:27,339][WARN ][o.e.d.s.a.InternalOrder$Parser] Deprecated aggregation order key [_term] used, replaced by [_key]
[2018-05-03T10:04:32,535][WARN ][o.e.d.s.a.InternalOrder$Parser] Deprecated aggregation order key [_term] used, replaced by [_key]
[2018-05-03T10:04:32,536][WARN ][o.e.d.s.a.InternalOrder$Parser] Deprecated aggregation order key [_term] used, replaced by [_key]
[2018-05-03T10:04:37,423][WARN ][o.e.d.s.a.InternalOrder$Parser] Deprecated aggregation order key [_term] used, replaced by [_key]
[2018-05-03T10:04:37,423][WARN ][o.e.d.s.a.InternalOrder$Parser] Deprecated aggregation order key [_term] used, replaced by [_key]
[2018-05-03T10:04:42,623][WARN ][o.e.d.s.a.InternalOrder$Parser] Deprecated aggregation order key [_term] used, replaced by [_key]
[2018-05-03T10:04:42,624][WARN ][o.e.d.s.a.InternalOrder$Parser] Deprecated aggregation order key [_term] used, replaced by [_key]
[2018-05-03T10:04:47,785][WARN ][o.e.d.s.a.InternalOrder$Parser] Deprecated aggregation order key [_term] used, replaced by [_key]
[2018-05-03T10:04:47,786][WARN ][o.e.d.s.a.InternalOrder$Parser] Deprecated aggregation order key [_term] used, replaced by [_key]
[2018-05-03T10:04:52,944][WARN ][o.e.d.s.a.InternalOrder$Parser] Deprecated aggregation order key [_term] used, replaced by [_key]
[2018-05-03T10:04:52,944][WARN ][o.e.d.s.a.InternalOrder$Parser] Deprecated aggregation order key [_term] used, replaced by [_key]
[2018-05-03T10:04:58,103][WARN ][o.e.d.s.a.InternalOrder$Parser] Deprecated aggregation order key [_term] used, replaced by [_key]
[2018-05-03T10:04:58,103][WARN ][o.e.d.s.a.InternalOrder$Parser] Deprecated aggregation order key [_term] used, replaced by [_key]
[2018-05-03T10:05:03,258][WARN ][o.e.d.s.a.InternalOrder$Parser] Deprecated aggregation order key [_term] used, replaced by [_key]
[2018-05-03T10:05:03,258][WARN ][o.e.d.s.a.InternalOrder$Parser] Deprecated aggregation order key [_term] used, replaced by [_key]
[2018-05-03T10:05:08,415][WARN ][o.e.d.s.a.InternalOrder$Parser] Deprecated aggregation order key [_term] used, replaced by [_key]
[2018-05-03T10:05:08,415][WARN ][o.e.d.s.a.InternalOrder$Parser] Deprecated aggregation order key [_term] used, replaced by [_key]
[2018-05-03T10:05:18,040][WARN ][o.e.d.s.a.InternalOrder$Parser] Deprecated aggregation order key [_term] used, replaced by [_key]
[2018-05-03T10:05:18,041][WARN ][o.e.d.s.a.InternalOrder$Parser] Deprecated aggregation order key [_term] used, replaced by [_key]
[2018-05-03T10:05:23,200][WARN ][o.e.d.s.a.InternalOrder$Parser] Deprecated aggregation order key [_term] used, replaced by [_key]
[2018-05-03T10:05:23,201][WARN ][o.e.d.s.a.InternalOrder$Parser] Deprecated aggregation order key [_term] used, replaced by [_key]
[2018-05-03T10:05:28,362][WARN ][o.e.d.s.a.InternalOrder$Parser] Deprecated aggregation order key [_term] used, replaced by [_key]
[2018-05-03T10:05:28,362][WARN ][o.e.d.s.a.InternalOrder$Parser] Deprecated aggregation order key [_term] used, replaced by [_key]
[2018-05-03T10:05:33,516][WARN ][o.e.d.s.a.InternalOrder$Parser] Deprecated aggregation order key [_term] used, replaced by [_key]
[2018-05-03T10:05:33,517][WARN ][o.e.d.s.a.InternalOrder$Parser] Deprecated aggregation order key [_term] used, replaced by [_key]
[2018-05-03T10:05:38,682][WARN ][o.e.d.s.a.InternalOrder$Parser] Deprecated aggregation order key [_term] used, replaced by [_key]
[2018-05-03T10:05:38,682][WARN ][o.e.d.s.a.InternalOrder$Parser] Deprecated aggregation order key [_term] used, replaced by [_key]
[2018-05-03T10:05:43,858][WARN ][o.e.d.s.a.InternalOrder$Parser] Deprecated aggregation order key [_term] used, replaced by [_key]
[2018-05-03T10:05:43,859][WARN ][o.e.d.s.a.InternalOrder$Parser] Deprecated aggregation order key [_term] used, replaced by [_key]
[2018-05-03T10:05:49,025][WARN ][o.e.d.s.a.InternalOrder$Parser] Deprecated aggregation order key [_term] used, replaced by [_key]
[2018-05-03T10:05:49,026][WARN ][o.e.d.s.a.InternalOrder$Parser] Deprecated aggregation order key [_term] used, replaced by [_key]
[2018-05-03T10:05:54,191][WARN ][o.e.d.s.a.InternalOrder$Parser] Deprecated aggregation order key [_term] used, replaced by [_key]
[2018-05-03T10:05:54,192][WARN ][o.e.d.s.a.InternalOrder$Parser] Deprecated aggregation order key [_term] used, replaced by [_key]
[2018-05-03T10:05:59,328][WARN ][o.e.d.s.a.InternalOrder$Parser] Deprecated aggregation order key [_term] used, replaced by [_key]
[2018-05-03T10:05:59,329][WARN ][o.e.d.s.a.InternalOrder$Parser] Deprecated aggregation order key [_term] used, replaced by [_key]
[2018-05-03T10:06:04,506][WARN ][o.e.d.s.a.InternalOrder$Parser] Deprecated aggregation order key [_term] used, replaced by [_key]
[2018-05-03T10:06:04,506][WARN ][o.e.d.s.a.InternalOrder$Parser] Deprecated aggregation order key [_term] used, replaced by [_key]
[2018-05-03T10:06:09,658][WARN ][o.e.d.s.a.InternalOrder$Parser] Deprecated aggregation order key [_term] used, replaced by [_key]
[2018-05-03T10:06:09,659][WARN ][o.e.d.s.a.InternalOrder$Parser] Deprecated aggregation order key [_term] used, replaced by [_key]
[2018-05-03T10:06:14,802][WARN ][o.e.d.s.a.InternalOrder$Parser] Deprecated aggregation order key [_term] used, replaced by [_key]
[2018-05-03T10:06:14,803][WARN ][o.e.d.s.a.InternalOrder$Parser] Deprecated aggregation order key [_term] used, replaced by [_key]
[2018-05-03T10:06:19,956][WARN ][o.e.d.s.a.InternalOrder$Parser] Deprecated aggregation order key [_term] used, replaced by [_key]
[2018-05-03T10:06:19,957][WARN ][o.e.d.s.a.InternalOrder$Parser] Deprecated aggregation order key [_term] used, replaced by [_key]
[2018-05-03T10:06:25,105][WARN ][o.e.d.s.a.InternalOrder$Parser] Deprecated aggregation order key [_term] used, replaced by [_key]
[2018-05-03T10:06:25,106][WARN ][o.e.d.s.a.InternalOrder$Parser] Deprecated aggregation order key [_term] used, replaced by [_key]
[2018-05-03T10:07:20,983][WARN ][o.e.d.s.a.InternalOrder$Parser] Deprecated aggregation order key [_term] used, replaced by [_key]
[2018-05-03T10:07:26,145][WARN ][o.e.d.s.a.InternalOrder$Parser] Deprecated aggregation order key [_term] used, replaced by [_key]
[2018-05-03T10:07:31,298][WARN ][o.e.d.s.a.InternalOrder$Parser] Deprecated aggregation order key [_term] used, replaced by [_key]
[2018-05-03T10:07:36,452][WARN ][o.e.d.s.a.InternalOrder$Parser] Deprecated aggregation order key [_term] used, replaced by [_key]
[2018-05-03T10:07:41,596][WARN ][o.e.d.s.a.InternalOrder$Parser] Deprecated aggregation order key [_term] used, replaced by [_key]
[2018-05-03T10:07:46,771][WARN ][o.e.d.s.a.InternalOrder$Parser] Deprecated aggregation order key [_term] used, replaced by [_key]
[2018-05-03T10:07:51,972][WARN ][o.e.d.s.a.InternalOrder$Parser] Deprecated aggregation order key [_term] used, replaced by [_key]
[2018-05-03T10:07:57,150][WARN ][o.e.d.s.a.InternalOrder$Parser] Deprecated aggregation order key [_term] used, replaced by [_key]
[2018-05-03T10:08:00,620][WARN ][o.e.d.s.a.InternalOrder$Parser] Deprecated aggregation order key [_term] used, replaced by [_key]
[2018-05-03T10:08:05,772][WARN ][o.e.d.s.a.InternalOrder$Parser] Deprecated aggregation order key [_term] used, replaced by [_key]
[2018-05-03T10:08:10,915][WARN ][o.e.d.s.a.InternalOrder$Parser] Deprecated aggregation order key [_term] used, replaced by [_key]
[2018-05-03T10:08:16,057][WARN ][o.e.d.s.a.InternalOrder$Parser] Deprecated aggregation order key [_term] used, replaced by [_key]
[2018-05-03T10:08:21,192][WARN ][o.e.d.s.a.InternalOrder$Parser] Deprecated aggregation order key [_term] used, replaced by [_key]
[2018-05-03T10:08:26,323][WARN ][o.e.d.s.a.InternalOrder$Parser] Deprecated aggregation order key [_term] used, replaced by [_key]
[2018-05-03T10:08:31,464][WARN ][o.e.d.s.a.InternalOrder$Parser] Deprecated aggregation order key [_term] used, replaced by [_key]
[2018-05-03T10:08:36,599][WARN ][o.e.d.s.a.InternalOrder$Parser] Deprecated aggregation order key [_term] used, replaced by [_key]
[2018-05-03T10:08:41,749][WARN ][o.e.d.s.a.InternalOrder$Parser] Deprecated aggregation order key [_term] used, replaced by [_key]
[2018-05-03T10:08:46,929][WARN ][o.e.d.s.a.InternalOrder$Parser] Deprecated aggregation order key [_term] used, replaced by [_key]
[2018-05-03T10:08:48,746][WARN ][o.e.d.s.a.InternalOrder$Parser] Deprecated aggregation order key [_term] used, replaced by [_key]
[2018-05-03T10:08:53,887][WARN ][o.e.d.s.a.InternalOrder$Parser] Deprecated aggregation order key [_term] used, replaced by [_key]
[2018-05-03T10:08:59,024][WARN ][o.e.d.s.a.InternalOrder$Parser] Deprecated aggregation order key [_term] used, replaced by [_key]
[2018-05-03T10:09:04,171][WARN ][o.e.d.s.a.InternalOrder$Parser] Deprecated aggregation order key [_term] used, replaced by [_key]
[2018-05-03T10:09:09,320][WARN ][o.e.d.s.a.InternalOrder$Parser] Deprecated aggregation order key [_term] used, replaced by [_key]
[2018-05-03T10:09:14,453][WARN ][o.e.d.s.a.InternalOrder$Parser] Deprecated aggregation order key [_term] used, replaced by [_key]
[2018-05-03T10:09:19,625][WARN ][o.e.d.s.a.InternalOrder$Parser] Deprecated aggregation order key [_term] used, replaced by [_key]
[2018-05-03T10:09:24,771][WARN ][o.e.d.s.a.InternalOrder$Parser] Deprecated aggregation order key [_term] used, replaced by [_key]
[2018-05-03T10:09:29,922][WARN ][o.e.d.s.a.InternalOrder$Parser] Deprecated aggregation order key [_term] used, replaced by [_key]
[2018-05-03T10:09:50,123][WARN ][o.e.d.s.a.InternalOrder$Parser] Deprecated aggregation order key [_term] used, replaced by [_key]
[2018-05-03T10:09:52,284][WARN ][o.e.d.s.a.InternalOrder$Parser] Deprecated aggregation order key [_term] used, replaced by [_key]
[2018-05-03T10:09:57,462][WARN ][o.e.d.s.a.InternalOrder$Parser] Deprecated aggregation order key [_term] used, replaced by [_key]
[2018-05-03T10:10:02,624][WARN ][o.e.d.s.a.InternalOrder$Parser] Deprecated aggregation order key [_term] used, replaced by [_key]
[2018-05-03T10:10:07,773][WARN ][o.e.d.s.a.InternalOrder$Parser] Deprecated aggregation order key [_term] used, replaced by [_key]
[2018-05-03T10:10:12,975][WARN ][o.e.d.s.a.InternalOrder$Parser] Deprecated aggregation order key [_term] used, replaced by [_key]
[2018-05-03T10:10:18,160][WARN ][o.e.d.s.a.InternalOrder$Parser] Deprecated aggregation order key [_term] used, replaced by [_key]
[2018-05-03T10:10:23,303][WARN ][o.e.d.s.a.InternalOrder$Parser] Deprecated aggregation order key [_term] used, replaced by [_key]
[2018-05-03T10:10:33,481][WARN ][o.e.d.s.a.InternalOrder$Parser] Deprecated aggregation order key [_term] used, replaced by [_key]
[2018-05-03T10:10:33,481][WARN ][o.e.d.s.a.InternalOrder$Parser] Deprecated aggregation order key [_term] used, replaced by [_key]
[2018-05-03T10:10:38,726][WARN ][o.e.d.s.a.InternalOrder$Parser] Deprecated aggregation order key [_term] used, replaced by [_key]
[2018-05-03T10:10:38,726][WARN ][o.e.d.s.a.InternalOrder$Parser] Deprecated aggregation order key [_term] used, replaced by [_key]
[2018-05-03T10:10:43,863][WARN ][o.e.d.s.a.InternalOrder$Parser] Deprecated aggregation order key [_term] used, replaced by [_key]
[2018-05-03T10:10:43,864][WARN ][o.e.d.s.a.InternalOrder$Parser] Deprecated aggregation order key [_term] used, replaced by [_key]
[2018-05-03T10:10:49,036][WARN ][o.e.d.s.a.InternalOrder$Parser] Deprecated aggregation order key [_term] used, replaced by [_key]
[2018-05-03T10:10:49,036][WARN ][o.e.d.s.a.InternalOrder$Parser] Deprecated aggregation order key [_term] used, replaced by [_key]
[2018-05-03T10:10:53,244][WARN ][o.e.d.s.a.InternalOrder$Parser] Deprecated aggregation order key [_term] used, replaced by [_key]
[2018-05-03T10:10:58,371][WARN ][o.e.d.s.a.InternalOrder$Parser] Deprecated aggregation order key [_term] used, replaced by [_key]
[2018-05-03T10:11:03,327][WARN ][o.e.d.s.a.InternalOrder$Parser] Deprecated aggregation order key [_term] used, replaced by [_key]
[2018-05-03T10:11:08,469][WARN ][o.e.d.s.a.InternalOrder$Parser] Deprecated aggregation order key [_term] used, replaced by [_key]
[2018-05-03T10:11:11,298][WARN ][o.e.d.s.a.InternalOrder$Parser] Deprecated aggregation order key [_term] used, replaced by [_key]
[2018-05-03T10:11:11,298][WARN ][o.e.d.s.a.InternalOrder$Parser] Deprecated aggregation order key [_term] used, replaced by [_key]
[2018-05-03T10:11:16,478][WARN ][o.e.d.s.a.InternalOrder$Parser] Deprecated aggregation order key [_term] used, replaced by [_key]
[2018-05-03T10:11:16,478][WARN ][o.e.d.s.a.InternalOrder$Parser] Deprecated aggregation order key [_term] used, replaced by [_key]
[2018-05-03T10:11:21,619][WARN ][o.e.d.s.a.InternalOrder$Parser] Deprecated aggregation order key [_term] used, replaced by [_key]
[2018-05-03T10:11:21,620][WARN ][o.e.d.s.a.InternalOrder$Parser] Deprecated aggregation order key [_term] used, replaced by [_key]
[2018-05-03T10:11:26,762][WARN ][o.e.d.s.a.InternalOrder$Parser] Deprecated aggregation order key [_term] used, replaced by [_key]
[2018-05-03T10:11:26,763][WARN ][o.e.d.s.a.InternalOrder$Parser] Deprecated aggregation order key [_term] used, replaced by [_key]
[2018-05-03T10:11:31,904][WARN ][o.e.d.s.a.InternalOrder$Parser] Deprecated aggregation order key [_term] used, replaced by [_key]
[2018-05-03T10:11:31,904][WARN ][o.e.d.s.a.InternalOrder$Parser] Deprecated aggregation order key [_term] used, replaced by [_key]
[2018-05-03T10:11:37,080][WARN ][o.e.d.s.a.InternalOrder$Parser] Deprecated aggregation order key [_term] used, replaced by [_key]
[2018-05-03T10:11:37,081][WARN ][o.e.d.s.a.InternalOrder$Parser] Deprecated aggregation order key [_term] used, replaced by [_key]
[2018-05-03T10:11:42,232][WARN ][o.e.d.s.a.InternalOrder$Parser] Deprecated aggregation order key [_term] used, replaced by [_key]
[2018-05-03T10:11:42,234][WARN ][o.e.d.s.a.InternalOrder$Parser] Deprecated aggregation order key [_term] used, replaced by [_key]
[2018-05-03T10:11:47,398][WARN ][o.e.d.s.a.InternalOrder$Parser] Deprecated aggregation order key [_term] used, replaced by [_key]
[2018-05-03T10:11:47,398][WARN ][o.e.d.s.a.InternalOrder$Parser] Deprecated aggregation order key [_term] used, replaced by [_key]
[2018-05-03T10:11:52,541][WARN ][o.e.d.s.a.InternalOrder$Parser] Deprecated aggregation order key [_term] used, replaced by [_key]
[2018-05-03T10:11:52,541][WARN ][o.e.d.s.a.InternalOrder$Parser] Deprecated aggregation order key [_term] used, replaced by [_key]
[2018-05-03T10:11:57,685][WARN ][o.e.d.s.a.InternalOrder$Parser] Deprecated aggregation order key [_term] used, replaced by [_key]
[2018-05-03T10:11:57,686][WARN ][o.e.d.s.a.InternalOrder$Parser] Deprecated aggregation order key [_term] used, replaced by [_key]
[2018-05-03T10:12:02,916][WARN ][o.e.d.s.a.InternalOrder$Parser] Deprecated aggregation order key [_term] used, replaced by [_key]
[2018-05-03T10:12:02,917][WARN ][o.e.d.s.a.InternalOrder$Parser] Deprecated aggregation order key [_term] used, replaced by [_key]
[2018-05-03T10:12:08,065][WARN ][o.e.d.s.a.InternalOrder$Parser] Deprecated aggregation order key [_term] used, replaced by [_key]
[2018-05-03T10:12:08,065][WARN ][o.e.d.s.a.InternalOrder$Parser] Deprecated aggregation order key [_term] used, replaced by [_key]
[2018-05-03T10:12:13,212][WARN ][o.e.d.s.a.InternalOrder$Parser] Deprecated aggregation order key [_term] used, replaced by [_key]
[2018-05-03T10:12:13,213][WARN ][o.e.d.s.a.InternalOrder$Parser] Deprecated aggregation order key [_term] used, replaced by [_key]
[2018-05-03T10:12:18,394][WARN ][o.e.d.s.a.InternalOrder$Parser] Deprecated aggregation order key [_term] used, replaced by [_key]
[2018-05-03T10:12:18,394][WARN ][o.e.d.s.a.InternalOrder$Parser] Deprecated aggregation order key [_term] used, replaced by [_key]
[2018-05-03T10:12:23,544][WARN ][o.e.d.s.a.InternalOrder$Parser] Deprecated aggregation order key [_term] used, replaced by [_key]
[2018-05-03T10:12:23,545][WARN ][o.e.d.s.a.InternalOrder$Parser] Deprecated aggregation order key [_term] used, replaced by [_key]
[2018-05-03T10:12:28,700][WARN ][o.e.d.s.a.InternalOrder$Parser] Deprecated aggregation order key [_term] used, replaced by [_key]
[2018-05-03T10:12:28,701][WARN ][o.e.d.s.a.InternalOrder$Parser] Deprecated aggregation order key [_term] used, replaced by [_key]
[2018-05-03T10:12:33,853][WARN ][o.e.d.s.a.InternalOrder$Parser] Deprecated aggregation order key [_term] used, replaced by [_key]
[2018-05-03T10:12:33,854][WARN ][o.e.d.s.a.InternalOrder$Parser] Deprecated aggregation order key [_term] used, replaced by [_key]
[2018-05-03T10:12:38,990][WARN ][o.e.d.s.a.InternalOrder$Parser] Deprecated aggregation order key [_term] used, replaced by [_key]
[2018-05-03T10:12:38,990][WARN ][o.e.d.s.a.InternalOrder$Parser] Deprecated aggregation order key [_term] used, replaced by [_key]
[2018-05-03T10:12:44,132][WARN ][o.e.d.s.a.InternalOrder$Parser] Deprecated aggregation order key [_term] used, replaced by [_key]
[2018-05-03T10:12:44,134][WARN ][o.e.d.s.a.InternalOrder$Parser] Deprecated aggregation order key [_term] used, replaced by [_key]
[2018-05-03T10:12:49,302][WARN ][o.e.d.s.a.InternalOrder$Parser] Deprecated aggregation order key [_term] used, replaced by [_key]
[2018-05-03T10:12:49,303][WARN ][o.e.d.s.a.InternalOrder$Parser] Deprecated aggregation order key [_term] used, replaced by [_key]
[2018-05-03T10:12:54,437][WARN ][o.e.d.s.a.InternalOrder$Parser] Deprecated aggregation order key [_term] used, replaced by [_key]
[2018-05-03T10:12:54,437][WARN ][o.e.d.s.a.InternalOrder$Parser] Deprecated aggregation order key [_term] used, replaced by [_key]
[2018-05-03T10:12:59,575][WARN ][o.e.d.s.a.InternalOrder$Parser] Deprecated aggregation order key [_term] used, replaced by [_key]
[2018-05-03T10:12:59,575][WARN ][o.e.d.s.a.InternalOrder$Parser] Deprecated aggregation order key [_term] used, replaced by [_key]
[2018-05-03T10:13:04,806][WARN ][o.e.d.s.a.InternalOrder$Parser] Deprecated aggregation order key [_term] used, replaced by [_key]
[2018-05-03T10:13:04,806][WARN ][o.e.d.s.a.InternalOrder$Parser] Deprecated aggregation order key [_term] used, replaced by [_key]
[2018-05-03T10:13:09,957][WARN ][o.e.d.s.a.InternalOrder$Parser] Deprecated aggregation order key [_term] used, replaced by [_key]
[2018-05-03T10:13:09,957][WARN ][o.e.d.s.a.InternalOrder$Parser] Deprecated aggregation order key [_term] used, replaced by [_key]
[2018-05-03T10:13:15,102][WARN ][o.e.d.s.a.InternalOrder$Parser] Deprecated aggregation order key [_term] used, replaced by [_key]
[2018-05-03T10:13:15,103][WARN ][o.e.d.s.a.InternalOrder$Parser] Deprecated aggregation order key [_term] used, replaced by [_key]
[2018-05-03T10:13:20,270][WARN ][o.e.d.s.a.InternalOrder$Parser] Deprecated aggregation order key [_term] used, replaced by [_key]
[2018-05-03T10:13:20,270][WARN ][o.e.d.s.a.InternalOrder$Parser] Deprecated aggregation order key [_term] used, replaced by [_key]
[2018-05-03T10:13:25,433][WARN ][o.e.d.s.a.InternalOrder$Parser] Deprecated aggregation order key [_term] used, replaced by [_key]
[2018-05-03T10:13:25,433][WARN ][o.e.d.s.a.InternalOrder$Parser] Deprecated aggregation order key [_term] used, replaced by [_key]
[2018-05-03T10:13:30,574][WARN ][o.e.d.s.a.InternalOrder$Parser] Deprecated aggregation order key [_term] used, replaced by [_key]
[2018-05-03T10:13:30,575][WARN ][o.e.d.s.a.InternalOrder$Parser] Deprecated aggregation order key [_term] used, replaced by [_key]
[2018-05-03T10:13:35,720][WARN ][o.e.d.s.a.InternalOrder$Parser] Deprecated aggregation order key [_term] used, replaced by [_key]
[2018-05-03T10:13:35,720][WARN ][o.e.d.s.a.InternalOrder$Parser] Deprecated aggregation order key [_term] used, replaced by [_key]
[2018-05-03T10:13:40,867][WARN ][o.e.d.s.a.InternalOrder$Parser] Deprecated aggregation order key [_term] used, replaced by [_key]
[2018-05-03T10:13:40,867][WARN ][o.e.d.s.a.InternalOrder$Parser] Deprecated aggregation order key [_term] used, replaced by [_key]
[2018-05-03T10:13:46,029][WARN ][o.e.d.s.a.InternalOrder$Parser] Deprecated aggregation order key [_term] used, replaced by [_key]
[2018-05-03T10:13:46,029][WARN ][o.e.d.s.a.InternalOrder$Parser] Deprecated aggregation order key [_term] used, replaced by [_key]
[2018-05-03T10:23:56,300][WARN ][o.e.d.c.ParseField       ] Deprecated field [inline] used, expected [source] instead
[2018-05-03T10:24:01,680][WARN ][o.e.d.c.ParseField       ] Deprecated field [inline] used, expected [source] instead
[2018-05-03T10:24:06,833][WARN ][o.e.d.c.ParseField       ] Deprecated field [inline] used, expected [source] instead
[2018-05-03T10:24:12,046][WARN ][o.e.d.c.ParseField       ] Deprecated field [inline] used, expected [source] instead
[2018-05-03T10:24:17,247][WARN ][o.e.d.c.ParseField       ] Deprecated field [inline] used, expected [source] instead
[2018-05-03T10:24:22,385][WARN ][o.e.d.c.ParseField       ] Deprecated field [inline] used, expected [source] instead
[2018-05-03T10:24:27,627][WARN ][o.e.d.c.ParseField       ] Deprecated field [inline] used, expected [source] instead
[2018-05-03T10:24:32,833][WARN ][o.e.d.c.ParseField       ] Deprecated field [inline] used, expected [source] instead
[2018-05-03T10:24:38,033][WARN ][o.e.d.c.ParseField       ] Deprecated field [inline] used, expected [source] instead
[2018-05-03T10:24:43,196][WARN ][o.e.d.c.ParseField       ] Deprecated field [inline] used, expected [source] instead
[2018-05-03T10:24:48,380][WARN ][o.e.d.c.ParseField       ] Deprecated field [inline] used, expected [source] instead
[2018-05-03T10:24:53,539][WARN ][o.e.d.c.ParseField       ] Deprecated field [inline] used, expected [source] instead
[2018-05-03T10:24:58,715][WARN ][o.e.d.c.ParseField       ] Deprecated field [inline] used, expected [source] instead
[2018-05-03T10:25:03,883][WARN ][o.e.d.c.ParseField       ] Deprecated field [inline] used, expected [source] instead
[2018-05-03T10:25:09,043][WARN ][o.e.d.c.ParseField       ] Deprecated field [inline] used, expected [source] instead
[2018-05-03T10:25:14,194][WARN ][o.e.d.c.ParseField       ] Deprecated field [inline] used, expected [source] instead
[2018-05-03T10:25:24,446][WARN ][o.e.d.c.ParseField       ] Deprecated field [inline] used, expected [source] instead
[2018-05-03T10:25:29,596][WARN ][o.e.d.c.ParseField       ] Deprecated field [inline] used, expected [source] instead
[2018-05-03T10:25:34,784][WARN ][o.e.d.c.ParseField       ] Deprecated field [inline] used, expected [source] instead
[2018-05-03T10:25:38,548][WARN ][o.e.d.c.ParseField       ] Deprecated field [inline] used, expected [source] instead
[2018-05-03T10:33:11,500][WARN ][o.e.d.a.a.i.t.p.PutIndexTemplateRequest] Deprecated field [template] used, replaced by [index_patterns]
[2018-05-03T10:33:29,510][WARN ][o.e.d.a.a.i.t.p.PutIndexTemplateRequest] Deprecated field [template] used, replaced by [index_patterns]
[2018-05-03T11:41:34,706][WARN ][o.e.d.c.ParseField       ] Deprecated field [inline] used, expected [source] instead
[2018-05-07T17:46:59,441][WARN ][o.e.d.i.m.UidFieldMapper ] Fielddata access on the _uid field is deprecated, use _id instead
[2018-05-07T17:46:59,441][WARN ][o.e.d.i.m.UidFieldMapper ] Fielddata access on the _uid field is deprecated, use _id instead
[2018-05-07T17:46:59,441][WARN ][o.e.d.i.m.UidFieldMapper ] Fielddata access on the _uid field is deprecated, use _id instead
[2018-05-07T17:46:59,441][WARN ][o.e.d.i.m.UidFieldMapper ] Fielddata access on the _uid field is deprecated, use _id instead
[2018-05-07T17:46:59,479][WARN ][o.e.d.a.a.i.t.p.PutIndexTemplateRequest] Deprecated field [template] used, replaced by [index_patterns]
[2018-05-07T18:03:15,082][WARN ][o.e.d.i.m.UidFieldMapper ] Fielddata access on the _uid field is deprecated, use _id instead
[2018-05-07T18:03:15,082][WARN ][o.e.d.i.m.UidFieldMapper ] Fielddata access on the _uid field is deprecated, use _id instead
[2018-05-07T18:03:15,083][WARN ][o.e.d.i.m.UidFieldMapper ] Fielddata access on the _uid field is deprecated, use _id instead
[2018-05-07T18:03:15,083][WARN ][o.e.d.i.m.UidFieldMapper ] Fielddata access on the _uid field is deprecated, use _id instead
[2018-05-07T18:03:15,102][WARN ][o.e.d.a.a.i.t.p.PutIndexTemplateRequest] Deprecated field [template] used, replaced by [index_patterns]
[2018-05-08T10:57:42,174][WARN ][o.e.d.a.a.i.t.p.PutIndexTemplateRequest] Deprecated field [template] used, replaced by [index_patterns]
[2018-05-08T11:00:23,189][WARN ][o.e.d.i.m.UidFieldMapper ] Fielddata access on the _uid field is deprecated, use _id instead
[2018-05-08T11:00:23,188][WARN ][o.e.d.i.m.UidFieldMapper ] Fielddata access on the _uid field is deprecated, use _id instead
[2018-05-08T11:00:23,188][WARN ][o.e.d.i.m.UidFieldMapper ] Fielddata access on the _uid field is deprecated, use _id instead
[2018-05-08T11:00:23,188][WARN ][o.e.d.i.m.UidFieldMapper ] Fielddata access on the _uid field is deprecated, use _id instead
[2018-05-08T11:00:23,227][WARN ][o.e.d.a.a.i.t.p.PutIndexTemplateRequest] Deprecated field [template] used, replaced by [index_patterns]
[2018-05-08T11:01:22,541][WARN ][o.e.d.a.a.i.t.p.PutIndexTemplateRequest] Deprecated field [template] used, replaced by [index_patterns]
[2018-05-08T11:12:32,222][WARN ][o.e.d.a.a.i.t.p.PutIndexTemplateRequest] Deprecated field [template] used, replaced by [index_patterns]
[2018-05-08T11:13:33,025][WARN ][o.e.d.a.a.i.t.p.PutIndexTemplateRequest] Deprecated field [template] used, replaced by [index_patterns]
[2018-05-08T11:25:44,761][WARN ][o.e.d.s.a.InternalOrder$Parser] Deprecated aggregation order key [_term] used, replaced by [_key]
[2018-05-08T11:26:22,259][WARN ][o.e.d.a.a.i.t.p.PutIndexTemplateRequest] Deprecated field [template] used, replaced by [index_patterns]
[2018-05-08T11:26:23,770][WARN ][o.e.d.s.a.InternalOrder$Parser] Deprecated aggregation order key [_term] used, replaced by [_key]
[2018-05-08T11:26:32,696][WARN ][o.e.d.s.a.InternalOrder$Parser] Deprecated aggregation order key [_term] used, replaced by [_key]
[2018-05-08T11:26:57,109][WARN ][o.e.d.s.a.InternalOrder$Parser] Deprecated aggregation order key [_term] used, replaced by [_key]
[2018-05-08T11:27:05,275][WARN ][o.e.d.s.a.InternalOrder$Parser] Deprecated aggregation order key [_term] used, replaced by [_key]
[2018-05-08T11:27:07,493][WARN ][o.e.d.s.a.InternalOrder$Parser] Deprecated aggregation order key [_term] used, replaced by [_key]
[2018-05-08T11:27:09,583][WARN ][o.e.d.s.a.InternalOrder$Parser] Deprecated aggregation order key [_term] used, replaced by [_key]
[2018-05-08T11:27:18,606][WARN ][o.e.d.s.a.InternalOrder$Parser] Deprecated aggregation order key [_term] used, replaced by [_key]
[2018-05-08T11:27:34,436][WARN ][o.e.d.s.a.InternalOrder$Parser] Deprecated aggregation order key [_term] used, replaced by [_key]
[2018-05-08T11:27:43,566][WARN ][o.e.d.s.a.InternalOrder$Parser] Deprecated aggregation order key [_term] used, replaced by [_key]
[2018-05-08T11:30:19,293][WARN ][o.e.d.a.a.i.t.p.PutIndexTemplateRequest] Deprecated field [template] used, replaced by [index_patterns]
[2018-05-08T11:30:34,052][WARN ][o.e.d.s.a.InternalOrder$Parser] Deprecated aggregation order key [_term] used, replaced by [_key]
[2018-05-08T11:30:37,455][WARN ][o.e.d.s.a.InternalOrder$Parser] Deprecated aggregation order key [_term] used, replaced by [_key]
[2018-05-08T11:30:43,651][WARN ][o.e.d.s.a.InternalOrder$Parser] Deprecated aggregation order key [_term] used, replaced by [_key]
[2018-05-08T11:30:54,774][WARN ][o.e.d.s.a.InternalOrder$Parser] Deprecated aggregation order key [_term] used, replaced by [_key]
[2018-05-08T11:31:04,348][WARN ][o.e.d.a.a.i.t.p.PutIndexTemplateRequest] Deprecated field [template] used, replaced by [index_patterns]
[2018-05-08T11:31:08,139][WARN ][o.e.d.s.a.InternalOrder$Parser] Deprecated aggregation order key [_term] used, replaced by [_key]
[2018-05-08T11:31:14,251][WARN ][o.e.d.s.a.InternalOrder$Parser] Deprecated aggregation order key [_term] used, replaced by [_key]
[2018-05-08T11:31:21,822][WARN ][o.e.d.a.a.i.t.p.PutIndexTemplateRequest] Deprecated field [template] used, replaced by [index_patterns]
[2018-05-08T11:31:22,478][WARN ][o.e.d.s.a.InternalOrder$Parser] Deprecated aggregation order key [_term] used, replaced by [_key]
[2018-05-08T11:31:26,080][WARN ][o.e.d.s.a.InternalOrder$Parser] Deprecated aggregation order key [_term] used, replaced by [_key]
[2018-05-08T11:31:31,855][WARN ][o.e.d.s.a.InternalOrder$Parser] Deprecated aggregation order key [_term] used, replaced by [_key]
[2018-05-08T11:33:49,274][WARN ][o.e.d.a.a.i.t.p.PutIndexTemplateRequest] Deprecated field [template] used, replaced by [index_patterns]
[2018-05-08T11:34:17,750][WARN ][o.e.d.s.a.InternalOrder$Parser] Deprecated aggregation order key [_term] used, replaced by [_key]
[2018-05-08T11:34:33,183][WARN ][o.e.d.s.a.InternalOrder$Parser] Deprecated aggregation order key [_term] used, replaced by [_key]
[2018-05-08T11:34:41,143][WARN ][o.e.d.s.a.InternalOrder$Parser] Deprecated aggregation order key [_term] used, replaced by [_key]
[2018-05-08T11:35:10,747][WARN ][o.e.d.s.a.InternalOrder$Parser] Deprecated aggregation order key [_term] used, replaced by [_key]
[2018-05-08T11:35:36,347][WARN ][o.e.d.s.a.InternalOrder$Parser] Deprecated aggregation order key [_term] used, replaced by [_key]
[2018-05-08T11:35:44,730][WARN ][o.e.d.s.a.InternalOrder$Parser] Deprecated aggregation order key [_term] used, replaced by [_key]
[2018-05-08T11:36:15,959][WARN ][o.e.d.s.a.InternalOrder$Parser] Deprecated aggregation order key [_term] used, replaced by [_key]
[2018-05-08T11:36:46,242][WARN ][o.e.d.s.a.InternalOrder$Parser] Deprecated aggregation order key [_term] used, replaced by [_key]
[2018-05-08T11:37:01,386][WARN ][o.e.d.s.a.InternalOrder$Parser] Deprecated aggregation order key [_term] used, replaced by [_key]
[2018-05-08T11:37:14,845][WARN ][o.e.d.a.a.i.t.p.PutIndexTemplateRequest] Deprecated field [template] used, replaced by [index_patterns]
[2018-05-08T11:37:32,128][WARN ][o.e.d.s.a.InternalOrder$Parser] Deprecated aggregation order key [_term] used, replaced by [_key]
[2018-05-08T11:39:17,785][WARN ][o.e.d.s.a.InternalOrder$Parser] Deprecated aggregation order key [_term] used, replaced by [_key]
[2018-05-08T11:39:35,073][WARN ][o.e.d.s.a.InternalOrder$Parser] Deprecated aggregation order key [_term] used, replaced by [_key]
[2018-05-08T11:40:19,479][WARN ][o.e.d.a.a.i.t.p.PutIndexTemplateRequest] Deprecated field [template] used, replaced by [index_patterns]
[2018-05-08T11:41:09,877][WARN ][o.e.d.s.a.InternalOrder$Parser] Deprecated aggregation order key [_term] used, replaced by [_key]
[2018-05-08T11:41:16,729][WARN ][o.e.d.s.a.InternalOrder$Parser] Deprecated aggregation order key [_term] used, replaced by [_key]
[2018-05-08T11:41:32,938][WARN ][o.e.d.s.a.InternalOrder$Parser] Deprecated aggregation order key [_term] used, replaced by [_key]
[2018-05-08T11:41:46,024][WARN ][o.e.d.s.a.InternalOrder$Parser] Deprecated aggregation order key [_term] used, replaced by [_key]
[2018-05-08T12:31:43,199][WARN ][o.e.d.c.ParseField       ] Deprecated field [all_fields] used, replaced by [Set [fields] to `*` instead]
[2018-05-08T12:31:43,213][WARN ][o.e.d.c.ParseField       ] Deprecated field [all_fields] used, replaced by [Set [fields] to `*` instead]
[2018-05-08T12:31:43,220][WARN ][o.e.d.c.ParseField       ] Deprecated field [inline] used, expected [source] instead
[2018-05-08T12:31:43,220][WARN ][o.e.d.c.ParseField       ] Deprecated field [inline] used, expected [source] instead
[2018-05-08T12:35:09,095][WARN ][o.e.d.c.ParseField       ] Deprecated field [all_fields] used, replaced by [Set [fields] to `*` instead]
[2018-05-08T12:35:09,101][WARN ][o.e.d.c.ParseField       ] Deprecated field [inline] used, expected [source] instead
[2018-05-08T12:35:09,132][WARN ][o.e.d.c.ParseField       ] Deprecated field [all_fields] used, replaced by [Set [fields] to `*` instead]
[2018-05-08T12:35:09,143][WARN ][o.e.d.c.ParseField       ] Deprecated field [inline] used, expected [source] instead
[2018-05-08T12:36:43,612][WARN ][o.e.d.s.a.InternalOrder$Parser] Deprecated aggregation order key [_term] used, replaced by [_key]
[2018-05-08T12:36:49,706][WARN ][o.e.d.s.a.InternalOrder$Parser] Deprecated aggregation order key [_term] used, replaced by [_key]
[2018-05-08T12:37:00,940][WARN ][o.e.d.s.a.InternalOrder$Parser] Deprecated aggregation order key [_term] used, replaced by [_key]
[2018-05-08T15:03:45,254][WARN ][o.e.d.i.m.UidFieldMapper ] Fielddata access on the _uid field is deprecated, use _id instead
[2018-05-08T15:03:45,254][WARN ][o.e.d.i.m.UidFieldMapper ] Fielddata access on the _uid field is deprecated, use _id instead
[2018-05-08T15:03:54,982][WARN ][o.e.d.a.a.i.t.p.PutIndexTemplateRequest] Deprecated field [template] used, replaced by [index_patterns]
[2018-05-08T15:03:56,363][WARN ][o.e.d.a.a.i.t.p.PutIndexTemplateRequest] Deprecated field [template] used, replaced by [index_patterns]
[2018-05-08T15:03:56,394][WARN ][o.e.d.i.m.UidFieldMapper ] Fielddata access on the _uid field is deprecated, use _id instead
[2018-05-08T15:03:56,395][WARN ][o.e.d.i.m.UidFieldMapper ] Fielddata access on the _uid field is deprecated, use _id instead
[2018-05-08T15:03:56,395][WARN ][o.e.d.i.m.UidFieldMapper ] Fielddata access on the _uid field is deprecated, use _id instead
[2018-05-08T15:03:56,448][WARN ][o.e.d.a.a.i.t.p.PutIndexTemplateRequest] Deprecated field [template] used, replaced by [index_patterns]
[2018-05-08T15:03:56,456][WARN ][o.e.d.a.a.i.t.p.PutIndexTemplateRequest] Deprecated field [template] used, replaced by [index_patterns]
[2018-05-08T15:03:57,226][WARN ][o.e.d.a.a.i.t.p.PutIndexTemplateRequest] Deprecated field [template] used, replaced by [index_patterns]
[2018-05-08T15:04:08,217][WARN ][o.e.d.i.m.UidFieldMapper ] Fielddata access on the _uid field is deprecated, use _id instead
[2018-05-08T15:04:08,217][WARN ][o.e.d.i.m.UidFieldMapper ] Fielddata access on the _uid field is deprecated, use _id instead
[2018-05-08T15:04:08,217][WARN ][o.e.d.i.m.UidFieldMapper ] Fielddata access on the _uid field is deprecated, use _id instead
[2018-05-08T15:04:11,762][WARN ][o.e.d.a.a.i.t.p.PutIndexTemplateRequest] Deprecated field [template] used, replaced by [index_patterns]
[2018-05-08T15:04:12,509][WARN ][o.e.d.i.m.UidFieldMapper ] Fielddata access on the _uid field is deprecated, use _id instead
[2018-05-08T15:04:12,509][WARN ][o.e.d.i.m.UidFieldMapper ] Fielddata access on the _uid field is deprecated, use _id instead
[2018-05-08T15:04:12,510][WARN ][o.e.d.i.m.UidFieldMapper ] Fielddata access on the _uid field is deprecated, use _id instead
[2018-05-08T15:04:12,532][WARN ][o.e.d.a.a.i.t.p.PutIndexTemplateRequest] Deprecated field [template] used, replaced by [index_patterns]
[2018-05-08T15:17:26,524][WARN ][o.e.d.i.m.UidFieldMapper ] Fielddata access on the _uid field is deprecated, use _id instead
[2018-05-08T15:17:26,524][WARN ][o.e.d.i.m.UidFieldMapper ] Fielddata access on the _uid field is deprecated, use _id instead
[2018-05-08T15:17:39,716][WARN ][o.e.d.a.a.i.t.p.PutIndexTemplateRequest] Deprecated field [template] used, replaced by [index_patterns]
[2018-05-08T15:17:41,035][WARN ][o.e.d.a.a.i.t.p.PutIndexTemplateRequest] Deprecated field [template] used, replaced by [index_patterns]
[2018-05-08T15:17:41,038][WARN ][o.e.d.i.m.UidFieldMapper ] Fielddata access on the _uid field is deprecated, use _id instead
[2018-05-08T15:17:41,038][WARN ][o.e.d.i.m.UidFieldMapper ] Fielddata access on the _uid field is deprecated, use _id instead
[2018-05-08T15:17:41,040][WARN ][o.e.d.i.m.UidFieldMapper ] Fielddata access on the _uid field is deprecated, use _id instead
[2018-05-08T15:17:41,081][WARN ][o.e.d.a.a.i.t.p.PutIndexTemplateRequest] Deprecated field [template] used, replaced by [index_patterns]
[2018-05-08T15:17:41,100][WARN ][o.e.d.a.a.i.t.p.PutIndexTemplateRequest] Deprecated field [template] used, replaced by [index_patterns]
[2018-05-08T15:17:41,876][WARN ][o.e.d.a.a.i.t.p.PutIndexTemplateRequest] Deprecated field [template] used, replaced by [index_patterns]
[2018-05-08T15:26:09,944][WARN ][o.e.d.a.a.i.t.p.PutIndexTemplateRequest] Deprecated field [template] used, replaced by [index_patterns]
[2018-05-08T15:26:37,298][WARN ][o.e.d.a.a.i.t.p.PutIndexTemplateRequest] Deprecated field [template] used, replaced by [index_patterns]
[2018-05-08T15:28:56,004][WARN ][o.e.d.a.a.i.t.p.PutIndexTemplateRequest] Deprecated field [template] used, replaced by [index_patterns]
[2018-05-08T15:32:27,541][WARN ][o.e.d.s.a.InternalOrder$Parser] Deprecated aggregation order key [_term] used, replaced by [_key]
[2018-05-08T15:33:23,026][WARN ][o.e.d.s.a.InternalOrder$Parser] Deprecated aggregation order key [_term] used, replaced by [_key]
[2018-05-08T15:47:03,455][WARN ][o.e.d.s.a.InternalOrder$Parser] Deprecated aggregation order key [_term] used, replaced by [_key]
[2018-05-08T15:49:41,233][WARN ][o.e.d.a.a.i.t.p.PutIndexTemplateRequest] Deprecated field [template] used, replaced by [index_patterns]
[2018-05-08T15:51:04,724][WARN ][o.e.d.a.a.i.t.p.PutIndexTemplateRequest] Deprecated field [template] used, replaced by [index_patterns]
[2018-05-08T16:04:05,550][WARN ][o.e.d.a.a.i.t.p.PutIndexTemplateRequest] Deprecated field [template] used, replaced by [index_patterns]
[2018-05-08T16:04:36,788][WARN ][o.e.d.a.a.i.t.p.PutIndexTemplateRequest] Deprecated field [template] used, replaced by [index_patterns]
[2018-05-08T16:05:21,462][WARN ][o.e.d.a.a.i.t.p.PutIndexTemplateRequest] Deprecated field [template] used, replaced by [index_patterns]
[2018-05-08T16:07:19,696][WARN ][o.e.d.a.a.i.t.p.PutIndexTemplateRequest] Deprecated field [template] used, replaced by [index_patterns]
[2018-05-08T16:07:52,063][WARN ][o.e.d.a.a.i.t.p.PutIndexTemplateRequest] Deprecated field [template] used, replaced by [index_patterns]
[2018-05-08T16:07:52,087][WARN ][o.e.d.a.a.i.t.p.PutIndexTemplateRequest] Deprecated field [template] used, replaced by [index_patterns]
[2018-05-08T16:07:52,392][WARN ][o.e.d.a.a.i.t.p.PutIndexTemplateRequest] Deprecated field [template] used, replaced by [index_patterns]
[2018-05-08T16:08:03,690][WARN ][o.e.d.i.m.UidFieldMapper ] Fielddata access on the _uid field is deprecated, use _id instead
[2018-05-08T16:08:03,690][WARN ][o.e.d.i.m.UidFieldMapper ] Fielddata access on the _uid field is deprecated, use _id instead
[2018-05-08T16:08:03,690][WARN ][o.e.d.i.m.UidFieldMapper ] Fielddata access on the _uid field is deprecated, use _id instead
[2018-05-08T16:08:07,357][WARN ][o.e.d.a.a.i.t.p.PutIndexTemplateRequest] Deprecated field [template] used, replaced by [index_patterns]
[2018-05-08T16:08:07,653][WARN ][o.e.d.i.m.UidFieldMapper ] Fielddata access on the _uid field is deprecated, use _id instead
[2018-05-08T16:08:07,653][WARN ][o.e.d.i.m.UidFieldMapper ] Fielddata access on the _uid field is deprecated, use _id instead
[2018-05-08T16:08:07,653][WARN ][o.e.d.i.m.UidFieldMapper ] Fielddata access on the _uid field is deprecated, use _id instead
[2018-05-08T16:08:07,679][WARN ][o.e.d.a.a.i.t.p.PutIndexTemplateRequest] Deprecated field [template] used, replaced by [index_patterns]
[2018-05-08T16:08:07,711][WARN ][o.e.d.a.a.i.t.p.PutIndexTemplateRequest] Deprecated field [template] used, replaced by [index_patterns]
[2018-05-08T16:26:22,922][WARN ][o.e.d.a.a.i.t.p.PutIndexTemplateRequest] Deprecated field [template] used, replaced by [index_patterns]
[2018-05-08T16:26:50,938][WARN ][o.e.d.a.a.i.t.p.PutIndexTemplateRequest] Deprecated field [template] used, replaced by [index_patterns]
[2018-05-08T16:28:21,007][WARN ][o.e.d.a.a.i.t.p.PutIndexTemplateRequest] Deprecated field [template] used, replaced by [index_patterns]
[2018-05-08T16:29:13,895][WARN ][o.e.d.a.a.i.t.p.PutIndexTemplateRequest] Deprecated field [template] used, replaced by [index_patterns]
[2018-05-08T16:36:23,253][WARN ][o.e.d.a.a.i.t.p.PutIndexTemplateRequest] Deprecated field [template] used, replaced by [index_patterns]
[2018-05-08T16:38:43,105][WARN ][o.e.d.a.a.i.t.p.PutIndexTemplateRequest] Deprecated field [template] used, replaced by [index_patterns]
[2018-05-08T16:40:43,352][WARN ][o.e.d.a.a.i.t.p.PutIndexTemplateRequest] Deprecated field [template] used, replaced by [index_patterns]
[2018-05-08T16:45:26,147][WARN ][o.e.d.a.a.i.t.p.PutIndexTemplateRequest] Deprecated field [template] used, replaced by [index_patterns]
[2018-05-08T16:47:15,695][WARN ][o.e.d.a.a.i.t.p.PutIndexTemplateRequest] Deprecated field [template] used, replaced by [index_patterns]
[2018-05-08T16:53:23,470][WARN ][o.e.d.a.a.i.t.p.PutIndexTemplateRequest] Deprecated field [template] used, replaced by [index_patterns]
[2018-05-08T16:59:05,004][WARN ][o.e.d.a.a.i.t.p.PutIndexTemplateRequest] Deprecated field [template] used, replaced by [index_patterns]
[2018-05-08T17:07:21,154][WARN ][o.e.d.c.ParseField       ] Deprecated field [all_fields] used, replaced by [Set [fields] to `*` instead]
[2018-05-08T17:07:21,171][WARN ][o.e.d.c.ParseField       ] Deprecated field [inline] used, expected [source] instead
[2018-05-08T17:07:21,188][WARN ][o.e.d.c.ParseField       ] Deprecated field [all_fields] used, replaced by [Set [fields] to `*` instead]
[2018-05-08T17:07:21,200][WARN ][o.e.d.c.ParseField       ] Deprecated field [inline] used, expected [source] instead
[2018-05-08T17:08:01,710][WARN ][o.e.d.a.a.i.t.p.PutIndexTemplateRequest] Deprecated field [template] used, replaced by [index_patterns]
[2018-05-08T17:23:54,344][WARN ][o.e.d.i.m.UidFieldMapper ] Fielddata access on the _uid field is deprecated, use _id instead
[2018-05-08T17:23:54,344][WARN ][o.e.d.i.m.UidFieldMapper ] Fielddata access on the _uid field is deprecated, use _id instead
[2018-05-08T17:23:54,344][WARN ][o.e.d.i.m.UidFieldMapper ] Fielddata access on the _uid field is deprecated, use _id instead
[2018-05-08T17:23:54,380][WARN ][o.e.d.a.a.i.t.p.PutIndexTemplateRequest] Deprecated field [template] used, replaced by [index_patterns]
[2018-05-08T17:34:36,748][WARN ][o.e.d.a.a.i.t.p.PutIndexTemplateRequest] Deprecated field [template] used, replaced by [index_patterns]
[2018-05-08T17:34:53,580][WARN ][o.e.d.a.a.i.t.p.PutIndexTemplateRequest] Deprecated field [template] used, replaced by [index_patterns]
[2018-05-08T17:35:49,290][WARN ][o.e.d.a.a.i.t.p.PutIndexTemplateRequest] Deprecated field [template] used, replaced by [index_patterns]
[2018-05-08T17:37:37,083][WARN ][o.e.d.a.a.i.t.p.PutIndexTemplateRequest] Deprecated field [template] used, replaced by [index_patterns]
[2018-05-08T17:39:18,561][WARN ][o.e.d.a.a.i.t.p.PutIndexTemplateRequest] Deprecated field [template] used, replaced by [index_patterns]
[2018-05-08T17:40:35,140][WARN ][o.e.d.a.a.i.t.p.PutIndexTemplateRequest] Deprecated field [template] used, replaced by [index_patterns]
[2018-05-08T17:41:04,454][WARN ][o.e.d.a.a.i.t.p.PutIndexTemplateRequest] Deprecated field [template] used, replaced by [index_patterns]
[2018-05-08T17:42:31,341][WARN ][o.e.d.a.a.i.t.p.PutIndexTemplateRequest] Deprecated field [template] used, replaced by [index_patterns]
[2018-05-08T17:47:37,894][WARN ][o.e.d.a.a.i.t.p.PutIndexTemplateRequest] Deprecated field [template] used, replaced by [index_patterns]
[2018-05-08T17:52:05,540][WARN ][o.e.d.a.a.i.t.p.PutIndexTemplateRequest] Deprecated field [template] used, replaced by [index_patterns]
[2018-05-08T18:07:21,101][WARN ][o.e.d.a.a.i.t.p.PutIndexTemplateRequest] Deprecated field [template] used, replaced by [index_patterns]
[2018-05-09T15:10:40,330][WARN ][o.e.d.a.a.i.t.p.PutIndexTemplateRequest] Deprecated field [template] used, replaced by [index_patterns]
[2018-05-09T15:11:42,353][WARN ][o.e.d.a.a.i.t.p.PutIndexTemplateRequest] Deprecated field [template] used, replaced by [index_patterns]
[2018-05-09T15:20:00,810][WARN ][o.e.d.c.ParseField       ] Deprecated field [all_fields] used, replaced by [Set [fields] to `*` instead]
[2018-05-09T15:20:00,823][WARN ][o.e.d.c.ParseField       ] Deprecated field [inline] used, expected [source] instead
[2018-05-09T15:20:00,865][WARN ][o.e.d.c.ParseField       ] Deprecated field [all_fields] used, replaced by [Set [fields] to `*` instead]
[2018-05-09T15:20:00,878][WARN ][o.e.d.c.ParseField       ] Deprecated field [inline] used, expected [source] instead
[2018-05-09T15:22:49,384][WARN ][o.e.d.a.a.i.t.p.PutIndexTemplateRequest] Deprecated field [template] used, replaced by [index_patterns]
[2018-05-09T15:26:15,119][WARN ][o.e.d.a.a.i.t.p.PutIndexTemplateRequest] Deprecated field [template] used, replaced by [index_patterns]
[2018-05-09T15:30:46,914][WARN ][o.e.d.a.a.i.t.p.PutIndexTemplateRequest] Deprecated field [template] used, replaced by [index_patterns]
[2018-05-09T15:35:07,839][WARN ][o.e.d.a.a.i.t.p.PutIndexTemplateRequest] Deprecated field [template] used, replaced by [index_patterns]
[2018-05-09T15:37:25,325][WARN ][o.e.d.a.a.i.t.p.PutIndexTemplateRequest] Deprecated field [template] used, replaced by [index_patterns]
[2018-05-09T15:40:08,725][WARN ][o.e.d.a.a.i.t.p.PutIndexTemplateRequest] Deprecated field [template] used, replaced by [index_patterns]
[2018-05-09T17:46:10,079][WARN ][o.e.d.c.ParseField       ] Deprecated field [all_fields] used, replaced by [Set [fields] to `*` instead]
[2018-05-09T17:46:10,094][WARN ][o.e.d.c.ParseField       ] Deprecated field [inline] used, expected [source] instead
[2018-05-09T17:46:10,101][WARN ][o.e.d.c.ParseField       ] Deprecated field [all_fields] used, replaced by [Set [fields] to `*` instead]
[2018-05-09T17:46:10,110][WARN ][o.e.d.c.ParseField       ] Deprecated field [inline] used, expected [source] instead
[2018-05-31T15:39:13,315][WARN ][o.e.d.a.a.i.t.p.PutIndexTemplateRequest] Deprecated field [template] used, replaced by [index_patterns]
[2018-06-05T17:32:46,301][WARN ][o.e.d.a.a.i.t.p.PutIndexTemplateRequest] Deprecated field [template] used, replaced by [index_patterns]
[2018-06-05T17:34:18,692][WARN ][o.e.d.a.a.i.t.p.PutIndexTemplateRequest] Deprecated field [template] used, replaced by [index_patterns]
[2018-06-05T17:45:21,413][WARN ][o.e.d.a.a.i.t.p.PutIndexTemplateRequest] Deprecated field [template] used, replaced by [index_patterns]
[2018-07-09T10:31:11,184][WARN ][o.e.d.i.m.UidFieldMapper ] Fielddata access on the _uid field is deprecated, use _id instead
[2018-07-09T10:31:11,185][WARN ][o.e.d.i.m.UidFieldMapper ] Fielddata access on the _uid field is deprecated, use _id instead
[2018-07-09T10:31:11,185][WARN ][o.e.d.i.m.UidFieldMapper ] Fielddata access on the _uid field is deprecated, use _id instead
[2018-07-09T10:31:11,227][WARN ][o.e.d.a.a.i.t.p.PutIndexTemplateRequest] Deprecated field [template] used, replaced by [index_patterns]
[2018-09-09T10:05:12,483][WARN ][o.e.d.i.m.UidFieldMapper ] Fielddata access on the _uid field is deprecated, use _id instead
[2018-09-09T10:05:12,483][WARN ][o.e.d.i.m.UidFieldMapper ] Fielddata access on the _uid field is deprecated, use _id instead
[2018-09-09T10:05:12,483][WARN ][o.e.d.i.m.UidFieldMapper ] Fielddata access on the _uid field is deprecated, use _id instead
[2018-09-09T10:05:12,483][WARN ][o.e.d.i.m.UidFieldMapper ] Fielddata access on the _uid field is deprecated, use _id instead
[2018-09-09T10:05:12,518][WARN ][o.e.d.a.a.i.t.p.PutIndexTemplateRequest] Deprecated field [template] used, replaced by [index_patterns]
[2018-09-09T10:05:41,280][WARN ][o.e.d.c.ParseField       ] Deprecated field [all_fields] used, replaced by [Set [fields] to `*` instead]
[2018-09-09T10:05:41,295][WARN ][o.e.d.c.ParseField       ] Deprecated field [all_fields] used, replaced by [Set [fields] to `*` instead]
[2018-09-09T10:10:24,117][WARN ][o.e.d.c.ParseField       ] Deprecated field [all_fields] used, replaced by [Set [fields] to `*` instead]
[2018-09-09T10:10:24,187][WARN ][o.e.d.c.ParseField       ] Deprecated field [all_fields] used, replaced by [Set [fields] to `*` instead]
[2018-09-09T10:10:46,957][WARN ][o.e.d.c.ParseField       ] Deprecated field [all_fields] used, replaced by [Set [fields] to `*` instead]
[2018-09-09T10:10:46,977][WARN ][o.e.d.c.ParseField       ] Deprecated field [all_fields] used, replaced by [Set [fields] to `*` instead]
[2018-09-09T10:10:48,776][WARN ][o.e.d.c.ParseField       ] Deprecated field [all_fields] used, replaced by [Set [fields] to `*` instead]
[2018-09-09T10:10:54,134][WARN ][o.e.d.c.ParseField       ] Deprecated field [all_fields] used, replaced by [Set [fields] to `*` instead]
[2018-09-09T10:10:57,907][WARN ][o.e.d.c.ParseField       ] Deprecated field [all_fields] used, replaced by [Set [fields] to `*` instead]
[2018-09-09T10:10:59,322][WARN ][o.e.d.c.ParseField       ] Deprecated field [all_fields] used, replaced by [Set [fields] to `*` instead]
[2018-09-09T10:18:06,541][WARN ][o.e.d.i.m.UidFieldMapper ] Fielddata access on the _uid field is deprecated, use _id instead
[2018-09-09T10:18:07,965][WARN ][o.e.d.a.a.i.t.p.PutIndexTemplateRequest] Deprecated field [template] used, replaced by [index_patterns]
[2018-09-09T10:18:09,244][WARN ][o.e.d.i.m.UidFieldMapper ] Fielddata access on the _uid field is deprecated, use _id instead
[2018-09-09T10:18:09,245][WARN ][o.e.d.i.m.UidFieldMapper ] Fielddata access on the _uid field is deprecated, use _id instead
[2018-09-09T10:18:09,265][WARN ][o.e.d.a.a.i.t.p.PutIndexTemplateRequest] Deprecated field [template] used, replaced by [index_patterns]
[2018-09-09T10:18:09,286][WARN ][o.e.d.a.a.i.t.p.PutIndexTemplateRequest] Deprecated field [template] used, replaced by [index_patterns]
[2018-09-09T10:18:09,325][WARN ][o.e.d.a.a.i.t.p.PutIndexTemplateRequest] Deprecated field [template] used, replaced by [index_patterns]
[2018-09-09T10:18:10,132][WARN ][o.e.d.a.a.i.t.p.PutIndexTemplateRequest] Deprecated field [template] used, replaced by [index_patterns]
[2018-09-13T11:06:04,411][WARN ][o.e.d.i.m.UidFieldMapper ] Fielddata access on the _uid field is deprecated, use _id instead
[2018-09-13T11:06:04,411][WARN ][o.e.d.i.m.UidFieldMapper ] Fielddata access on the _uid field is deprecated, use _id instead
[2018-09-13T11:06:04,468][WARN ][o.e.d.a.a.i.t.p.PutIndexTemplateRequest] Deprecated field [template] used, replaced by [index_patterns]
[2018-09-13T11:08:38,340][WARN ][o.e.d.c.ParseField       ] Deprecated field [all_fields] used, replaced by [Set [fields] to `*` instead]
[2018-09-13T11:08:38,358][WARN ][o.e.d.c.ParseField       ] Deprecated field [all_fields] used, replaced by [Set [fields] to `*` instead]
[2018-09-13T11:08:38,380][WARN ][o.e.d.c.ParseField       ] Deprecated field [inline] used, expected [source] instead
[2018-09-13T11:08:38,380][WARN ][o.e.d.c.ParseField       ] Deprecated field [inline] used, expected [source] instead
[2018-09-13T11:08:40,850][WARN ][o.e.d.c.ParseField       ] Deprecated field [all_fields] used, replaced by [Set [fields] to `*` instead]
[2018-09-13T11:08:40,857][WARN ][o.e.d.c.ParseField       ] Deprecated field [inline] used, expected [source] instead
[2018-09-13T11:08:45,474][WARN ][o.e.d.c.ParseField       ] Deprecated field [all_fields] used, replaced by [Set [fields] to `*` instead]
[2018-09-13T11:08:45,487][WARN ][o.e.d.c.ParseField       ] Deprecated field [inline] used, expected [source] instead
[2018-09-13T11:08:45,533][WARN ][o.e.d.c.ParseField       ] Deprecated field [all_fields] used, replaced by [Set [fields] to `*` instead]
[2018-09-13T11:08:45,544][WARN ][o.e.d.c.ParseField       ] Deprecated field [inline] used, expected [source] instead
[2018-09-13T11:08:47,770][WARN ][o.e.d.c.ParseField       ] Deprecated field [all_fields] used, replaced by [Set [fields] to `*` instead]
[2018-09-13T11:08:47,777][WARN ][o.e.d.c.ParseField       ] Deprecated field [inline] used, expected [source] instead
[2018-09-13T11:08:59,752][WARN ][o.e.d.c.ParseField       ] Deprecated field [all_fields] used, replaced by [Set [fields] to `*` instead]
[2018-09-13T11:08:59,775][WARN ][o.e.d.c.ParseField       ] Deprecated field [inline] used, expected [source] instead
[2018-09-13T11:09:07,672][WARN ][o.e.d.c.ParseField       ] Deprecated field [all_fields] used, replaced by [Set [fields] to `*` instead]
[2018-09-13T11:09:07,683][WARN ][o.e.d.c.ParseField       ] Deprecated field [inline] used, expected [source] instead
[2018-09-13T11:09:07,716][WARN ][o.e.d.c.ParseField       ] Deprecated field [all_fields] used, replaced by [Set [fields] to `*` instead]
[2018-09-13T11:09:07,724][WARN ][o.e.d.c.ParseField       ] Deprecated field [inline] used, expected [source] instead
[2018-09-13T11:09:15,166][WARN ][o.e.d.c.ParseField       ] Deprecated field [all_fields] used, replaced by [Set [fields] to `*` instead]
[2018-09-13T11:09:15,180][WARN ][o.e.d.c.ParseField       ] Deprecated field [inline] used, expected [source] instead
[2018-09-13T11:09:20,440][WARN ][o.e.d.c.ParseField       ] Deprecated field [all_fields] used, replaced by [Set [fields] to `*` instead]
[2018-09-13T11:09:20,451][WARN ][o.e.d.c.ParseField       ] Deprecated field [inline] used, expected [source] instead
[2018-09-13T11:09:21,765][WARN ][o.e.d.c.ParseField       ] Deprecated field [all_fields] used, replaced by [Set [fields] to `*` instead]
[2018-09-13T11:09:21,773][WARN ][o.e.d.c.ParseField       ] Deprecated field [inline] used, expected [source] instead
[2018-09-13T11:11:14,813][WARN ][o.e.d.c.ParseField       ] Deprecated field [all_fields] used, replaced by [Set [fields] to `*` instead]
[2018-09-13T11:11:14,820][WARN ][o.e.d.c.ParseField       ] Deprecated field [inline] used, expected [source] instead
[2018-09-13T11:11:14,852][WARN ][o.e.d.c.ParseField       ] Deprecated field [all_fields] used, replaced by [Set [fields] to `*` instead]
[2018-09-13T11:11:14,863][WARN ][o.e.d.c.ParseField       ] Deprecated field [inline] used, expected [source] instead
[2018-09-13T11:14:00,313][WARN ][o.e.d.i.m.UidFieldMapper ] Fielddata access on the _uid field is deprecated, use _id instead
[2018-09-13T11:14:00,313][WARN ][o.e.d.i.m.UidFieldMapper ] Fielddata access on the _uid field is deprecated, use _id instead
[2018-09-13T11:14:00,351][WARN ][o.e.d.a.a.i.t.p.PutIndexTemplateRequest] Deprecated field [template] used, replaced by [index_patterns]
[2018-09-13T14:22:48,471][WARN ][o.e.d.i.m.UidFieldMapper ] Fielddata access on the _uid field is deprecated, use _id instead
[2018-09-13T14:22:48,471][WARN ][o.e.d.i.m.UidFieldMapper ] Fielddata access on the _uid field is deprecated, use _id instead
[2018-09-13T14:22:48,506][WARN ][o.e.d.a.a.i.t.p.PutIndexTemplateRequest] Deprecated field [template] used, replaced by [index_patterns]
[2018-09-13T14:38:10,294][WARN ][o.e.d.i.m.UidFieldMapper ] Fielddata access on the _uid field is deprecated, use _id instead
[2018-09-13T14:38:15,736][WARN ][o.e.d.a.a.i.t.p.PutIndexTemplateRequest] Deprecated field [template] used, replaced by [index_patterns]
[2018-09-13T14:38:17,043][WARN ][o.e.d.i.m.UidFieldMapper ] Fielddata access on the _uid field is deprecated, use _id instead
[2018-09-13T14:38:17,043][WARN ][o.e.d.i.m.UidFieldMapper ] Fielddata access on the _uid field is deprecated, use _id instead
[2018-09-13T14:38:17,055][WARN ][o.e.d.a.a.i.t.p.PutIndexTemplateRequest] Deprecated field [template] used, replaced by [index_patterns]
[2018-09-13T14:38:17,080][WARN ][o.e.d.a.a.i.t.p.PutIndexTemplateRequest] Deprecated field [template] used, replaced by [index_patterns]
[2018-09-13T14:38:17,104][WARN ][o.e.d.a.a.i.t.p.PutIndexTemplateRequest] Deprecated field [template] used, replaced by [index_patterns]
[2018-09-13T14:38:17,865][WARN ][o.e.d.a.a.i.t.p.PutIndexTemplateRequest] Deprecated field [template] used, replaced by [index_patterns]
[2018-09-13T15:31:08,454][WARN ][o.e.d.i.m.UidFieldMapper ] Fielddata access on the _uid field is deprecated, use _id instead
[2018-09-13T15:31:08,455][WARN ][o.e.d.i.m.UidFieldMapper ] Fielddata access on the _uid field is deprecated, use _id instead
[2018-09-13T15:31:08,485][WARN ][o.e.d.a.a.i.t.p.PutIndexTemplateRequest] Deprecated field [template] used, replaced by [index_patterns]
[2018-09-13T18:15:20,725][WARN ][o.e.d.i.m.UidFieldMapper ] Fielddata access on the _uid field is deprecated, use _id instead
[2018-09-13T18:15:20,725][WARN ][o.e.d.i.m.UidFieldMapper ] Fielddata access on the _uid field is deprecated, use _id instead
[2018-09-13T18:15:20,753][WARN ][o.e.d.a.a.i.t.p.PutIndexTemplateRequest] Deprecated field [template] used, replaced by [index_patterns]
[2018-09-16T20:43:49,042][WARN ][o.e.d.i.m.UidFieldMapper ] Fielddata access on the _uid field is deprecated, use _id instead
[2018-09-16T20:43:49,042][WARN ][o.e.d.i.m.UidFieldMapper ] Fielddata access on the _uid field is deprecated, use _id instead
[2018-09-16T20:43:49,088][WARN ][o.e.d.a.a.i.t.p.PutIndexTemplateRequest] Deprecated field [template] used, replaced by [index_patterns]
[2018-09-16T20:46:53,309][WARN ][o.e.d.i.m.UidFieldMapper ] Fielddata access on the _uid field is deprecated, use _id instead
[2018-09-16T20:46:53,309][WARN ][o.e.d.i.m.UidFieldMapper ] Fielddata access on the _uid field is deprecated, use _id instead
[2018-09-16T20:46:53,339][WARN ][o.e.d.a.a.i.t.p.PutIndexTemplateRequest] Deprecated field [template] used, replaced by [index_patterns]
[2018-09-16T20:47:09,705][WARN ][o.e.d.c.ParseField       ] Deprecated field [all_fields] used, replaced by [Set [fields] to `*` instead]
[2018-09-16T20:47:09,759][WARN ][o.e.d.c.ParseField       ] Deprecated field [all_fields] used, replaced by [Set [fields] to `*` instead]
[2018-09-16T20:47:09,811][WARN ][o.e.d.c.ParseField       ] Deprecated field [inline] used, expected [source] instead
[2018-09-16T20:47:09,826][WARN ][o.e.d.c.ParseField       ] Deprecated field [inline] used, expected [source] instead
[2018-09-16T20:56:14,332][WARN ][o.e.d.i.m.UidFieldMapper ] Fielddata access on the _uid field is deprecated, use _id instead
[2018-09-16T20:56:15,782][WARN ][o.e.d.a.a.i.t.p.PutIndexTemplateRequest] Deprecated field [template] used, replaced by [index_patterns]
[2018-09-16T20:56:17,238][WARN ][o.e.d.a.a.i.t.p.PutIndexTemplateRequest] Deprecated field [template] used, replaced by [index_patterns]
[2018-09-16T20:56:17,266][WARN ][o.e.d.i.m.UidFieldMapper ] Fielddata access on the _uid field is deprecated, use _id instead
[2018-09-16T20:56:17,266][WARN ][o.e.d.i.m.UidFieldMapper ] Fielddata access on the _uid field is deprecated, use _id instead
[2018-09-16T20:56:17,297][WARN ][o.e.d.a.a.i.t.p.PutIndexTemplateRequest] Deprecated field [template] used, replaced by [index_patterns]
[2018-09-16T20:56:17,342][WARN ][o.e.d.a.a.i.t.p.PutIndexTemplateRequest] Deprecated field [template] used, replaced by [index_patterns]
[2018-09-16T20:56:18,074][WARN ][o.e.d.a.a.i.t.p.PutIndexTemplateRequest] Deprecated field [template] used, replaced by [index_patterns]
[2018-09-16T21:36:06,427][WARN ][o.e.d.a.a.i.t.p.PutIndexTemplateRequest] Deprecated field [template] used, replaced by [index_patterns]
[2018-09-16T21:36:08,839][WARN ][o.e.d.a.a.i.t.p.PutIndexTemplateRequest] Deprecated field [template] used, replaced by [index_patterns]
[2018-09-16T21:36:12,905][WARN ][o.e.d.a.a.i.t.p.PutIndexTemplateRequest] Deprecated field [template] used, replaced by [index_patterns]
[2018-11-08T19:34:32,885][WARN ][o.e.d.a.a.i.t.p.PutIndexTemplateRequest] Deprecated field [template] used, replaced by [index_patterns]
[2018-11-08T19:40:46,689][WARN ][o.e.d.i.m.UidFieldMapper ] Fielddata access on the _uid field is deprecated, use _id instead
[2018-11-08T19:40:48,256][WARN ][o.e.d.a.a.i.t.p.PutIndexTemplateRequest] Deprecated field [template] used, replaced by [index_patterns]
[2018-11-08T19:40:49,698][WARN ][o.e.d.i.m.UidFieldMapper ] Fielddata access on the _uid field is deprecated, use _id instead
[2018-11-08T19:40:49,698][WARN ][o.e.d.i.m.UidFieldMapper ] Fielddata access on the _uid field is deprecated, use _id instead
[2018-11-08T19:40:49,717][WARN ][o.e.d.a.a.i.t.p.PutIndexTemplateRequest] Deprecated field [template] used, replaced by [index_patterns]
[2018-11-08T19:40:49,767][WARN ][o.e.d.a.a.i.t.p.PutIndexTemplateRequest] Deprecated field [template] used, replaced by [index_patterns]
[2018-11-08T19:40:49,802][WARN ][o.e.d.a.a.i.t.p.PutIndexTemplateRequest] Deprecated field [template] used, replaced by [index_patterns]
[2018-11-08T19:40:50,697][WARN ][o.e.d.a.a.i.t.p.PutIndexTemplateRequest] Deprecated field [template] used, replaced by [index_patterns]
[2018-11-08T19:56:54,264][WARN ][o.e.d.i.m.UidFieldMapper ] Fielddata access on the _uid field is deprecated, use _id instead
[2018-11-08T19:56:54,264][WARN ][o.e.d.i.m.UidFieldMapper ] Fielddata access on the _uid field is deprecated, use _id instead
[2018-11-08T19:56:54,328][WARN ][o.e.d.a.a.i.t.p.PutIndexTemplateRequest] Deprecated field [template] used, replaced by [index_patterns]
[2018-11-08T20:00:48,420][WARN ][o.e.d.i.m.UidFieldMapper ] Fielddata access on the _uid field is deprecated, use _id instead
[2018-11-08T20:00:48,420][WARN ][o.e.d.i.m.UidFieldMapper ] Fielddata access on the _uid field is deprecated, use _id instead
[2018-11-08T20:00:48,450][WARN ][o.e.d.a.a.i.t.p.PutIndexTemplateRequest] Deprecated field [template] used, replaced by [index_patterns]
[2018-11-10T20:09:09,152][WARN ][o.e.d.i.m.UidFieldMapper ] Fielddata access on the _uid field is deprecated, use _id instead
[2018-11-10T20:09:09,153][WARN ][o.e.d.i.m.UidFieldMapper ] Fielddata access on the _uid field is deprecated, use _id instead
[2018-11-10T20:09:09,152][WARN ][o.e.d.i.m.UidFieldMapper ] Fielddata access on the _uid field is deprecated, use _id instead
[2018-11-10T20:09:09,152][WARN ][o.e.d.i.m.UidFieldMapper ] Fielddata access on the _uid field is deprecated, use _id instead
[2018-11-10T20:17:05,427][WARN ][o.e.d.c.ParseField       ] Deprecated field [all_fields] used, replaced by [Set [fields] to `*` instead]
[2018-11-10T20:17:05,445][WARN ][o.e.d.c.ParseField       ] Deprecated field [all_fields] used, replaced by [Set [fields] to `*` instead]
[2018-11-10T20:17:05,511][WARN ][o.e.d.c.ParseField       ] Deprecated field [inline] used, expected [source] instead
[2018-11-10T20:17:05,511][WARN ][o.e.d.c.ParseField       ] Deprecated field [inline] used, expected [source] instead
[2018-11-10T21:17:27,997][WARN ][o.e.d.i.m.UidFieldMapper ] Fielddata access on the _uid field is deprecated, use _id instead
[2018-11-10T21:17:29,566][WARN ][o.e.d.a.a.i.t.p.PutIndexTemplateRequest] Deprecated field [template] used, replaced by [index_patterns]
[2018-11-10T21:17:30,899][WARN ][o.e.d.i.m.UidFieldMapper ] Fielddata access on the _uid field is deprecated, use _id instead
[2018-11-10T21:17:30,899][WARN ][o.e.d.i.m.UidFieldMapper ] Fielddata access on the _uid field is deprecated, use _id instead
[2018-11-10T21:17:30,944][WARN ][o.e.d.a.a.i.t.p.PutIndexTemplateRequest] Deprecated field [template] used, replaced by [index_patterns]
[2018-11-10T21:17:30,954][WARN ][o.e.d.a.a.i.t.p.PutIndexTemplateRequest] Deprecated field [template] used, replaced by [index_patterns]
[2018-11-10T21:17:31,002][WARN ][o.e.d.a.a.i.t.p.PutIndexTemplateRequest] Deprecated field [template] used, replaced by [index_patterns]
[2018-11-10T21:17:31,755][WARN ][o.e.d.a.a.i.t.p.PutIndexTemplateRequest] Deprecated field [template] used, replaced by [index_patterns]
[2018-11-10T21:25:28,080][WARN ][o.e.d.i.m.UidFieldMapper ] Fielddata access on the _uid field is deprecated, use _id instead
[2018-11-10T21:25:30,418][WARN ][o.e.d.a.a.i.t.p.PutIndexTemplateRequest] Deprecated field [template] used, replaced by [index_patterns]
[2018-11-10T21:25:31,730][WARN ][o.e.d.i.m.UidFieldMapper ] Fielddata access on the _uid field is deprecated, use _id instead
[2018-11-10T21:25:31,730][WARN ][o.e.d.i.m.UidFieldMapper ] Fielddata access on the _uid field is deprecated, use _id instead
[2018-11-10T21:25:31,765][WARN ][o.e.d.a.a.i.t.p.PutIndexTemplateRequest] Deprecated field [template] used, replaced by [index_patterns]
[2018-11-10T21:25:31,792][WARN ][o.e.d.a.a.i.t.p.PutIndexTemplateRequest] Deprecated field [template] used, replaced by [index_patterns]
[2018-11-10T21:25:31,830][WARN ][o.e.d.a.a.i.t.p.PutIndexTemplateRequest] Deprecated field [template] used, replaced by [index_patterns]
[2018-11-10T21:25:32,617][WARN ][o.e.d.a.a.i.t.p.PutIndexTemplateRequest] Deprecated field [template] used, replaced by [index_patterns]
[2018-11-10T21:25:35,173][WARN ][o.e.d.a.a.i.t.p.PutIndexTemplateRequest] Deprecated field [template] used, replaced by [index_patterns]
[2018-11-16T20:02:07,860][WARN ][o.e.d.i.m.UidFieldMapper ] Fielddata access on the _uid field is deprecated, use _id instead
[2018-11-16T20:02:11,124][WARN ][o.e.d.a.a.i.t.p.PutIndexTemplateRequest] Deprecated field [template] used, replaced by [index_patterns]
[2018-11-16T20:02:12,381][WARN ][o.e.d.i.m.UidFieldMapper ] Fielddata access on the _uid field is deprecated, use _id instead
[2018-11-16T20:02:12,381][WARN ][o.e.d.i.m.UidFieldMapper ] Fielddata access on the _uid field is deprecated, use _id instead
[2018-11-16T20:02:12,423][WARN ][o.e.d.a.a.i.t.p.PutIndexTemplateRequest] Deprecated field [template] used, replaced by [index_patterns]
[2018-11-16T20:02:12,454][WARN ][o.e.d.a.a.i.t.p.PutIndexTemplateRequest] Deprecated field [template] used, replaced by [index_patterns]
[2018-11-16T20:02:12,503][WARN ][o.e.d.a.a.i.t.p.PutIndexTemplateRequest] Deprecated field [template] used, replaced by [index_patterns]
[2018-11-16T20:02:13,346][WARN ][o.e.d.a.a.i.t.p.PutIndexTemplateRequest] Deprecated field [template] used, replaced by [index_patterns]
[2018-11-16T20:02:16,477][WARN ][o.e.d.a.a.i.t.p.PutIndexTemplateRequest] Deprecated field [template] used, replaced by [index_patterns]
[2018-11-16T20:15:12,241][WARN ][o.e.d.i.m.UidFieldMapper ] Fielddata access on the _uid field is deprecated, use _id instead
[2018-11-16T20:15:14,645][WARN ][o.e.d.a.a.i.t.p.PutIndexTemplateRequest] Deprecated field [template] used, replaced by [index_patterns]
[2018-11-16T20:15:15,918][WARN ][o.e.d.i.m.UidFieldMapper ] Fielddata access on the _uid field is deprecated, use _id instead
[2018-11-16T20:15:15,919][WARN ][o.e.d.i.m.UidFieldMapper ] Fielddata access on the _uid field is deprecated, use _id instead
[2018-11-16T20:15:15,977][WARN ][o.e.d.a.a.i.t.p.PutIndexTemplateRequest] Deprecated field [template] used, replaced by [index_patterns]
[2018-11-16T20:15:15,998][WARN ][o.e.d.a.a.i.t.p.PutIndexTemplateRequest] Deprecated field [template] used, replaced by [index_patterns]
[2018-11-16T20:15:16,046][WARN ][o.e.d.a.a.i.t.p.PutIndexTemplateRequest] Deprecated field [template] used, replaced by [index_patterns]
[2018-11-16T20:15:16,811][WARN ][o.e.d.a.a.i.t.p.PutIndexTemplateRequest] Deprecated field [template] used, replaced by [index_patterns]
[2018-11-16T20:15:19,101][WARN ][o.e.d.a.a.i.t.p.PutIndexTemplateRequest] Deprecated field [template] used, replaced by [index_patterns]
[2018-12-28T18:22:38,609][WARN ][o.e.d.i.m.UidFieldMapper ] Fielddata access on the _uid field is deprecated, use _id instead
[2018-12-28T18:22:40,941][WARN ][o.e.d.a.a.i.t.p.PutIndexTemplateRequest] Deprecated field [template] used, replaced by [index_patterns]
[2018-12-28T18:22:42,278][WARN ][o.e.d.i.m.UidFieldMapper ] Fielddata access on the _uid field is deprecated, use _id instead
[2018-12-28T18:22:42,278][WARN ][o.e.d.i.m.UidFieldMapper ] Fielddata access on the _uid field is deprecated, use _id instead
[2018-12-28T18:22:42,299][WARN ][o.e.d.a.a.i.t.p.PutIndexTemplateRequest] Deprecated field [template] used, replaced by [index_patterns]
[2018-12-28T18:22:42,337][WARN ][o.e.d.a.a.i.t.p.PutIndexTemplateRequest] Deprecated field [template] used, replaced by [index_patterns]
[2018-12-28T18:22:42,372][WARN ][o.e.d.a.a.i.t.p.PutIndexTemplateRequest] Deprecated field [template] used, replaced by [index_patterns]
[2018-12-28T18:22:43,129][WARN ][o.e.d.a.a.i.t.p.PutIndexTemplateRequest] Deprecated field [template] used, replaced by [index_patterns]
[2019-01-18T19:45:18,722][WARN ][o.e.d.i.m.UidFieldMapper ] Fielddata access on the _uid field is deprecated, use _id instead
[2019-01-18T19:45:18,722][WARN ][o.e.d.i.m.UidFieldMapper ] Fielddata access on the _uid field is deprecated, use _id instead
[2019-01-18T19:45:20,297][WARN ][o.e.d.a.a.i.t.p.PutIndexTemplateRequest] Deprecated field [template] used, replaced by [index_patterns]
[2019-01-18T19:45:21,657][WARN ][o.e.d.i.m.UidFieldMapper ] Fielddata access on the _uid field is deprecated, use _id instead
[2019-01-18T19:45:21,657][WARN ][o.e.d.i.m.UidFieldMapper ] Fielddata access on the _uid field is deprecated, use _id instead
[2019-01-18T19:45:21,657][WARN ][o.e.d.i.m.UidFieldMapper ] Fielddata access on the _uid field is deprecated, use _id instead
[2019-01-18T19:45:21,689][WARN ][o.e.d.a.a.i.t.p.PutIndexTemplateRequest] Deprecated field [template] used, replaced by [index_patterns]
[2019-01-18T19:45:21,696][WARN ][o.e.d.a.a.i.t.p.PutIndexTemplateRequest] Deprecated field [template] used, replaced by [index_patterns]
[2019-01-18T19:45:21,739][WARN ][o.e.d.a.a.i.t.p.PutIndexTemplateRequest] Deprecated field [template] used, replaced by [index_patterns]
[2019-01-18T19:45:22,563][WARN ][o.e.d.a.a.i.t.p.PutIndexTemplateRequest] Deprecated field [template] used, replaced by [index_patterns]
