[2019-03-09T19:56:03.225+0000][42849][gc] Using Concurrent Mark Sweep
[2019-03-09T19:56:03.226+0000][42849][gc,heap,coops] Heap address: 0x0000000780000000, size: 1024 MB, Compressed Oops mode: Zero based, Oop shift amount: 3
[2019-03-09T19:56:03.295+0000][42849][safepoint    ] Total time for which application threads were stopped: 0.0000977 seconds, Stopping threads took: 0.0000115 seconds
[2019-03-09T19:56:03.310+0000][42849][safepoint    ] Application time: 0.0151500 seconds
[2019-03-09T19:56:03.310+0000][42849][safepoint    ] Total time for which application threads were stopped: 0.0000622 seconds, Stopping threads took: 0.0000024 seconds
[2019-03-09T19:56:03.313+0000][42849][safepoint    ] Application time: 0.0035530 seconds
[2019-03-09T19:56:03.313+0000][42849][safepoint    ] Total time for which application threads were stopped: 0.0000297 seconds, Stopping threads took: 0.0000027 seconds
[2019-03-09T19:56:03.314+0000][42849][safepoint    ] Application time: 0.0010756 seconds
[2019-03-09T19:56:03.315+0000][42849][safepoint    ] Total time for which application threads were stopped: 0.0001373 seconds, Stopping threads took: 0.0001193 seconds
[2019-03-09T19:56:03.387+0000][42849][safepoint    ] Application time: 0.0718730 seconds
[2019-03-09T19:56:03.387+0000][42849][safepoint    ] Total time for which application threads were stopped: 0.0000602 seconds, Stopping threads took: 0.0000029 seconds
[2019-03-09T19:56:03.403+0000][42849][safepoint    ] Application time: 0.0156400 seconds
[2019-03-09T19:56:03.403+0000][42849][safepoint    ] Total time for which application threads were stopped: 0.0000350 seconds, Stopping threads took: 0.0000015 seconds
[2019-03-09T19:56:03.541+0000][42849][safepoint    ] Application time: 0.1383879 seconds
[2019-03-09T19:56:03.541+0000][42849][safepoint    ] Total time for which application threads were stopped: 0.0000751 seconds, Stopping threads took: 0.0000018 seconds
[2019-03-09T19:56:03.598+0000][42849][safepoint    ] Application time: 0.0571255 seconds
[2019-03-09T19:56:03.598+0000][42849][safepoint    ] Total time for which application threads were stopped: 0.0000645 seconds, Stopping threads took: 0.0000017 seconds
[2019-03-09T19:56:03.668+0000][42849][safepoint    ] Application time: 0.0698161 seconds
[2019-03-09T19:56:03.668+0000][42849][safepoint    ] Total time for which application threads were stopped: 0.0001076 seconds, Stopping threads took: 0.0000027 seconds
[2019-03-09T19:56:03.669+0000][42849][safepoint    ] Application time: 0.0002706 seconds
[2019-03-09T19:56:03.669+0000][42849][safepoint    ] Total time for which application threads were stopped: 0.0000801 seconds, Stopping threads took: 0.0000015 seconds
[2019-03-09T19:56:03.679+0000][42849][safepoint    ] Application time: 0.0096796 seconds
[2019-03-09T19:56:03.679+0000][42849][safepoint    ] Total time for which application threads were stopped: 0.0000775 seconds, Stopping threads took: 0.0000024 seconds
[2019-03-09T19:56:04.681+0000][42849][safepoint    ] Application time: 1.0021413 seconds
[2019-03-09T19:56:04.681+0000][42849][safepoint    ] Total time for which application threads were stopped: 0.0001228 seconds, Stopping threads took: 0.0000094 seconds
[2019-03-09T19:56:05.686+0000][42849][safepoint    ] Application time: 1.0049739 seconds
[2019-03-09T19:56:05.686+0000][42849][safepoint    ] Total time for which application threads were stopped: 0.0000352 seconds, Stopping threads took: 0.0000099 seconds
[2019-03-09T19:56:06.689+0000][42849][safepoint    ] Application time: 1.0029513 seconds
[2019-03-09T19:56:06.689+0000][42849][safepoint    ] Total time for which application threads were stopped: 0.0000492 seconds, Stopping threads took: 0.0000133 seconds
[2019-03-09T19:56:07.694+0000][42849][safepoint    ] Application time: 1.0052185 seconds
[2019-03-09T19:56:07.694+0000][42849][safepoint    ] Total time for which application threads were stopped: 0.0000348 seconds, Stopping threads took: 0.0000085 seconds
[2019-03-09T19:56:08.695+0000][42849][safepoint    ] Application time: 1.0008404 seconds
[2019-03-09T19:56:08.695+0000][42849][safepoint    ] Total time for which application threads were stopped: 0.0000358 seconds, Stopping threads took: 0.0000100 seconds
[2019-03-09T19:56:08.843+0000][42849][safepoint    ] Application time: 0.1473632 seconds
[2019-03-09T19:56:08.843+0000][42849][safepoint    ] Total time for which application threads were stopped: 0.0001160 seconds, Stopping threads took: 0.0000023 seconds
[2019-03-09T19:56:08.880+0000][42849][safepoint    ] Application time: 0.0367999 seconds
[2019-03-09T19:56:08.880+0000][42849][safepoint    ] Total time for which application threads were stopped: 0.0001744 seconds, Stopping threads took: 0.0000038 seconds
[2019-03-09T19:56:08.953+0000][42849][safepoint    ] Application time: 0.0725280 seconds
[2019-03-09T19:56:08.953+0000][42849][safepoint    ] Total time for which application threads were stopped: 0.0001812 seconds, Stopping threads took: 0.0000026 seconds
[2019-03-09T19:56:09.307+0000][42849][safepoint    ] Application time: 0.3544542 seconds
[2019-03-09T19:56:09.308+0000][42849][safepoint    ] Total time for which application threads were stopped: 0.0003374 seconds, Stopping threads took: 0.0000031 seconds
[2019-03-09T19:56:09.443+0000][42849][safepoint    ] Application time: 0.1353187 seconds
[2019-03-09T19:56:09.443+0000][42849][safepoint    ] Total time for which application threads were stopped: 0.0003546 seconds, Stopping threads took: 0.0000569 seconds
[2019-03-09T19:56:09.499+0000][42849][safepoint    ] Application time: 0.0560501 seconds
[2019-03-09T19:56:09.500+0000][42849][safepoint    ] Total time for which application threads were stopped: 0.0001605 seconds, Stopping threads took: 0.0000028 seconds
[2019-03-09T19:56:09.532+0000][42849][safepoint    ] Application time: 0.0327440 seconds
[2019-03-09T19:56:09.532+0000][42849][safepoint    ] Total time for which application threads were stopped: 0.0001838 seconds, Stopping threads took: 0.0000025 seconds
[2019-03-09T19:56:09.615+0000][42849][safepoint    ] Application time: 0.0827557 seconds
[2019-03-09T19:56:09.615+0000][42849][safepoint    ] Total time for which application threads were stopped: 0.0001297 seconds, Stopping threads took: 0.0000077 seconds
[2019-03-09T19:56:09.703+0000][42849][safepoint    ] Application time: 0.0879440 seconds
[2019-03-09T19:56:09.703+0000][42849][safepoint    ] Total time for which application threads were stopped: 0.0000587 seconds, Stopping threads took: 0.0000031 seconds
[2019-03-09T19:56:09.939+0000][42849][safepoint    ] Application time: 0.2356997 seconds
[2019-03-09T19:56:09.939+0000][42849][safepoint    ] Total time for which application threads were stopped: 0.0001203 seconds, Stopping threads took: 0.0000433 seconds
[2019-03-09T19:56:09.947+0000][42849][safepoint    ] Application time: 0.0080558 seconds
[2019-03-09T19:56:09.947+0000][42849][safepoint    ] Total time for which application threads were stopped: 0.0000420 seconds, Stopping threads took: 0.0000023 seconds
[2019-03-09T19:56:09.950+0000][42849][safepoint    ] Application time: 0.0023606 seconds
[2019-03-09T19:56:09.950+0000][42849][safepoint    ] Total time for which application threads were stopped: 0.0000405 seconds, Stopping threads took: 0.0000025 seconds
[2019-03-09T19:56:09.994+0000][42849][safepoint    ] Application time: 0.0445380 seconds
[2019-03-09T19:56:09.995+0000][42849][safepoint    ] Total time for which application threads were stopped: 0.0001605 seconds, Stopping threads took: 0.0000123 seconds
[2019-03-09T19:56:10.367+0000][42849][safepoint    ] Application time: 0.3719852 seconds
[2019-03-09T19:56:10.367+0000][42849][gc,start     ] GC(0) Pause Young (Allocation Failure)
[2019-03-09T19:56:10.367+0000][42849][gc,task      ] GC(0) Using 4 workers of 4 for evacuation
[2019-03-09T19:56:10.374+0000][42849][gc,age       ] GC(0) Desired survivor size 17432576 bytes, new threshold 6 (max threshold 6)
[2019-03-09T19:56:10.374+0000][42849][gc,age       ] GC(0) Age table with threshold 6 (max threshold 6)
[2019-03-09T19:56:10.374+0000][42849][gc,age       ] GC(0) - age   1:    7977176 bytes,    7977176 total
[2019-03-09T19:56:10.374+0000][42849][gc,heap      ] GC(0) ParNew: 272640K->7896K(306688K)
[2019-03-09T19:56:10.374+0000][42849][gc,heap      ] GC(0) CMS: 0K->0K(707840K)
[2019-03-09T19:56:10.374+0000][42849][gc,metaspace ] GC(0) Metaspace: 22093K->22093K(1069056K)
[2019-03-09T19:56:10.374+0000][42849][gc           ] GC(0) Pause Young (Allocation Failure) 266M->7M(990M) 7.809ms
[2019-03-09T19:56:10.375+0000][42849][gc,cpu       ] GC(0) User=0.02s Sys=0.00s Real=0.01s
[2019-03-09T19:56:10.375+0000][42849][safepoint    ] Total time for which application threads were stopped: 0.0079267 seconds, Stopping threads took: 0.0000033 seconds
[2019-03-09T19:56:10.375+0000][42849][safepoint    ] Application time: 0.0000530 seconds
[2019-03-09T19:56:10.375+0000][42849][gc,start     ] GC(1) Pause Initial Mark
[2019-03-09T19:56:10.376+0000][42849][gc           ] GC(1) Pause Initial Mark 12M->12M(990M) 1.462ms
[2019-03-09T19:56:10.376+0000][42849][gc,cpu       ] GC(1) User=0.01s Sys=0.00s Real=0.00s
[2019-03-09T19:56:10.376+0000][42849][safepoint    ] Total time for which application threads were stopped: 0.0015638 seconds, Stopping threads took: 0.0000470 seconds
[2019-03-09T19:56:10.376+0000][42849][gc           ] GC(1) Concurrent Mark
[2019-03-09T19:56:10.379+0000][42849][gc           ] GC(1) Concurrent Mark 3.021ms
[2019-03-09T19:56:10.379+0000][42849][gc,cpu       ] GC(1) User=0.01s Sys=0.00s Real=0.00s
[2019-03-09T19:56:10.379+0000][42849][safepoint    ] Application time: 0.0030854 seconds
[2019-03-09T19:56:10.379+0000][42849][safepoint    ] Total time for which application threads were stopped: 0.0000955 seconds, Stopping threads took: 0.0000537 seconds
[2019-03-09T19:56:10.379+0000][42849][gc           ] GC(1) Concurrent Preclean
[2019-03-09T19:56:10.380+0000][42849][gc           ] GC(1) Concurrent Preclean 0.844ms
[2019-03-09T19:56:10.380+0000][42849][safepoint    ] Application time: 0.0008595 seconds
[2019-03-09T19:56:10.380+0000][42849][gc,cpu       ] GC(1) User=0.00s Sys=0.00s Real=0.01s
[2019-03-09T19:56:10.380+0000][42849][safepoint    ] Total time for which application threads were stopped: 0.0000697 seconds, Stopping threads took: 0.0000417 seconds
[2019-03-09T19:56:10.380+0000][42849][gc           ] GC(1) Concurrent Abortable Preclean
[2019-03-09T19:56:10.416+0000][42849][safepoint    ] Application time: 0.0352792 seconds
[2019-03-09T19:56:10.416+0000][42849][safepoint    ] Total time for which application threads were stopped: 0.0000509 seconds, Stopping threads took: 0.0000029 seconds
[2019-03-09T19:56:10.479+0000][42849][safepoint    ] Application time: 0.0633679 seconds
[2019-03-09T19:56:10.479+0000][42849][safepoint    ] Total time for which application threads were stopped: 0.0001789 seconds, Stopping threads took: 0.0000132 seconds
[2019-03-09T19:56:10.529+0000][42849][safepoint    ] Application time: 0.0493262 seconds
[2019-03-09T19:56:10.529+0000][42849][safepoint    ] Total time for which application threads were stopped: 0.0001532 seconds, Stopping threads took: 0.0000028 seconds
[2019-03-09T19:56:10.578+0000][42849][safepoint    ] Application time: 0.0487062 seconds
[2019-03-09T19:56:10.578+0000][42849][safepoint    ] Total time for which application threads were stopped: 0.0001562 seconds, Stopping threads took: 0.0000032 seconds
[2019-03-09T19:56:10.604+0000][42849][safepoint    ] Application time: 0.0261147 seconds
[2019-03-09T19:56:10.604+0000][42849][safepoint    ] Total time for which application threads were stopped: 0.0001438 seconds, Stopping threads took: 0.0000029 seconds
[2019-03-09T19:56:10.637+0000][42849][safepoint    ] Application time: 0.0329659 seconds
[2019-03-09T19:56:10.637+0000][42849][safepoint    ] Total time for which application threads were stopped: 0.0000945 seconds, Stopping threads took: 0.0000030 seconds
[2019-03-09T19:56:10.653+0000][42849][safepoint    ] Application time: 0.0159949 seconds
[2019-03-09T19:56:10.653+0000][42849][safepoint    ] Total time for which application threads were stopped: 0.0002770 seconds, Stopping threads took: 0.0000026 seconds
[2019-03-09T19:56:10.663+0000][42849][safepoint    ] Application time: 0.0096618 seconds
[2019-03-09T19:56:10.663+0000][42849][safepoint    ] Total time for which application threads were stopped: 0.0002114 seconds, Stopping threads took: 0.0000027 seconds
[2019-03-09T19:56:10.704+0000][42849][safepoint    ] Application time: 0.0403143 seconds
[2019-03-09T19:56:10.704+0000][42849][safepoint    ] Total time for which application threads were stopped: 0.0001489 seconds, Stopping threads took: 0.0000026 seconds
[2019-03-09T19:56:10.726+0000][42849][safepoint    ] Application time: 0.0222522 seconds
[2019-03-09T19:56:10.726+0000][42849][safepoint    ] Total time for which application threads were stopped: 0.0001260 seconds, Stopping threads took: 0.0000026 seconds
[2019-03-09T19:56:10.750+0000][42849][safepoint    ] Application time: 0.0234106 seconds
[2019-03-09T19:56:10.750+0000][42849][safepoint    ] Total time for which application threads were stopped: 0.0001472 seconds, Stopping threads took: 0.0000027 seconds
[2019-03-09T19:56:10.760+0000][42849][safepoint    ] Application time: 0.0101099 seconds
[2019-03-09T19:56:10.760+0000][42849][safepoint    ] Total time for which application threads were stopped: 0.0002740 seconds, Stopping threads took: 0.0000027 seconds
[2019-03-09T19:56:10.814+0000][42849][safepoint    ] Application time: 0.0535998 seconds
[2019-03-09T19:56:10.814+0000][42849][safepoint    ] Total time for which application threads were stopped: 0.0002004 seconds, Stopping threads took: 0.0000032 seconds
[2019-03-09T19:56:10.841+0000][42849][safepoint    ] Application time: 0.0265948 seconds
[2019-03-09T19:56:10.841+0000][42849][safepoint    ] Total time for which application threads were stopped: 0.0001376 seconds, Stopping threads took: 0.0000022 seconds
[2019-03-09T19:56:10.857+0000][42849][safepoint    ] Application time: 0.0160891 seconds
[2019-03-09T19:56:10.857+0000][42849][safepoint    ] Total time for which application threads were stopped: 0.0001350 seconds, Stopping threads took: 0.0000029 seconds
[2019-03-09T19:56:10.864+0000][42849][safepoint    ] Application time: 0.0073731 seconds
[2019-03-09T19:56:10.865+0000][42849][safepoint    ] Total time for which application threads were stopped: 0.0001411 seconds, Stopping threads took: 0.0000026 seconds
[2019-03-09T19:56:10.881+0000][42849][safepoint    ] Application time: 0.0168674 seconds
[2019-03-09T19:56:10.882+0000][42849][safepoint    ] Total time for which application threads were stopped: 0.0001835 seconds, Stopping threads took: 0.0000026 seconds
[2019-03-09T19:56:10.920+0000][42849][safepoint    ] Application time: 0.0384264 seconds
[2019-03-09T19:56:10.920+0000][42849][safepoint    ] Total time for which application threads were stopped: 0.0000993 seconds, Stopping threads took: 0.0000029 seconds
[2019-03-09T19:56:10.984+0000][42849][safepoint    ] Application time: 0.0638049 seconds
[2019-03-09T19:56:10.987+0000][42849][safepoint    ] Total time for which application threads were stopped: 0.0024274 seconds, Stopping threads took: 0.0022984 seconds
[2019-03-09T19:56:11.065+0000][42849][safepoint    ] Application time: 0.0781596 seconds
[2019-03-09T19:56:11.065+0000][42849][safepoint    ] Total time for which application threads were stopped: 0.0001761 seconds, Stopping threads took: 0.0000036 seconds
[2019-03-09T19:56:11.523+0000][42849][safepoint    ] Application time: 0.4580949 seconds
[2019-03-09T19:56:11.523+0000][42849][safepoint    ] Total time for which application threads were stopped: 0.0001614 seconds, Stopping threads took: 0.0000032 seconds
[2019-03-09T19:56:11.549+0000][42849][safepoint    ] Application time: 0.0260408 seconds
[2019-03-09T19:56:11.549+0000][42849][safepoint    ] Total time for which application threads were stopped: 0.0001800 seconds, Stopping threads took: 0.0000361 seconds
[2019-03-09T19:56:11.580+0000][42849][safepoint    ] Application time: 0.0309195 seconds
[2019-03-09T19:56:11.581+0000][42849][safepoint    ] Total time for which application threads were stopped: 0.0001701 seconds, Stopping threads took: 0.0000027 seconds
[2019-03-09T19:56:11.605+0000][42849][safepoint    ] Application time: 0.0239082 seconds
[2019-03-09T19:56:11.605+0000][42849][safepoint    ] Total time for which application threads were stopped: 0.0001223 seconds, Stopping threads took: 0.0000026 seconds
[2019-03-09T19:56:11.653+0000][42849][safepoint    ] Application time: 0.0478753 seconds
[2019-03-09T19:56:11.653+0000][42849][safepoint    ] Total time for which application threads were stopped: 0.0001600 seconds, Stopping threads took: 0.0000108 seconds
[2019-03-09T19:56:11.653+0000][42849][gc           ] GC(1) Concurrent Abortable Preclean 1272.420ms
[2019-03-09T19:56:11.653+0000][42849][gc,cpu       ] GC(1) User=3.70s Sys=0.09s Real=1.27s
[2019-03-09T19:56:11.653+0000][42849][safepoint    ] Application time: 0.0000395 seconds
[2019-03-09T19:56:11.653+0000][42849][gc,start     ] GC(1) Pause Remark
[2019-03-09T19:56:11.683+0000][42849][gc           ] GC(1) Pause Remark 143M->143M(990M) 30.208ms
[2019-03-09T19:56:11.683+0000][42849][gc,cpu       ] GC(1) User=0.11s Sys=0.00s Real=0.03s
[2019-03-09T19:56:11.683+0000][42849][safepoint    ] Total time for which application threads were stopped: 0.0303518 seconds, Stopping threads took: 0.0000852 seconds
[2019-03-09T19:56:11.683+0000][42849][gc           ] GC(1) Concurrent Sweep
[2019-03-09T19:56:11.683+0000][42849][gc           ] GC(1) Concurrent Sweep 0.017ms
[2019-03-09T19:56:11.683+0000][42849][gc,cpu       ] GC(1) User=0.00s Sys=0.00s Real=0.00s
[2019-03-09T19:56:11.683+0000][42849][gc           ] GC(1) Concurrent Reset
[2019-03-09T19:56:11.684+0000][42849][gc           ] GC(1) Concurrent Reset 0.382ms
[2019-03-09T19:56:11.684+0000][42849][gc,cpu       ] GC(1) User=0.00s Sys=0.00s Real=0.00s
[2019-03-09T19:56:11.684+0000][42849][gc,heap      ] GC(1) Old: 0K->0K(707840K)
[2019-03-09T19:56:11.798+0000][42849][safepoint    ] Application time: 0.1151917 seconds
[2019-03-09T19:56:11.798+0000][42849][safepoint    ] Total time for which application threads were stopped: 0.0000599 seconds, Stopping threads took: 0.0000106 seconds
[2019-03-09T19:56:12.116+0000][42849][safepoint    ] Application time: 0.3176913 seconds
[2019-03-09T19:56:12.116+0000][42849][safepoint    ] Total time for which application threads were stopped: 0.0002792 seconds, Stopping threads took: 0.0000025 seconds
[2019-03-09T19:56:12.119+0000][42849][safepoint    ] Application time: 0.0024354 seconds
[2019-03-09T19:56:12.119+0000][42849][safepoint    ] Total time for which application threads were stopped: 0.0002653 seconds, Stopping threads took: 0.0000028 seconds
[2019-03-09T19:56:12.155+0000][42849][safepoint    ] Application time: 0.0357979 seconds
[2019-03-09T19:56:12.155+0000][42849][safepoint    ] Total time for which application threads were stopped: 0.0000858 seconds, Stopping threads took: 0.0000025 seconds
[2019-03-09T19:56:12.539+0000][42849][safepoint    ] Application time: 0.3842371 seconds
[2019-03-09T19:56:12.540+0000][42849][safepoint    ] Total time for which application threads were stopped: 0.0001622 seconds, Stopping threads took: 0.0000775 seconds
[2019-03-09T19:56:12.540+0000][42849][safepoint    ] Application time: 0.0000537 seconds
[2019-03-09T19:56:12.540+0000][42849][safepoint    ] Total time for which application threads were stopped: 0.0000755 seconds, Stopping threads took: 0.0000450 seconds
[2019-03-09T19:56:12.892+0000][42849][safepoint    ] Application time: 0.3521553 seconds
[2019-03-09T19:56:12.892+0000][42849][safepoint    ] Total time for which application threads were stopped: 0.0001100 seconds, Stopping threads took: 0.0000021 seconds
[2019-03-09T19:56:12.936+0000][42849][safepoint    ] Application time: 0.0442222 seconds
[2019-03-09T19:56:12.936+0000][42849][safepoint    ] Total time for which application threads were stopped: 0.0002907 seconds, Stopping threads took: 0.0000019 seconds
[2019-03-09T19:56:13.114+0000][42849][safepoint    ] Application time: 0.1770432 seconds
[2019-03-09T19:56:13.114+0000][42849][safepoint    ] Total time for which application threads were stopped: 0.0006836 seconds, Stopping threads took: 0.0000083 seconds
[2019-03-09T19:56:13.124+0000][42849][safepoint    ] Application time: 0.0100334 seconds
[2019-03-09T19:56:13.125+0000][42849][safepoint    ] Total time for which application threads were stopped: 0.0002913 seconds, Stopping threads took: 0.0000029 seconds
[2019-03-09T19:56:13.132+0000][42849][safepoint    ] Application time: 0.0072963 seconds
[2019-03-09T19:56:13.132+0000][42849][safepoint    ] Total time for which application threads were stopped: 0.0001600 seconds, Stopping threads took: 0.0000028 seconds
[2019-03-09T19:56:13.153+0000][42849][safepoint    ] Application time: 0.0209580 seconds
[2019-03-09T19:56:13.153+0000][42849][safepoint    ] Total time for which application threads were stopped: 0.0001471 seconds, Stopping threads took: 0.0000031 seconds
[2019-03-09T19:56:13.182+0000][42849][safepoint    ] Application time: 0.0292148 seconds
[2019-03-09T19:56:13.183+0000][42849][safepoint    ] Total time for which application threads were stopped: 0.0001431 seconds, Stopping threads took: 0.0000083 seconds
[2019-03-09T19:56:13.210+0000][42849][safepoint    ] Application time: 0.0271096 seconds
[2019-03-09T19:56:13.210+0000][42849][safepoint    ] Total time for which application threads were stopped: 0.0003435 seconds, Stopping threads took: 0.0000029 seconds
[2019-03-09T19:56:13.225+0000][42849][safepoint    ] Application time: 0.0150985 seconds
[2019-03-09T19:56:13.225+0000][42849][safepoint    ] Total time for which application threads were stopped: 0.0001376 seconds, Stopping threads took: 0.0000023 seconds
[2019-03-09T19:56:13.235+0000][42849][safepoint    ] Application time: 0.0094799 seconds
[2019-03-09T19:56:13.235+0000][42849][safepoint    ] Total time for which application threads were stopped: 0.0000531 seconds, Stopping threads took: 0.0000017 seconds
[2019-03-09T19:56:13.237+0000][42849][safepoint    ] Application time: 0.0015954 seconds
[2019-03-09T19:56:13.237+0000][42849][safepoint    ] Total time for which application threads were stopped: 0.0003113 seconds, Stopping threads took: 0.0000018 seconds
[2019-03-09T19:56:13.240+0000][42849][safepoint    ] Application time: 0.0029576 seconds
[2019-03-09T19:56:13.240+0000][42849][safepoint    ] Total time for which application threads were stopped: 0.0001141 seconds, Stopping threads took: 0.0000020 seconds
[2019-03-09T19:56:13.246+0000][42849][safepoint    ] Application time: 0.0063129 seconds
[2019-03-09T19:56:13.246+0000][42849][safepoint    ] Total time for which application threads were stopped: 0.0000904 seconds, Stopping threads took: 0.0000319 seconds
[2019-03-09T19:56:13.247+0000][42849][safepoint    ] Application time: 0.0003631 seconds
[2019-03-09T19:56:13.247+0000][42849][safepoint    ] Total time for which application threads were stopped: 0.0000970 seconds, Stopping threads took: 0.0000512 seconds
[2019-03-09T19:56:13.247+0000][42849][safepoint    ] Application time: 0.0001574 seconds
[2019-03-09T19:56:13.247+0000][42849][safepoint    ] Total time for which application threads were stopped: 0.0000247 seconds, Stopping threads took: 0.0000075 seconds
[2019-03-09T19:56:13.247+0000][42849][safepoint    ] Application time: 0.0003040 seconds
[2019-03-09T19:56:13.247+0000][42849][safepoint    ] Total time for which application threads were stopped: 0.0000168 seconds, Stopping threads took: 0.0000010 seconds
[2019-03-09T19:56:13.248+0000][42849][safepoint    ] Application time: 0.0000648 seconds
[2019-03-09T19:56:13.248+0000][42849][safepoint    ] Total time for which application threads were stopped: 0.0000160 seconds, Stopping threads took: 0.0000008 seconds
[2019-03-09T19:56:13.248+0000][42849][safepoint    ] Application time: 0.0000618 seconds
[2019-03-09T19:56:13.248+0000][42849][safepoint    ] Total time for which application threads were stopped: 0.0000171 seconds, Stopping threads took: 0.0000008 seconds
[2019-03-09T19:56:13.248+0000][42849][safepoint    ] Application time: 0.0000157 seconds
[2019-03-09T19:56:13.248+0000][42849][safepoint    ] Total time for which application threads were stopped: 0.0000150 seconds, Stopping threads took: 0.0000007 seconds
[2019-03-09T19:56:13.248+0000][42849][safepoint    ] Application time: 0.0000316 seconds
[2019-03-09T19:56:13.248+0000][42849][safepoint    ] Total time for which application threads were stopped: 0.0000136 seconds, Stopping threads took: 0.0000006 seconds
[2019-03-09T19:56:13.248+0000][42849][safepoint    ] Application time: 0.0000137 seconds
[2019-03-09T19:56:13.248+0000][42849][safepoint    ] Total time for which application threads were stopped: 0.0000126 seconds, Stopping threads took: 0.0000006 seconds
[2019-03-09T19:56:13.248+0000][42849][safepoint    ] Application time: 0.0000293 seconds
[2019-03-09T19:56:13.248+0000][42849][safepoint    ] Total time for which application threads were stopped: 0.0000127 seconds, Stopping threads took: 0.0000007 seconds
[2019-03-09T19:56:13.248+0000][42849][safepoint    ] Application time: 0.0000119 seconds
[2019-03-09T19:56:13.248+0000][42849][safepoint    ] Total time for which application threads were stopped: 0.0000115 seconds, Stopping threads took: 0.0000005 seconds
[2019-03-09T19:56:13.248+0000][42849][safepoint    ] Application time: 0.0000125 seconds
[2019-03-09T19:56:13.248+0000][42849][safepoint    ] Total time for which application threads were stopped: 0.0000148 seconds, Stopping threads took: 0.0000007 seconds
[2019-03-09T19:56:13.248+0000][42849][safepoint    ] Application time: 0.0000301 seconds
[2019-03-09T19:56:13.248+0000][42849][safepoint    ] Total time for which application threads were stopped: 0.0000149 seconds, Stopping threads took: 0.0000008 seconds
[2019-03-09T19:56:13.248+0000][42849][safepoint    ] Application time: 0.0000125 seconds
[2019-03-09T19:56:13.248+0000][42849][safepoint    ] Total time for which application threads were stopped: 0.0000279 seconds, Stopping threads took: 0.0000007 seconds
[2019-03-09T19:56:13.248+0000][42849][safepoint    ] Application time: 0.0000166 seconds
[2019-03-09T19:56:13.248+0000][42849][safepoint    ] Total time for which application threads were stopped: 0.0000179 seconds, Stopping threads took: 0.0000010 seconds
[2019-03-09T19:56:13.248+0000][42849][safepoint    ] Application time: 0.0000309 seconds
[2019-03-09T19:56:13.248+0000][42849][safepoint    ] Total time for which application threads were stopped: 0.0000137 seconds, Stopping threads took: 0.0000007 seconds
[2019-03-09T19:56:13.248+0000][42849][safepoint    ] Application time: 0.0000135 seconds
[2019-03-09T19:56:13.248+0000][42849][safepoint    ] Total time for which application threads were stopped: 0.0000151 seconds, Stopping threads took: 0.0000009 seconds
[2019-03-09T19:56:13.248+0000][42849][safepoint    ] Application time: 0.0000313 seconds
[2019-03-09T19:56:13.248+0000][42849][safepoint    ] Total time for which application threads were stopped: 0.0000140 seconds, Stopping threads took: 0.0000007 seconds
[2019-03-09T19:56:13.248+0000][42849][safepoint    ] Application time: 0.0000128 seconds
[2019-03-09T19:56:13.248+0000][42849][safepoint    ] Total time for which application threads were stopped: 0.0000134 seconds, Stopping threads took: 0.0000007 seconds
[2019-03-09T19:56:13.248+0000][42849][safepoint    ] Application time: 0.0000249 seconds
[2019-03-09T19:56:13.248+0000][42849][safepoint    ] Total time for which application threads were stopped: 0.0000130 seconds, Stopping threads took: 0.0000008 seconds
[2019-03-09T19:56:13.248+0000][42849][safepoint    ] Application time: 0.0000125 seconds
[2019-03-09T19:56:13.248+0000][42849][safepoint    ] Total time for which application threads were stopped: 0.0000128 seconds, Stopping threads took: 0.0000007 seconds
[2019-03-09T19:56:13.248+0000][42849][safepoint    ] Application time: 0.0000302 seconds
[2019-03-09T19:56:13.248+0000][42849][safepoint    ] Total time for which application threads were stopped: 0.0000130 seconds, Stopping threads took: 0.0000007 seconds
[2019-03-09T19:56:13.248+0000][42849][safepoint    ] Application time: 0.0000127 seconds
[2019-03-09T19:56:13.248+0000][42849][safepoint    ] Total time for which application threads were stopped: 0.0000137 seconds, Stopping threads took: 0.0000008 seconds
[2019-03-09T19:56:13.249+0000][42849][safepoint    ] Application time: 0.0000312 seconds
[2019-03-09T19:56:13.249+0000][42849][safepoint    ] Total time for which application threads were stopped: 0.0000133 seconds, Stopping threads took: 0.0000007 seconds
[2019-03-09T19:56:13.249+0000][42849][safepoint    ] Application time: 0.0000127 seconds
[2019-03-09T19:56:13.249+0000][42849][safepoint    ] Total time for which application threads were stopped: 0.0000417 seconds, Stopping threads took: 0.0000008 seconds
[2019-03-09T19:56:13.249+0000][42849][safepoint    ] Application time: 0.0000862 seconds
[2019-03-09T19:56:13.249+0000][42849][safepoint    ] Total time for which application threads were stopped: 0.0000327 seconds, Stopping threads took: 0.0000011 seconds
[2019-03-09T19:56:13.249+0000][42849][safepoint    ] Application time: 0.0000163 seconds
[2019-03-09T19:56:13.249+0000][42849][safepoint    ] Total time for which application threads were stopped: 0.0000364 seconds, Stopping threads took: 0.0000009 seconds
[2019-03-09T19:56:13.249+0000][42849][safepoint    ] Application time: 0.0000278 seconds
[2019-03-09T19:56:13.249+0000][42849][safepoint    ] Total time for which application threads were stopped: 0.0000146 seconds, Stopping threads took: 0.0000007 seconds
[2019-03-09T19:56:13.249+0000][42849][safepoint    ] Application time: 0.0000178 seconds
[2019-03-09T19:56:13.249+0000][42849][safepoint    ] Total time for which application threads were stopped: 0.0000129 seconds, Stopping threads took: 0.0000007 seconds
[2019-03-09T19:56:13.249+0000][42849][safepoint    ] Application time: 0.0000478 seconds
[2019-03-09T19:56:13.249+0000][42849][safepoint    ] Total time for which application threads were stopped: 0.0000145 seconds, Stopping threads took: 0.0000008 seconds
[2019-03-09T19:56:13.249+0000][42849][safepoint    ] Application time: 0.0000143 seconds
[2019-03-09T19:56:13.249+0000][42849][safepoint    ] Total time for which application threads were stopped: 0.0000134 seconds, Stopping threads took: 0.0000005 seconds
[2019-03-09T19:56:13.249+0000][42849][safepoint    ] Application time: 0.0000830 seconds
[2019-03-09T19:56:13.249+0000][42849][safepoint    ] Total time for which application threads were stopped: 0.0000155 seconds, Stopping threads took: 0.0000007 seconds
[2019-03-09T19:56:13.249+0000][42849][safepoint    ] Application time: 0.0000283 seconds
[2019-03-09T19:56:13.249+0000][42849][safepoint    ] Total time for which application threads were stopped: 0.0000128 seconds, Stopping threads took: 0.0000010 seconds
[2019-03-09T19:56:13.249+0000][42849][safepoint    ] Application time: 0.0000129 seconds
[2019-03-09T19:56:13.249+0000][42849][safepoint    ] Total time for which application threads were stopped: 0.0000133 seconds, Stopping threads took: 0.0000008 seconds
[2019-03-09T19:56:13.249+0000][42849][safepoint    ] Application time: 0.0000300 seconds
[2019-03-09T19:56:13.249+0000][42849][safepoint    ] Total time for which application threads were stopped: 0.0000123 seconds, Stopping threads took: 0.0000007 seconds
[2019-03-09T19:56:13.249+0000][42849][safepoint    ] Application time: 0.0001298 seconds
[2019-03-09T19:56:13.249+0000][42849][safepoint    ] Total time for which application threads were stopped: 0.0000138 seconds, Stopping threads took: 0.0000007 seconds
[2019-03-09T19:56:13.249+0000][42849][safepoint    ] Application time: 0.0000494 seconds
[2019-03-09T19:56:13.249+0000][42849][safepoint    ] Total time for which application threads were stopped: 0.0000141 seconds, Stopping threads took: 0.0000008 seconds
[2019-03-09T19:56:13.250+0000][42849][safepoint    ] Application time: 0.0000751 seconds
[2019-03-09T19:56:13.250+0000][42849][safepoint    ] Total time for which application threads were stopped: 0.0000145 seconds, Stopping threads took: 0.0000008 seconds
[2019-03-09T19:56:13.250+0000][42849][safepoint    ] Application time: 0.0000143 seconds
[2019-03-09T19:56:13.250+0000][42849][safepoint    ] Total time for which application threads were stopped: 0.0000127 seconds, Stopping threads took: 0.0000007 seconds
[2019-03-09T19:56:13.250+0000][42849][safepoint    ] Application time: 0.0000316 seconds
[2019-03-09T19:56:13.250+0000][42849][safepoint    ] Total time for which application threads were stopped: 0.0000132 seconds, Stopping threads took: 0.0000007 seconds
[2019-03-09T19:56:13.250+0000][42849][safepoint    ] Application time: 0.0000143 seconds
[2019-03-09T19:56:13.250+0000][42849][safepoint    ] Total time for which application threads were stopped: 0.0000140 seconds, Stopping threads took: 0.0000007 seconds
[2019-03-09T19:56:13.250+0000][42849][safepoint    ] Application time: 0.0001521 seconds
[2019-03-09T19:56:13.250+0000][42849][safepoint    ] Total time for which application threads were stopped: 0.0000152 seconds, Stopping threads took: 0.0000008 seconds
[2019-03-09T19:56:13.250+0000][42849][safepoint    ] Application time: 0.0002134 seconds
[2019-03-09T19:56:13.250+0000][42849][safepoint    ] Total time for which application threads were stopped: 0.0000143 seconds, Stopping threads took: 0.0000008 seconds
[2019-03-09T19:56:13.250+0000][42849][safepoint    ] Application time: 0.0000459 seconds
[2019-03-09T19:56:13.250+0000][42849][safepoint    ] Total time for which application threads were stopped: 0.0000141 seconds, Stopping threads took: 0.0000007 seconds
[2019-03-09T19:56:13.250+0000][42849][safepoint    ] Application time: 0.0000176 seconds
[2019-03-09T19:56:13.250+0000][42849][safepoint    ] Total time for which application threads were stopped: 0.0000136 seconds, Stopping threads took: 0.0000007 seconds
[2019-03-09T19:56:13.251+0000][42849][safepoint    ] Application time: 0.0002887 seconds
[2019-03-09T19:56:13.251+0000][42849][safepoint    ] Total time for which application threads were stopped: 0.0000159 seconds, Stopping threads took: 0.0000008 seconds
[2019-03-09T19:56:13.251+0000][42849][safepoint    ] Application time: 0.0003075 seconds
[2019-03-09T19:56:13.251+0000][42849][safepoint    ] Total time for which application threads were stopped: 0.0000204 seconds, Stopping threads took: 0.0000011 seconds
[2019-03-09T19:56:13.251+0000][42849][safepoint    ] Application time: 0.0000557 seconds
[2019-03-09T19:56:13.251+0000][42849][safepoint    ] Total time for which application threads were stopped: 0.0000157 seconds, Stopping threads took: 0.0000008 seconds
[2019-03-09T19:56:13.252+0000][42849][safepoint    ] Application time: 0.0010974 seconds
[2019-03-09T19:56:13.252+0000][42849][safepoint    ] Total time for which application threads were stopped: 0.0000548 seconds, Stopping threads took: 0.0000278 seconds
[2019-03-09T19:56:13.252+0000][42849][safepoint    ] Application time: 0.0000198 seconds
[2019-03-09T19:56:13.252+0000][42849][safepoint    ] Total time for which application threads were stopped: 0.0000201 seconds, Stopping threads took: 0.0000084 seconds
[2019-03-09T19:56:13.252+0000][42849][safepoint    ] Application time: 0.0000165 seconds
[2019-03-09T19:56:13.252+0000][42849][safepoint    ] Total time for which application threads were stopped: 0.0000301 seconds, Stopping threads took: 0.0000007 seconds
[2019-03-09T19:56:13.252+0000][42849][safepoint    ] Application time: 0.0000121 seconds
[2019-03-09T19:56:13.252+0000][42849][safepoint    ] Total time for which application threads were stopped: 0.0000112 seconds, Stopping threads took: 0.0000005 seconds
[2019-03-09T19:56:13.252+0000][42849][safepoint    ] Application time: 0.0000124 seconds
[2019-03-09T19:56:13.252+0000][42849][safepoint    ] Total time for which application threads were stopped: 0.0000129 seconds, Stopping threads took: 0.0000007 seconds
[2019-03-09T19:56:13.252+0000][42849][safepoint    ] Application time: 0.0000132 seconds
[2019-03-09T19:56:13.252+0000][42849][safepoint    ] Total time for which application threads were stopped: 0.0000113 seconds, Stopping threads took: 0.0000007 seconds
[2019-03-09T19:56:13.252+0000][42849][safepoint    ] Application time: 0.0000122 seconds
[2019-03-09T19:56:13.252+0000][42849][safepoint    ] Total time for which application threads were stopped: 0.0000112 seconds, Stopping threads took: 0.0000006 seconds
[2019-03-09T19:56:13.252+0000][42849][safepoint    ] Application time: 0.0000131 seconds
[2019-03-09T19:56:13.252+0000][42849][safepoint    ] Total time for which application threads were stopped: 0.0000114 seconds, Stopping threads took: 0.0000007 seconds
[2019-03-09T19:56:13.253+0000][42849][safepoint    ] Application time: 0.0000122 seconds
[2019-03-09T19:56:13.253+0000][42849][safepoint    ] Total time for which application threads were stopped: 0.0000113 seconds, Stopping threads took: 0.0000006 seconds
[2019-03-09T19:56:13.253+0000][42849][safepoint    ] Application time: 0.0000128 seconds
[2019-03-09T19:56:13.253+0000][42849][safepoint    ] Total time for which application threads were stopped: 0.0000110 seconds, Stopping threads took: 0.0000007 seconds
[2019-03-09T19:56:13.253+0000][42849][safepoint    ] Application time: 0.0000119 seconds
[2019-03-09T19:56:13.253+0000][42849][safepoint    ] Total time for which application threads were stopped: 0.0000110 seconds, Stopping threads took: 0.0000006 seconds
[2019-03-09T19:56:13.253+0000][42849][safepoint    ] Application time: 0.0000122 seconds
[2019-03-09T19:56:13.253+0000][42849][safepoint    ] Total time for which application threads were stopped: 0.0000111 seconds, Stopping threads took: 0.0000007 seconds
[2019-03-09T19:56:13.253+0000][42849][safepoint    ] Application time: 0.0000127 seconds
[2019-03-09T19:56:13.253+0000][42849][safepoint    ] Total time for which application threads were stopped: 0.0000162 seconds, Stopping threads took: 0.0000010 seconds
[2019-03-09T19:56:13.253+0000][42849][safepoint    ] Application time: 0.0000166 seconds
[2019-03-09T19:56:13.253+0000][42849][safepoint    ] Total time for which application threads were stopped: 0.0000240 seconds, Stopping threads took: 0.0000013 seconds
[2019-03-09T19:56:13.253+0000][42849][safepoint    ] Application time: 0.0000181 seconds
[2019-03-09T19:56:13.253+0000][42849][safepoint    ] Total time for which application threads were stopped: 0.0000194 seconds, Stopping threads took: 0.0000010 seconds
[2019-03-09T19:56:13.253+0000][42849][safepoint    ] Application time: 0.0000171 seconds
[2019-03-09T19:56:13.253+0000][42849][safepoint    ] Total time for which application threads were stopped: 0.0000199 seconds, Stopping threads took: 0.0000010 seconds
[2019-03-09T19:56:13.253+0000][42849][safepoint    ] Application time: 0.0000161 seconds
[2019-03-09T19:56:13.253+0000][42849][safepoint    ] Total time for which application threads were stopped: 0.0000185 seconds, Stopping threads took: 0.0000011 seconds
[2019-03-09T19:56:13.253+0000][42849][safepoint    ] Application time: 0.0000186 seconds
[2019-03-09T19:56:13.253+0000][42849][safepoint    ] Total time for which application threads were stopped: 0.0000173 seconds, Stopping threads took: 0.0000010 seconds
[2019-03-09T19:56:13.253+0000][42849][safepoint    ] Application time: 0.0000153 seconds
[2019-03-09T19:56:13.253+0000][42849][safepoint    ] Total time for which application threads were stopped: 0.0000198 seconds, Stopping threads took: 0.0000012 seconds
[2019-03-09T19:56:13.253+0000][42849][safepoint    ] Application time: 0.0000404 seconds
[2019-03-09T19:56:13.253+0000][42849][safepoint    ] Total time for which application threads were stopped: 0.0000495 seconds, Stopping threads took: 0.0000052 seconds
[2019-03-09T19:56:13.253+0000][42849][safepoint    ] Application time: 0.0002097 seconds
[2019-03-09T19:56:13.253+0000][42849][safepoint    ] Total time for which application threads were stopped: 0.0000889 seconds, Stopping threads took: 0.0000529 seconds
[2019-03-09T19:56:13.253+0000][42849][safepoint    ] Application time: 0.0000273 seconds
[2019-03-09T19:56:13.254+0000][42849][safepoint    ] Total time for which application threads were stopped: 0.0001565 seconds, Stopping threads took: 0.0001364 seconds
[2019-03-09T19:56:13.255+0000][42849][safepoint    ] Application time: 0.0010868 seconds
[2019-03-09T19:56:13.255+0000][42849][safepoint    ] Total time for which application threads were stopped: 0.0001198 seconds, Stopping threads took: 0.0000972 seconds
[2019-03-09T19:56:13.255+0000][42849][safepoint    ] Application time: 0.0000962 seconds
[2019-03-09T19:56:13.256+0000][42849][safepoint    ] Total time for which application threads were stopped: 0.0005539 seconds, Stopping threads took: 0.0005343 seconds
[2019-03-09T19:56:13.257+0000][42849][safepoint    ] Application time: 0.0012371 seconds
[2019-03-09T19:56:13.257+0000][42849][safepoint    ] Total time for which application threads were stopped: 0.0002850 seconds, Stopping threads took: 0.0000150 seconds
[2019-03-09T19:56:13.258+0000][42849][safepoint    ] Application time: 0.0007686 seconds
[2019-03-09T19:56:13.258+0000][42849][safepoint    ] Total time for which application threads were stopped: 0.0000430 seconds, Stopping threads took: 0.0000115 seconds
[2019-03-09T19:56:13.258+0000][42849][safepoint    ] Application time: 0.0000510 seconds
[2019-03-09T19:56:13.258+0000][42849][safepoint    ] Total time for which application threads were stopped: 0.0000264 seconds, Stopping threads took: 0.0000095 seconds
[2019-03-09T19:56:13.258+0000][42849][safepoint    ] Application time: 0.0000389 seconds
[2019-03-09T19:56:13.258+0000][42849][safepoint    ] Total time for which application threads were stopped: 0.0000223 seconds, Stopping threads took: 0.0000076 seconds
[2019-03-09T19:56:13.258+0000][42849][safepoint    ] Application time: 0.0000485 seconds
[2019-03-09T19:56:13.258+0000][42849][safepoint    ] Total time for which application threads were stopped: 0.0000285 seconds, Stopping threads took: 0.0000138 seconds
[2019-03-09T19:56:13.258+0000][42849][safepoint    ] Application time: 0.0000678 seconds
[2019-03-09T19:56:13.258+0000][42849][safepoint    ] Total time for which application threads were stopped: 0.0000334 seconds, Stopping threads took: 0.0000156 seconds
[2019-03-09T19:56:13.271+0000][42849][safepoint    ] Application time: 0.0131064 seconds
[2019-03-09T19:56:13.272+0000][42849][safepoint    ] Total time for which application threads were stopped: 0.0002697 seconds, Stopping threads took: 0.0000031 seconds
[2019-03-09T19:56:13.278+0000][42849][safepoint    ] Application time: 0.0065295 seconds
[2019-03-09T19:56:13.278+0000][42849][safepoint    ] Total time for which application threads were stopped: 0.0001827 seconds, Stopping threads took: 0.0001514 seconds
[2019-03-09T19:56:13.279+0000][42849][safepoint    ] Application time: 0.0000586 seconds
[2019-03-09T19:56:13.279+0000][42849][safepoint    ] Total time for which application threads were stopped: 0.0001027 seconds, Stopping threads took: 0.0000863 seconds
[2019-03-09T19:56:13.279+0000][42849][safepoint    ] Application time: 0.0000555 seconds
[2019-03-09T19:56:13.279+0000][42849][safepoint    ] Total time for which application threads were stopped: 0.0000662 seconds, Stopping threads took: 0.0000467 seconds
[2019-03-09T19:56:13.279+0000][42849][safepoint    ] Application time: 0.0002204 seconds
[2019-03-09T19:56:13.279+0000][42849][safepoint    ] Total time for which application threads were stopped: 0.0001228 seconds, Stopping threads took: 0.0000978 seconds
[2019-03-09T19:56:13.279+0000][42849][safepoint    ] Application time: 0.0000219 seconds
[2019-03-09T19:56:13.279+0000][42849][safepoint    ] Total time for which application threads were stopped: 0.0001239 seconds, Stopping threads took: 0.0001118 seconds
[2019-03-09T19:56:13.279+0000][42849][safepoint    ] Application time: 0.0000386 seconds
[2019-03-09T19:56:13.279+0000][42849][safepoint    ] Total time for which application threads were stopped: 0.0000284 seconds, Stopping threads took: 0.0000098 seconds
[2019-03-09T19:56:13.279+0000][42849][safepoint    ] Application time: 0.0000216 seconds
[2019-03-09T19:56:13.280+0000][42849][safepoint    ] Total time for which application threads were stopped: 0.0000214 seconds, Stopping threads took: 0.0000013 seconds
[2019-03-09T19:56:13.280+0000][42849][safepoint    ] Application time: 0.0003466 seconds
[2019-03-09T19:56:13.280+0000][42849][safepoint    ] Total time for which application threads were stopped: 0.0000958 seconds, Stopping threads took: 0.0000630 seconds
[2019-03-09T19:56:13.280+0000][42849][safepoint    ] Application time: 0.0004848 seconds
[2019-03-09T19:56:13.281+0000][42849][safepoint    ] Total time for which application threads were stopped: 0.0000335 seconds, Stopping threads took: 0.0000136 seconds
[2019-03-09T19:56:13.281+0000][42849][safepoint    ] Application time: 0.0002186 seconds
[2019-03-09T19:56:13.281+0000][42849][safepoint    ] Total time for which application threads were stopped: 0.0000362 seconds, Stopping threads took: 0.0000191 seconds
[2019-03-09T19:56:13.281+0000][42849][safepoint    ] Application time: 0.0000216 seconds
[2019-03-09T19:56:13.281+0000][42849][safepoint    ] Total time for which application threads were stopped: 0.0000368 seconds, Stopping threads took: 0.0000232 seconds
[2019-03-09T19:56:13.281+0000][42849][safepoint    ] Application time: 0.0000810 seconds
[2019-03-09T19:56:13.281+0000][42849][safepoint    ] Total time for which application threads were stopped: 0.0001191 seconds, Stopping threads took: 0.0000672 seconds
[2019-03-09T19:56:13.282+0000][42849][safepoint    ] Application time: 0.0004672 seconds
[2019-03-09T19:56:13.282+0000][42849][safepoint    ] Total time for which application threads were stopped: 0.0000619 seconds, Stopping threads took: 0.0000222 seconds
[2019-03-09T19:56:13.282+0000][42849][safepoint    ] Application time: 0.0002273 seconds
[2019-03-09T19:56:13.282+0000][42849][safepoint    ] Total time for which application threads were stopped: 0.0000508 seconds, Stopping threads took: 0.0000276 seconds
[2019-03-09T19:56:13.282+0000][42849][safepoint    ] Application time: 0.0004057 seconds
[2019-03-09T19:56:13.282+0000][42849][safepoint    ] Total time for which application threads were stopped: 0.0000365 seconds, Stopping threads took: 0.0000144 seconds
[2019-03-09T19:56:13.283+0000][42849][safepoint    ] Application time: 0.0004389 seconds
[2019-03-09T19:56:13.283+0000][42849][safepoint    ] Total time for which application threads were stopped: 0.0000285 seconds, Stopping threads took: 0.0000105 seconds
[2019-03-09T19:56:13.283+0000][42849][safepoint    ] Application time: 0.0000454 seconds
[2019-03-09T19:56:13.283+0000][42849][safepoint    ] Total time for which application threads were stopped: 0.0000263 seconds, Stopping threads took: 0.0000112 seconds
[2019-03-09T19:56:13.283+0000][42849][safepoint    ] Application time: 0.0001946 seconds
[2019-03-09T19:56:13.283+0000][42849][safepoint    ] Total time for which application threads were stopped: 0.0000745 seconds, Stopping threads took: 0.0000450 seconds
[2019-03-09T19:56:13.283+0000][42849][safepoint    ] Application time: 0.0000598 seconds
[2019-03-09T19:56:13.283+0000][42849][safepoint    ] Total time for which application threads were stopped: 0.0000408 seconds, Stopping threads took: 0.0000190 seconds
[2019-03-09T19:56:13.283+0000][42849][safepoint    ] Application time: 0.0000174 seconds
[2019-03-09T19:56:13.284+0000][42849][safepoint    ] Total time for which application threads were stopped: 0.0000543 seconds, Stopping threads took: 0.0000375 seconds
[2019-03-09T19:56:13.284+0000][42849][safepoint    ] Application time: 0.0000182 seconds
[2019-03-09T19:56:13.284+0000][42849][safepoint    ] Total time for which application threads were stopped: 0.0000532 seconds, Stopping threads took: 0.0000340 seconds
[2019-03-09T19:56:13.284+0000][42849][safepoint    ] Application time: 0.0000185 seconds
[2019-03-09T19:56:13.284+0000][42849][safepoint    ] Total time for which application threads were stopped: 0.0000216 seconds, Stopping threads took: 0.0000081 seconds
[2019-03-09T19:56:13.285+0000][42849][safepoint    ] Application time: 0.0008073 seconds
[2019-03-09T19:56:13.285+0000][42849][safepoint    ] Total time for which application threads were stopped: 0.0000444 seconds, Stopping threads took: 0.0000035 seconds
[2019-03-09T19:56:13.285+0000][42849][safepoint    ] Application time: 0.0000187 seconds
[2019-03-09T19:56:13.285+0000][42849][safepoint    ] Total time for which application threads were stopped: 0.0000933 seconds, Stopping threads took: 0.0000713 seconds
[2019-03-09T19:56:13.285+0000][42849][safepoint    ] Application time: 0.0001360 seconds
[2019-03-09T19:56:13.285+0000][42849][safepoint    ] Total time for which application threads were stopped: 0.0000647 seconds, Stopping threads took: 0.0000367 seconds
[2019-03-09T19:56:13.285+0000][42849][safepoint    ] Application time: 0.0000535 seconds
[2019-03-09T19:56:13.285+0000][42849][safepoint    ] Total time for which application threads were stopped: 0.0000793 seconds, Stopping threads took: 0.0000587 seconds
[2019-03-09T19:56:13.285+0000][42849][safepoint    ] Application time: 0.0001491 seconds
[2019-03-09T19:56:13.285+0000][42849][safepoint    ] Total time for which application threads were stopped: 0.0000622 seconds, Stopping threads took: 0.0000309 seconds
[2019-03-09T19:56:13.286+0000][42849][safepoint    ] Application time: 0.0010658 seconds
[2019-03-09T19:56:13.286+0000][42849][safepoint    ] Total time for which application threads were stopped: 0.0000493 seconds, Stopping threads took: 0.0000275 seconds
[2019-03-09T19:56:13.287+0000][42849][safepoint    ] Application time: 0.0000230 seconds
[2019-03-09T19:56:13.287+0000][42849][safepoint    ] Total time for which application threads were stopped: 0.0000134 seconds, Stopping threads took: 0.0000013 seconds
[2019-03-09T19:56:13.288+0000][42849][safepoint    ] Application time: 0.0015754 seconds
[2019-03-09T19:56:13.288+0000][42849][safepoint    ] Total time for which application threads were stopped: 0.0000773 seconds, Stopping threads took: 0.0000279 seconds
[2019-03-09T19:56:13.290+0000][42849][safepoint    ] Application time: 0.0012646 seconds
[2019-03-09T19:56:13.290+0000][42849][safepoint    ] Total time for which application threads were stopped: 0.0000259 seconds, Stopping threads took: 0.0000064 seconds
[2019-03-09T19:56:13.290+0000][42849][safepoint    ] Application time: 0.0005369 seconds
[2019-03-09T19:56:13.290+0000][42849][safepoint    ] Total time for which application threads were stopped: 0.0000500 seconds, Stopping threads took: 0.0000133 seconds
[2019-03-09T19:56:13.291+0000][42849][safepoint    ] Application time: 0.0011002 seconds
[2019-03-09T19:56:13.291+0000][42849][safepoint    ] Total time for which application threads were stopped: 0.0001050 seconds, Stopping threads took: 0.0000563 seconds
[2019-03-09T19:56:13.292+0000][42849][safepoint    ] Application time: 0.0002016 seconds
[2019-03-09T19:56:13.292+0000][42849][gc,start     ] GC(2) Pause Young (Allocation Failure)
[2019-03-09T19:56:13.292+0000][42849][gc,task      ] GC(2) Using 4 workers of 4 for evacuation
[2019-03-09T19:56:13.322+0000][42849][gc,age       ] GC(2) Desired survivor size 17432576 bytes, new threshold 1 (max threshold 6)
[2019-03-09T19:56:13.322+0000][42849][gc,age       ] GC(2) Age table with threshold 1 (max threshold 6)
[2019-03-09T19:56:13.322+0000][42849][gc,age       ] GC(2) - age   1:   21583696 bytes,   21583696 total
[2019-03-09T19:56:13.322+0000][42849][gc,age       ] GC(2) - age   2:    6706096 bytes,   28289792 total
[2019-03-09T19:56:13.322+0000][42849][gc,heap      ] GC(2) ParNew: 280536K->30900K(306688K)
[2019-03-09T19:56:13.322+0000][42849][gc,heap      ] GC(2) CMS: 0K->0K(707840K)
[2019-03-09T19:56:13.322+0000][42849][gc,metaspace ] GC(2) Metaspace: 50569K->50569K(1095680K)
[2019-03-09T19:56:13.322+0000][42849][gc           ] GC(2) Pause Young (Allocation Failure) 273M->30M(990M) 30.384ms
[2019-03-09T19:56:13.322+0000][42849][gc,cpu       ] GC(2) User=0.09s Sys=0.00s Real=0.03s
[2019-03-09T19:56:13.322+0000][42849][safepoint    ] Total time for which application threads were stopped: 0.0304912 seconds, Stopping threads took: 0.0000188 seconds
[2019-03-09T19:56:13.323+0000][42849][safepoint    ] Application time: 0.0012500 seconds
[2019-03-09T19:56:13.323+0000][42849][safepoint    ] Total time for which application threads were stopped: 0.0000620 seconds, Stopping threads took: 0.0000044 seconds
[2019-03-09T19:56:13.323+0000][42849][safepoint    ] Application time: 0.0000191 seconds
[2019-03-09T19:56:13.324+0000][42849][gc,start     ] GC(3) Pause Initial Mark
[2019-03-09T19:56:13.333+0000][42849][gc           ] GC(3) Pause Initial Mark 45M->45M(990M) 9.788ms
[2019-03-09T19:56:13.333+0000][42849][gc,cpu       ] GC(3) User=0.03s Sys=0.00s Real=0.01s
[2019-03-09T19:56:13.333+0000][42849][safepoint    ] Total time for which application threads were stopped: 0.0098972 seconds, Stopping threads took: 0.0000261 seconds
[2019-03-09T19:56:13.334+0000][42849][safepoint    ] Application time: 0.0005455 seconds
[2019-03-09T19:56:13.334+0000][42849][safepoint    ] Total time for which application threads were stopped: 0.0000686 seconds, Stopping threads took: 0.0000140 seconds
[2019-03-09T19:56:13.334+0000][42849][gc           ] GC(3) Concurrent Mark
[2019-03-09T19:56:13.336+0000][42849][gc           ] GC(3) Concurrent Mark 2.292ms
[2019-03-09T19:56:13.336+0000][42849][gc,cpu       ] GC(3) User=0.01s Sys=0.00s Real=0.00s
[2019-03-09T19:56:13.336+0000][42849][safepoint    ] Application time: 0.0023800 seconds
[2019-03-09T19:56:13.337+0000][42849][safepoint    ] Total time for which application threads were stopped: 0.0002308 seconds, Stopping threads took: 0.0000215 seconds
[2019-03-09T19:56:13.337+0000][42849][gc           ] GC(3) Concurrent Preclean
[2019-03-09T19:56:13.337+0000][42849][safepoint    ] Application time: 0.0000966 seconds
[2019-03-09T19:56:13.337+0000][42849][safepoint    ] Total time for which application threads were stopped: 0.0001239 seconds, Stopping threads took: 0.0000545 seconds
[2019-03-09T19:56:13.337+0000][42849][safepoint    ] Application time: 0.0001704 seconds
[2019-03-09T19:56:13.337+0000][42849][safepoint    ] Total time for which application threads were stopped: 0.0000528 seconds, Stopping threads took: 0.0000024 seconds
[2019-03-09T19:56:13.338+0000][42849][gc           ] GC(3) Concurrent Preclean 1.238ms
[2019-03-09T19:56:13.338+0000][42849][safepoint    ] Application time: 0.0007895 seconds
[2019-03-09T19:56:13.338+0000][42849][gc,cpu       ] GC(3) User=0.00s Sys=0.00s Real=0.00s
[2019-03-09T19:56:13.338+0000][42849][safepoint    ] Total time for which application threads were stopped: 0.0000411 seconds, Stopping threads took: 0.0000037 seconds
[2019-03-09T19:56:13.338+0000][42849][gc           ] GC(3) Concurrent Abortable Preclean
[2019-03-09T19:56:13.338+0000][42849][safepoint    ] Application time: 0.0002735 seconds
[2019-03-09T19:56:13.339+0000][42849][safepoint    ] Total time for which application threads were stopped: 0.0002313 seconds, Stopping threads took: 0.0000417 seconds
[2019-03-09T19:56:13.339+0000][42849][safepoint    ] Application time: 0.0001159 seconds
[2019-03-09T19:56:13.339+0000][42849][safepoint    ] Total time for which application threads were stopped: 0.0002303 seconds, Stopping threads took: 0.0001846 seconds
[2019-03-09T19:56:13.339+0000][42849][safepoint    ] Application time: 0.0000300 seconds
[2019-03-09T19:56:13.339+0000][42849][safepoint    ] Total time for which application threads were stopped: 0.0000936 seconds, Stopping threads took: 0.0000690 seconds
[2019-03-09T19:56:13.339+0000][42849][safepoint    ] Application time: 0.0000616 seconds
[2019-03-09T19:56:13.339+0000][42849][safepoint    ] Total time for which application threads were stopped: 0.0000520 seconds, Stopping threads took: 0.0000108 seconds
[2019-03-09T19:56:13.339+0000][42849][safepoint    ] Application time: 0.0000613 seconds
[2019-03-09T19:56:13.339+0000][42849][safepoint    ] Total time for which application threads were stopped: 0.0000887 seconds, Stopping threads took: 0.0000463 seconds
[2019-03-09T19:56:13.339+0000][42849][safepoint    ] Application time: 0.0000427 seconds
[2019-03-09T19:56:13.340+0000][42849][safepoint    ] Total time for which application threads were stopped: 0.0000887 seconds, Stopping threads took: 0.0000340 seconds
[2019-03-09T19:56:13.340+0000][42849][safepoint    ] Application time: 0.0000481 seconds
[2019-03-09T19:56:13.340+0000][42849][safepoint    ] Total time for which application threads were stopped: 0.0001686 seconds, Stopping threads took: 0.0001280 seconds
[2019-03-09T19:56:13.340+0000][42849][safepoint    ] Application time: 0.0000507 seconds
[2019-03-09T19:56:13.340+0000][42849][safepoint    ] Total time for which application threads were stopped: 0.0000730 seconds, Stopping threads took: 0.0000364 seconds
[2019-03-09T19:56:13.340+0000][42849][safepoint    ] Application time: 0.0000514 seconds
[2019-03-09T19:56:13.340+0000][42849][safepoint    ] Total time for which application threads were stopped: 0.0000466 seconds, Stopping threads took: 0.0000067 seconds
[2019-03-09T19:56:13.340+0000][42849][safepoint    ] Application time: 0.0000503 seconds
[2019-03-09T19:56:13.340+0000][42849][safepoint    ] Total time for which application threads were stopped: 0.0001009 seconds, Stopping threads took: 0.0000789 seconds
[2019-03-09T19:56:13.341+0000][42849][safepoint    ] Application time: 0.0005410 seconds
[2019-03-09T19:56:13.341+0000][42849][safepoint    ] Total time for which application threads were stopped: 0.0000930 seconds, Stopping threads took: 0.0000218 seconds
[2019-03-09T19:56:13.342+0000][42849][safepoint    ] Application time: 0.0006449 seconds
[2019-03-09T19:56:13.342+0000][42849][safepoint    ] Total time for which application threads were stopped: 0.0001013 seconds, Stopping threads took: 0.0000435 seconds
[2019-03-09T19:56:13.343+0000][42849][safepoint    ] Application time: 0.0010206 seconds
[2019-03-09T19:56:13.343+0000][42849][safepoint    ] Total time for which application threads were stopped: 0.0000794 seconds, Stopping threads took: 0.0000246 seconds
[2019-03-09T19:56:13.343+0000][42849][safepoint    ] Application time: 0.0000533 seconds
[2019-03-09T19:56:13.343+0000][42849][safepoint    ] Total time for which application threads were stopped: 0.0000413 seconds, Stopping threads took: 0.0000073 seconds
[2019-03-09T19:56:13.343+0000][42849][safepoint    ] Application time: 0.0001892 seconds
[2019-03-09T19:56:13.343+0000][42849][safepoint    ] Total time for which application threads were stopped: 0.0000360 seconds, Stopping threads took: 0.0000120 seconds
[2019-03-09T19:56:13.344+0000][42849][safepoint    ] Application time: 0.0003908 seconds
[2019-03-09T19:56:13.344+0000][42849][safepoint    ] Total time for which application threads were stopped: 0.0000575 seconds, Stopping threads took: 0.0000161 seconds
[2019-03-09T19:56:13.345+0000][42849][safepoint    ] Application time: 0.0013233 seconds
[2019-03-09T19:56:13.345+0000][42849][safepoint    ] Total time for which application threads were stopped: 0.0001409 seconds, Stopping threads took: 0.0000367 seconds
[2019-03-09T19:56:13.345+0000][42849][safepoint    ] Application time: 0.0001150 seconds
[2019-03-09T19:56:13.346+0000][42849][safepoint    ] Total time for which application threads were stopped: 0.0002260 seconds, Stopping threads took: 0.0000230 seconds
[2019-03-09T19:56:13.347+0000][42849][safepoint    ] Application time: 0.0013726 seconds
[2019-03-09T19:56:13.347+0000][42849][safepoint    ] Total time for which application threads were stopped: 0.0001313 seconds, Stopping threads took: 0.0000250 seconds
[2019-03-09T19:56:13.347+0000][42849][safepoint    ] Application time: 0.0002554 seconds
[2019-03-09T19:56:13.347+0000][42849][safepoint    ] Total time for which application threads were stopped: 0.0000821 seconds, Stopping threads took: 0.0000151 seconds
[2019-03-09T19:56:13.348+0000][42849][safepoint    ] Application time: 0.0001565 seconds
[2019-03-09T19:56:13.348+0000][42849][safepoint    ] Total time for which application threads were stopped: 0.0001317 seconds, Stopping threads took: 0.0000675 seconds
[2019-03-09T19:56:13.348+0000][42849][safepoint    ] Application time: 0.0000527 seconds
[2019-03-09T19:56:13.348+0000][42849][safepoint    ] Total time for which application threads were stopped: 0.0000792 seconds, Stopping threads took: 0.0000098 seconds
[2019-03-09T19:56:13.349+0000][42849][safepoint    ] Application time: 0.0006888 seconds
[2019-03-09T19:56:13.349+0000][42849][safepoint    ] Total time for which application threads were stopped: 0.0003084 seconds, Stopping threads took: 0.0001914 seconds
[2019-03-09T19:56:13.349+0000][42849][safepoint    ] Application time: 0.0000809 seconds
[2019-03-09T19:56:13.349+0000][42849][safepoint    ] Total time for which application threads were stopped: 0.0001033 seconds, Stopping threads took: 0.0000562 seconds
[2019-03-09T19:56:13.350+0000][42849][safepoint    ] Application time: 0.0006203 seconds
[2019-03-09T19:56:13.350+0000][42849][safepoint    ] Total time for which application threads were stopped: 0.0001252 seconds, Stopping threads took: 0.0000587 seconds
[2019-03-09T19:56:13.350+0000][42849][safepoint    ] Application time: 0.0001520 seconds
[2019-03-09T19:56:13.350+0000][42849][safepoint    ] Total time for which application threads were stopped: 0.0000608 seconds, Stopping threads took: 0.0000190 seconds
[2019-03-09T19:56:13.352+0000][42849][safepoint    ] Application time: 0.0022885 seconds
[2019-03-09T19:56:13.353+0000][42849][safepoint    ] Total time for which application threads were stopped: 0.0000635 seconds, Stopping threads took: 0.0000173 seconds
[2019-03-09T19:56:13.353+0000][42849][safepoint    ] Application time: 0.0004362 seconds
[2019-03-09T19:56:13.353+0000][42849][safepoint    ] Total time for which application threads were stopped: 0.0000486 seconds, Stopping threads took: 0.0000030 seconds
[2019-03-09T19:56:13.355+0000][42849][safepoint    ] Application time: 0.0014140 seconds
[2019-03-09T19:56:13.355+0000][42849][safepoint    ] Total time for which application threads were stopped: 0.0001071 seconds, Stopping threads took: 0.0000164 seconds
[2019-03-09T19:56:13.355+0000][42849][safepoint    ] Application time: 0.0000881 seconds
[2019-03-09T19:56:13.355+0000][42849][safepoint    ] Total time for which application threads were stopped: 0.0001362 seconds, Stopping threads took: 0.0000914 seconds
[2019-03-09T19:56:13.356+0000][42849][safepoint    ] Application time: 0.0007501 seconds
[2019-03-09T19:56:13.356+0000][42849][safepoint    ] Total time for which application threads were stopped: 0.0003984 seconds, Stopping threads took: 0.0000105 seconds
[2019-03-09T19:56:13.360+0000][42849][safepoint    ] Application time: 0.0040528 seconds
[2019-03-09T19:56:13.360+0000][42849][safepoint    ] Total time for which application threads were stopped: 0.0000857 seconds, Stopping threads took: 0.0000151 seconds
[2019-03-09T19:56:13.360+0000][42849][safepoint    ] Application time: 0.0001967 seconds
[2019-03-09T19:56:13.361+0000][42849][safepoint    ] Total time for which application threads were stopped: 0.0000899 seconds, Stopping threads took: 0.0000137 seconds
[2019-03-09T19:56:13.361+0000][42849][safepoint    ] Application time: 0.0000709 seconds
[2019-03-09T19:56:13.361+0000][42849][safepoint    ] Total time for which application threads were stopped: 0.0000473 seconds, Stopping threads took: 0.0000107 seconds
[2019-03-09T19:56:13.361+0000][42849][safepoint    ] Application time: 0.0000405 seconds
[2019-03-09T19:56:13.361+0000][42849][safepoint    ] Total time for which application threads were stopped: 0.0000253 seconds, Stopping threads took: 0.0000017 seconds
[2019-03-09T19:56:13.361+0000][42849][safepoint    ] Application time: 0.0000203 seconds
[2019-03-09T19:56:13.361+0000][42849][safepoint    ] Total time for which application threads were stopped: 0.0000350 seconds, Stopping threads took: 0.0000016 seconds
[2019-03-09T19:56:13.364+0000][42849][safepoint    ] Application time: 0.0029899 seconds
[2019-03-09T19:56:13.364+0000][42849][safepoint    ] Total time for which application threads were stopped: 0.0001193 seconds, Stopping threads took: 0.0000731 seconds
[2019-03-09T19:56:13.364+0000][42849][safepoint    ] Application time: 0.0000535 seconds
[2019-03-09T19:56:13.364+0000][42849][safepoint    ] Total time for which application threads were stopped: 0.0000561 seconds, Stopping threads took: 0.0000128 seconds
[2019-03-09T19:56:13.364+0000][42849][safepoint    ] Application time: 0.0000622 seconds
[2019-03-09T19:56:13.364+0000][42849][safepoint    ] Total time for which application threads were stopped: 0.0000518 seconds, Stopping threads took: 0.0000077 seconds
[2019-03-09T19:56:13.364+0000][42849][safepoint    ] Application time: 0.0000487 seconds
[2019-03-09T19:56:13.364+0000][42849][safepoint    ] Total time for which application threads were stopped: 0.0000599 seconds, Stopping threads took: 0.0000027 seconds
[2019-03-09T19:56:13.365+0000][42849][safepoint    ] Application time: 0.0000540 seconds
[2019-03-09T19:56:13.365+0000][42849][safepoint    ] Total time for which application threads were stopped: 0.0000826 seconds, Stopping threads took: 0.0000382 seconds
[2019-03-09T19:56:13.365+0000][42849][safepoint    ] Application time: 0.0001519 seconds
[2019-03-09T19:56:13.366+0000][42849][safepoint    ] Total time for which application threads were stopped: 0.0008663 seconds, Stopping threads took: 0.0008244 seconds
[2019-03-09T19:56:13.366+0000][42849][safepoint    ] Application time: 0.0001053 seconds
[2019-03-09T19:56:13.366+0000][42849][safepoint    ] Total time for which application threads were stopped: 0.0000631 seconds, Stopping threads took: 0.0000118 seconds
[2019-03-09T19:56:13.366+0000][42849][safepoint    ] Application time: 0.0000745 seconds
[2019-03-09T19:56:13.366+0000][42849][safepoint    ] Total time for which application threads were stopped: 0.0000572 seconds, Stopping threads took: 0.0000110 seconds
[2019-03-09T19:56:13.370+0000][42849][safepoint    ] Application time: 0.0039418 seconds
[2019-03-09T19:56:13.370+0000][42849][safepoint    ] Total time for which application threads were stopped: 0.0000859 seconds, Stopping threads took: 0.0000038 seconds
[2019-03-09T19:56:13.373+0000][42849][safepoint    ] Application time: 0.0026898 seconds
[2019-03-09T19:56:13.373+0000][42849][safepoint    ] Total time for which application threads were stopped: 0.0002317 seconds, Stopping threads took: 0.0000915 seconds
[2019-03-09T19:56:13.373+0000][42849][safepoint    ] Application time: 0.0001590 seconds
[2019-03-09T19:56:13.373+0000][42849][safepoint    ] Total time for which application threads were stopped: 0.0000948 seconds, Stopping threads took: 0.0000463 seconds
[2019-03-09T19:56:13.374+0000][42849][safepoint    ] Application time: 0.0004483 seconds
[2019-03-09T19:56:13.374+0000][42849][safepoint    ] Total time for which application threads were stopped: 0.0001375 seconds, Stopping threads took: 0.0000673 seconds
[2019-03-09T19:56:13.374+0000][42849][safepoint    ] Application time: 0.0001389 seconds
[2019-03-09T19:56:13.374+0000][42849][safepoint    ] Total time for which application threads were stopped: 0.0000735 seconds, Stopping threads took: 0.0000161 seconds
[2019-03-09T19:56:13.375+0000][42849][safepoint    ] Application time: 0.0005827 seconds
[2019-03-09T19:56:13.375+0000][42849][safepoint    ] Total time for which application threads were stopped: 0.0001124 seconds, Stopping threads took: 0.0000591 seconds
[2019-03-09T19:56:13.375+0000][42849][safepoint    ] Application time: 0.0001679 seconds
[2019-03-09T19:56:13.375+0000][42849][safepoint    ] Total time for which application threads were stopped: 0.0000947 seconds, Stopping threads took: 0.0000490 seconds
[2019-03-09T19:56:13.375+0000][42849][safepoint    ] Application time: 0.0002683 seconds
[2019-03-09T19:56:13.376+0000][42849][safepoint    ] Total time for which application threads were stopped: 0.0000536 seconds, Stopping threads took: 0.0000132 seconds
[2019-03-09T19:56:14.113+0000][42849][safepoint    ] Application time: 0.7376599 seconds
[2019-03-09T19:56:14.113+0000][42849][safepoint    ] Total time for which application threads were stopped: 0.0000531 seconds, Stopping threads took: 0.0000086 seconds
[2019-03-09T19:56:14.113+0000][42849][safepoint    ] Application time: 0.0000504 seconds
[2019-03-09T19:56:14.113+0000][42849][safepoint    ] Total time for which application threads were stopped: 0.0000325 seconds, Stopping threads took: 0.0000041 seconds
[2019-03-09T19:56:14.113+0000][42849][safepoint    ] Application time: 0.0000765 seconds
[2019-03-09T19:56:14.114+0000][42849][safepoint    ] Total time for which application threads were stopped: 0.0000216 seconds, Stopping threads took: 0.0000021 seconds
[2019-03-09T19:56:14.114+0000][42849][safepoint    ] Application time: 0.0000681 seconds
[2019-03-09T19:56:14.114+0000][42849][safepoint    ] Total time for which application threads were stopped: 0.0000287 seconds, Stopping threads took: 0.0000033 seconds
[2019-03-09T19:56:14.114+0000][42849][safepoint    ] Application time: 0.0000345 seconds
[2019-03-09T19:56:14.114+0000][42849][safepoint    ] Total time for which application threads were stopped: 0.0000224 seconds, Stopping threads took: 0.0000022 seconds
[2019-03-09T19:56:14.114+0000][42849][safepoint    ] Application time: 0.0000287 seconds
[2019-03-09T19:56:14.114+0000][42849][safepoint    ] Total time for which application threads were stopped: 0.0000217 seconds, Stopping threads took: 0.0000022 seconds
[2019-03-09T19:56:14.114+0000][42849][safepoint    ] Application time: 0.0000271 seconds
[2019-03-09T19:56:14.114+0000][42849][safepoint    ] Total time for which application threads were stopped: 0.0000210 seconds, Stopping threads took: 0.0000021 seconds
[2019-03-09T19:56:14.114+0000][42849][safepoint    ] Application time: 0.0000257 seconds
[2019-03-09T19:56:14.114+0000][42849][safepoint    ] Total time for which application threads were stopped: 0.0000212 seconds, Stopping threads took: 0.0000021 seconds
[2019-03-09T19:56:14.291+0000][42849][safepoint    ] Application time: 0.1772197 seconds
[2019-03-09T19:56:14.291+0000][42849][safepoint    ] Total time for which application threads were stopped: 0.0000936 seconds, Stopping threads took: 0.0000136 seconds
[2019-03-09T19:56:14.295+0000][42849][safepoint    ] Application time: 0.0033142 seconds
[2019-03-09T19:56:14.295+0000][42849][safepoint    ] Total time for which application threads were stopped: 0.0001720 seconds, Stopping threads took: 0.0000390 seconds
[2019-03-09T19:56:14.295+0000][42849][safepoint    ] Application time: 0.0004283 seconds
[2019-03-09T19:56:14.296+0000][42849][safepoint    ] Total time for which application threads were stopped: 0.0002351 seconds, Stopping threads took: 0.0001501 seconds
[2019-03-09T19:56:14.296+0000][42849][safepoint    ] Application time: 0.0004005 seconds
[2019-03-09T19:56:14.296+0000][42849][safepoint    ] Total time for which application threads were stopped: 0.0002335 seconds, Stopping threads took: 0.0001328 seconds
[2019-03-09T19:56:14.298+0000][42849][safepoint    ] Application time: 0.0013007 seconds
[2019-03-09T19:56:14.298+0000][42849][safepoint    ] Total time for which application threads were stopped: 0.0002843 seconds, Stopping threads took: 0.0001592 seconds
[2019-03-09T19:56:14.300+0000][42849][safepoint    ] Application time: 0.0019640 seconds
[2019-03-09T19:56:14.300+0000][42849][safepoint    ] Total time for which application threads were stopped: 0.0001560 seconds, Stopping threads took: 0.0000333 seconds
[2019-03-09T19:56:14.301+0000][42849][safepoint    ] Application time: 0.0009857 seconds
[2019-03-09T19:56:14.301+0000][42849][safepoint    ] Total time for which application threads were stopped: 0.0001013 seconds, Stopping threads took: 0.0000463 seconds
[2019-03-09T19:56:14.302+0000][42849][safepoint    ] Application time: 0.0003470 seconds
[2019-03-09T19:56:14.302+0000][42849][safepoint    ] Total time for which application threads were stopped: 0.0000818 seconds, Stopping threads took: 0.0000376 seconds
[2019-03-09T19:56:14.302+0000][42849][safepoint    ] Application time: 0.0003631 seconds
[2019-03-09T19:56:14.302+0000][42849][safepoint    ] Total time for which application threads were stopped: 0.0001391 seconds, Stopping threads took: 0.0000847 seconds
[2019-03-09T19:56:15.290+0000][42849][safepoint    ] Application time: 0.9881701 seconds
[2019-03-09T19:56:15.291+0000][42849][safepoint    ] Total time for which application threads were stopped: 0.0000500 seconds, Stopping threads took: 0.0000091 seconds
[2019-03-09T19:56:15.293+0000][42849][safepoint    ] Application time: 0.0023429 seconds
[2019-03-09T19:56:15.293+0000][42849][safepoint    ] Total time for which application threads were stopped: 0.0003300 seconds, Stopping threads took: 0.0000688 seconds
[2019-03-09T19:56:15.294+0000][42849][safepoint    ] Application time: 0.0003582 seconds
[2019-03-09T19:56:15.294+0000][42849][safepoint    ] Total time for which application threads were stopped: 0.0003222 seconds, Stopping threads took: 0.0000711 seconds
[2019-03-09T19:56:15.295+0000][42849][safepoint    ] Application time: 0.0006313 seconds
[2019-03-09T19:56:15.295+0000][42849][safepoint    ] Total time for which application threads were stopped: 0.0003108 seconds, Stopping threads took: 0.0000213 seconds
[2019-03-09T19:56:15.297+0000][42849][safepoint    ] Application time: 0.0018469 seconds
[2019-03-09T19:56:15.297+0000][42849][safepoint    ] Total time for which application threads were stopped: 0.0003290 seconds, Stopping threads took: 0.0000185 seconds
[2019-03-09T19:56:16.294+0000][42849][safepoint    ] Application time: 0.9965596 seconds
[2019-03-09T19:56:16.294+0000][42849][safepoint    ] Total time for which application threads were stopped: 0.0000436 seconds, Stopping threads took: 0.0000062 seconds
[2019-03-09T19:56:16.294+0000][42849][safepoint    ] Application time: 0.0000673 seconds
[2019-03-09T19:56:16.294+0000][42849][safepoint    ] Total time for which application threads were stopped: 0.0000240 seconds, Stopping threads took: 0.0000025 seconds
[2019-03-09T19:56:16.304+0000][42849][safepoint    ] Application time: 0.0100138 seconds
[2019-03-09T19:56:16.304+0000][42849][safepoint    ] Total time for which application threads were stopped: 0.0002032 seconds, Stopping threads took: 0.0000070 seconds
[2019-03-09T19:56:16.307+0000][42849][safepoint    ] Application time: 0.0026406 seconds
[2019-03-09T19:56:16.307+0000][42849][safepoint    ] Total time for which application threads were stopped: 0.0000495 seconds, Stopping threads took: 0.0000081 seconds
[2019-03-09T19:56:16.307+0000][42849][safepoint    ] Application time: 0.0001345 seconds
[2019-03-09T19:56:16.307+0000][42849][safepoint    ] Total time for which application threads were stopped: 0.0000391 seconds, Stopping threads took: 0.0000034 seconds
[2019-03-09T19:56:16.314+0000][42849][safepoint    ] Application time: 0.0064953 seconds
[2019-03-09T19:56:16.314+0000][42849][safepoint    ] Total time for which application threads were stopped: 0.0001917 seconds, Stopping threads took: 0.0001087 seconds
[2019-03-09T19:56:16.314+0000][42849][safepoint    ] Application time: 0.0002072 seconds
[2019-03-09T19:56:16.314+0000][42849][safepoint    ] Total time for which application threads were stopped: 0.0001700 seconds, Stopping threads took: 0.0000568 seconds
[2019-03-09T19:56:16.315+0000][42849][safepoint    ] Application time: 0.0007893 seconds
[2019-03-09T19:56:16.315+0000][42849][safepoint    ] Total time for which application threads were stopped: 0.0000933 seconds, Stopping threads took: 0.0000509 seconds
[2019-03-09T19:56:16.318+0000][42849][safepoint    ] Application time: 0.0029081 seconds
[2019-03-09T19:56:16.318+0000][42849][safepoint    ] Total time for which application threads were stopped: 0.0001027 seconds, Stopping threads took: 0.0000079 seconds
[2019-03-09T19:56:16.318+0000][42849][safepoint    ] Application time: 0.0000345 seconds
[2019-03-09T19:56:16.318+0000][42849][safepoint    ] Total time for which application threads were stopped: 0.0000756 seconds, Stopping threads took: 0.0000085 seconds
[2019-03-09T19:56:16.318+0000][42849][safepoint    ] Application time: 0.0001174 seconds
[2019-03-09T19:56:16.319+0000][42849][safepoint    ] Total time for which application threads were stopped: 0.0002663 seconds, Stopping threads took: 0.0000397 seconds
[2019-03-09T19:56:16.323+0000][42849][safepoint    ] Application time: 0.0039760 seconds
[2019-03-09T19:56:16.323+0000][42849][safepoint    ] Total time for which application threads were stopped: 0.0001737 seconds, Stopping threads took: 0.0000922 seconds
[2019-03-09T19:56:16.323+0000][42849][safepoint    ] Application time: 0.0001176 seconds
[2019-03-09T19:56:16.323+0000][42849][safepoint    ] Total time for which application threads were stopped: 0.0000938 seconds, Stopping threads took: 0.0000597 seconds
[2019-03-09T19:56:16.324+0000][42849][safepoint    ] Application time: 0.0008133 seconds
[2019-03-09T19:56:16.324+0000][42849][safepoint    ] Total time for which application threads were stopped: 0.0001162 seconds, Stopping threads took: 0.0000473 seconds
[2019-03-09T19:56:16.324+0000][42849][safepoint    ] Application time: 0.0000828 seconds
[2019-03-09T19:56:16.324+0000][42849][safepoint    ] Total time for which application threads were stopped: 0.0000486 seconds, Stopping threads took: 0.0000104 seconds
[2019-03-09T19:56:16.325+0000][42849][safepoint    ] Application time: 0.0004787 seconds
[2019-03-09T19:56:16.325+0000][42849][safepoint    ] Total time for which application threads were stopped: 0.0000320 seconds, Stopping threads took: 0.0000034 seconds
[2019-03-09T19:56:16.327+0000][42849][safepoint    ] Application time: 0.0026085 seconds
[2019-03-09T19:56:16.328+0000][42849][safepoint    ] Total time for which application threads were stopped: 0.0000442 seconds, Stopping threads took: 0.0000095 seconds
[2019-03-09T19:56:17.330+0000][42849][safepoint    ] Application time: 1.0028308 seconds
[2019-03-09T19:56:17.330+0000][42849][safepoint    ] Total time for which application threads were stopped: 0.0000587 seconds, Stopping threads took: 0.0000127 seconds
[2019-03-09T19:56:18.330+0000][42849][safepoint    ] Application time: 1.0000650 seconds
[2019-03-09T19:56:18.331+0000][42849][safepoint    ] Total time for which application threads were stopped: 0.0000453 seconds, Stopping threads took: 0.0000109 seconds
[2019-03-09T19:56:18.391+0000][42849][gc           ] GC(3) Concurrent Abortable Preclean 5052.628ms
[2019-03-09T19:56:18.391+0000][42849][gc,cpu       ] GC(3) User=3.34s Sys=0.04s Real=5.06s
[2019-03-09T19:56:18.391+0000][42849][safepoint    ] Application time: 0.0600691 seconds
[2019-03-09T19:56:18.391+0000][42849][gc,start     ] GC(3) Pause Remark
[2019-03-09T19:56:18.412+0000][42849][gc           ] GC(3) Pause Remark 71M->71M(990M) 21.131ms
[2019-03-09T19:56:18.412+0000][42849][gc,cpu       ] GC(3) User=0.04s Sys=0.00s Real=0.02s
[2019-03-09T19:56:18.412+0000][42849][safepoint    ] Total time for which application threads were stopped: 0.0212661 seconds, Stopping threads took: 0.0000220 seconds
[2019-03-09T19:56:18.412+0000][42849][gc           ] GC(3) Concurrent Sweep
[2019-03-09T19:56:18.412+0000][42849][gc           ] GC(3) Concurrent Sweep 0.017ms
[2019-03-09T19:56:18.412+0000][42849][gc,cpu       ] GC(3) User=0.00s Sys=0.00s Real=0.00s
[2019-03-09T19:56:18.412+0000][42849][gc           ] GC(3) Concurrent Reset
[2019-03-09T19:56:18.412+0000][42849][gc           ] GC(3) Concurrent Reset 0.385ms
[2019-03-09T19:56:18.412+0000][42849][gc,cpu       ] GC(3) User=0.00s Sys=0.00s Real=0.00s
[2019-03-09T19:56:18.412+0000][42849][gc,heap      ] GC(3) Old: 0K->0K(707840K)
[2019-03-09T19:56:18.698+0000][42849][safepoint    ] Application time: 0.2861138 seconds
[2019-03-09T19:56:18.698+0000][42849][safepoint    ] Total time for which application threads were stopped: 0.0002186 seconds, Stopping threads took: 0.0000707 seconds
[2019-03-09T19:56:18.699+0000][42849][safepoint    ] Application time: 0.0004113 seconds
[2019-03-09T19:56:18.699+0000][42849][safepoint    ] Total time for which application threads were stopped: 0.0001612 seconds, Stopping threads took: 0.0000783 seconds
[2019-03-09T19:56:18.699+0000][42849][safepoint    ] Application time: 0.0001557 seconds
[2019-03-09T19:56:18.699+0000][42849][safepoint    ] Total time for which application threads were stopped: 0.0002559 seconds, Stopping threads took: 0.0001386 seconds
[2019-03-09T19:56:18.701+0000][42849][safepoint    ] Application time: 0.0010472 seconds
[2019-03-09T19:56:18.701+0000][42849][safepoint    ] Total time for which application threads were stopped: 0.0000823 seconds, Stopping threads took: 0.0000102 seconds
[2019-03-09T19:56:18.704+0000][42849][safepoint    ] Application time: 0.0029457 seconds
[2019-03-09T19:56:18.704+0000][42849][safepoint    ] Total time for which application threads were stopped: 0.0002191 seconds, Stopping threads took: 0.0000871 seconds
[2019-03-09T19:56:18.704+0000][42849][safepoint    ] Application time: 0.0001941 seconds
[2019-03-09T19:56:18.704+0000][42849][safepoint    ] Total time for which application threads were stopped: 0.0000882 seconds, Stopping threads took: 0.0000083 seconds
[2019-03-09T19:56:18.705+0000][42849][safepoint    ] Application time: 0.0004773 seconds
[2019-03-09T19:56:18.705+0000][42849][safepoint    ] Total time for which application threads were stopped: 0.0003005 seconds, Stopping threads took: 0.0000218 seconds
[2019-03-09T19:56:18.706+0000][42849][safepoint    ] Application time: 0.0011949 seconds
[2019-03-09T19:56:18.706+0000][42849][safepoint    ] Total time for which application threads were stopped: 0.0000728 seconds, Stopping threads took: 0.0000370 seconds
[2019-03-09T19:56:18.708+0000][42849][safepoint    ] Application time: 0.0011463 seconds
[2019-03-09T19:56:18.708+0000][42849][safepoint    ] Total time for which application threads were stopped: 0.0000456 seconds, Stopping threads took: 0.0000054 seconds
[2019-03-09T19:56:18.708+0000][42849][safepoint    ] Application time: 0.0000274 seconds
[2019-03-09T19:56:18.708+0000][42849][safepoint    ] Total time for which application threads were stopped: 0.0000226 seconds, Stopping threads took: 0.0000023 seconds
[2019-03-09T19:56:18.708+0000][42849][safepoint    ] Application time: 0.0000305 seconds
[2019-03-09T19:56:18.708+0000][42849][safepoint    ] Total time for which application threads were stopped: 0.0000480 seconds, Stopping threads took: 0.0000194 seconds
[2019-03-09T19:56:18.710+0000][42849][safepoint    ] Application time: 0.0017523 seconds
[2019-03-09T19:56:18.710+0000][42849][safepoint    ] Total time for which application threads were stopped: 0.0001205 seconds, Stopping threads took: 0.0000938 seconds
[2019-03-09T19:56:18.710+0000][42849][safepoint    ] Application time: 0.0000341 seconds
[2019-03-09T19:56:18.710+0000][42849][safepoint    ] Total time for which application threads were stopped: 0.0000357 seconds, Stopping threads took: 0.0000134 seconds
[2019-03-09T19:56:18.710+0000][42849][safepoint    ] Application time: 0.0001618 seconds
[2019-03-09T19:56:18.710+0000][42849][safepoint    ] Total time for which application threads were stopped: 0.0000548 seconds, Stopping threads took: 0.0000155 seconds
[2019-03-09T19:56:18.713+0000][42849][safepoint    ] Application time: 0.0026881 seconds
[2019-03-09T19:56:18.713+0000][42849][safepoint    ] Total time for which application threads were stopped: 0.0000933 seconds, Stopping threads took: 0.0000519 seconds
[2019-03-09T19:56:18.714+0000][42849][safepoint    ] Application time: 0.0008076 seconds
[2019-03-09T19:56:18.714+0000][42849][safepoint    ] Total time for which application threads were stopped: 0.0001948 seconds, Stopping threads took: 0.0000424 seconds
[2019-03-09T19:56:18.714+0000][42849][safepoint    ] Application time: 0.0000794 seconds
[2019-03-09T19:56:18.714+0000][42849][safepoint    ] Total time for which application threads were stopped: 0.0000583 seconds, Stopping threads took: 0.0000265 seconds
[2019-03-09T19:56:18.714+0000][42849][safepoint    ] Application time: 0.0000803 seconds
[2019-03-09T19:56:18.714+0000][42849][safepoint    ] Total time for which application threads were stopped: 0.0000791 seconds, Stopping threads took: 0.0000043 seconds
[2019-03-09T19:56:18.723+0000][42849][safepoint    ] Application time: 0.0085645 seconds
[2019-03-09T19:56:18.723+0000][42849][safepoint    ] Total time for which application threads were stopped: 0.0000676 seconds, Stopping threads took: 0.0000121 seconds
[2019-03-09T19:56:18.724+0000][42849][safepoint    ] Application time: 0.0009194 seconds
[2019-03-09T19:56:18.724+0000][42849][safepoint    ] Total time for which application threads were stopped: 0.0000653 seconds, Stopping threads took: 0.0000172 seconds
[2019-03-09T19:56:18.724+0000][42849][safepoint    ] Application time: 0.0000624 seconds
[2019-03-09T19:56:18.724+0000][42849][safepoint    ] Total time for which application threads were stopped: 0.0000145 seconds, Stopping threads took: 0.0000011 seconds
[2019-03-09T19:56:18.726+0000][42849][safepoint    ] Application time: 0.0017960 seconds
[2019-03-09T19:56:18.726+0000][42849][safepoint    ] Total time for which application threads were stopped: 0.0000283 seconds, Stopping threads took: 0.0000030 seconds
[2019-03-09T19:56:18.726+0000][42849][safepoint    ] Application time: 0.0001635 seconds
[2019-03-09T19:56:18.726+0000][42849][safepoint    ] Total time for which application threads were stopped: 0.0000164 seconds, Stopping threads took: 0.0000013 seconds
[2019-03-09T19:56:18.726+0000][42849][safepoint    ] Application time: 0.0001158 seconds
[2019-03-09T19:56:18.726+0000][42849][safepoint    ] Total time for which application threads were stopped: 0.0000257 seconds, Stopping threads took: 0.0000099 seconds
[2019-03-09T19:56:18.726+0000][42849][safepoint    ] Application time: 0.0001555 seconds
[2019-03-09T19:56:18.726+0000][42849][safepoint    ] Total time for which application threads were stopped: 0.0000250 seconds, Stopping threads took: 0.0000095 seconds
[2019-03-09T19:56:18.727+0000][42849][gc,heap,exit ] Heap
[2019-03-09T19:56:18.727+0000][42849][gc,heap,exit ]  par new generation   total 306688K, used 100503K [0x0000000780000000, 0x0000000794cc0000, 0x0000000794cc0000)
[2019-03-09T19:56:18.727+0000][42849][gc,heap,exit ]   eden space 272640K,  25% used [0x0000000780000000, 0x00000007843f8b80, 0x0000000790a40000)
[2019-03-09T19:56:18.727+0000][42849][gc,heap,exit ]   from space 34048K,  90% used [0x0000000790a40000, 0x000000079286d3c0, 0x0000000792b80000)
[2019-03-09T19:56:18.727+0000][42849][gc,heap,exit ]   to   space 34048K,   0% used [0x0000000792b80000, 0x0000000792b80000, 0x0000000794cc0000)
[2019-03-09T19:56:18.727+0000][42849][gc,heap,exit ]  concurrent mark-sweep generation total 707840K, used 0K [0x0000000794cc0000, 0x00000007c0000000, 0x00000007c0000000)
[2019-03-09T19:56:18.727+0000][42849][gc,heap,exit ]  Metaspace       used 51637K, capacity 53993K, committed 54600K, reserved 1095680K
[2019-03-09T19:56:18.727+0000][42849][gc,heap,exit ]   class space    used 6414K, capacity 7610K, committed 7736K, reserved 1048576K
[2019-03-09T19:56:18.727+0000][42849][safepoint    ] Application time: 0.0006853 seconds
